<?xml version="1.0" encoding="UTF-8"?>
<coverage generated="1778236069292" clover="3.2.0">
  <project timestamp="1778236069292" name="All files">
    <metrics statements="1923" coveredstatements="1599" conditionals="231" coveredconditionals="198" methods="53" coveredmethods="42" elements="2207" coveredelements="1839" complexity="0" loc="1923" ncloc="1923" packages="3" files="18" classes="18"/>
    <package name="src">
      <metrics statements="152" coveredstatements="127" conditionals="27" coveredconditionals="25" methods="5" coveredmethods="2"/>
      <file name="App.tsx" path="/tmp/mvp-v3-b634830a-da6f-446a-af22-0bb1762dc75c-eAQvD3/src/App.tsx">
        <metrics statements="139" coveredstatements="127" conditionals="26" coveredconditionals="25" methods="4" coveredmethods="2"/>
        <line num="1" count="1" type="stmt"/>
        <line num="2" count="1" type="stmt"/>
        <line num="3" count="1" type="stmt"/>
        <line num="5" count="1" type="cond" truecount="1" falsecount="0"/>
        <line num="6" count="1" type="cond" truecount="1" falsecount="0"/>
        <line num="7" count="1" type="stmt"/>
        <line num="9" count="1" type="cond" truecount="1" falsecount="0"/>
        <line num="10" count="1" type="cond" truecount="1" falsecount="0"/>
        <line num="11" count="1" type="stmt"/>
        <line num="13" count="1" type="cond" truecount="1" falsecount="0"/>
        <line num="14" count="1" type="cond" truecount="1" falsecount="0"/>
        <line num="15" count="1" type="stmt"/>
        <line num="16" count="1" type="cond" truecount="1" falsecount="0"/>
        <line num="17" count="1" type="cond" truecount="1" falsecount="0"/>
        <line num="18" count="1" type="stmt"/>
        <line num="19" count="1" type="cond" truecount="1" falsecount="0"/>
        <line num="20" count="1" type="cond" truecount="1" falsecount="0"/>
        <line num="21" count="1" type="stmt"/>
        <line num="22" count="1" type="cond" truecount="1" falsecount="0"/>
        <line num="23" count="1" type="cond" truecount="1" falsecount="0"/>
        <line num="24" count="1" type="stmt"/>
        <line num="25" count="1" type="cond" truecount="1" falsecount="0"/>
        <line num="26" count="1" type="cond" truecount="1" falsecount="0"/>
        <line num="27" count="1" type="stmt"/>
        <line num="28" count="1" type="stmt"/>
        <line num="29" count="1" type="stmt"/>
        <line num="30" count="1" type="cond" truecount="1" falsecount="0"/>
        <line num="31" count="1" type="cond" truecount="1" falsecount="0"/>
        <line num="32" count="1" type="stmt"/>
        <line num="33" count="1" type="cond" truecount="1" falsecount="0"/>
        <line num="34" count="1" type="cond" truecount="1" falsecount="0"/>
        <line num="35" count="1" type="stmt"/>
        <line num="36" count="1" type="cond" truecount="1" falsecount="0"/>
        <line num="37" count="1" type="cond" truecount="1" falsecount="0"/>
        <line num="38" count="1" type="stmt"/>
        <line num="40" count="8" type="cond" truecount="1" falsecount="0"/>
        <line num="41" count="8" type="stmt"/>
        <line num="42" count="8" type="stmt"/>
        <line num="43" count="8" type="stmt"/>
        <line num="44" count="8" type="stmt"/>
        <line num="45" count="8" type="stmt"/>
        <line num="46" count="8" type="stmt"/>
        <line num="47" count="8" type="cond" truecount="1" falsecount="0"/>
        <line num="48" count="24" type="stmt"/>
        <line num="49" count="8" type="stmt"/>
        <line num="50" count="8" type="stmt"/>
        <line num="51" count="8" type="stmt"/>
        <line num="52" count="8" type="stmt"/>
        <line num="54" count="8" type="stmt"/>
        <line num="56" count="0" type="stmt"/>
        <line num="57" count="0" type="stmt"/>
        <line num="58" count="0" type="stmt"/>
        <line num="59" count="0" type="stmt"/>
        <line num="60" count="0" type="stmt"/>
        <line num="61" count="0" type="stmt"/>
        <line num="62" count="0" type="stmt"/>
        <line num="63" count="0" type="stmt"/>
        <line num="65" count="0" type="stmt"/>
        <line num="67" count="1" type="cond" truecount="1" falsecount="0"/>
        <line num="68" count="6" type="stmt"/>
        <line num="71" count="6" type="cond" truecount="1" falsecount="0"/>
        <line num="72" count="6" type="cond" truecount="0" falsecount="1"/>
        <line num="73" count="0" type="stmt"/>
        <line num="74" count="0" type="stmt"/>
        <line num="75" count="0" type="stmt"/>
        <line num="76" count="6" type="stmt"/>
        <line num="77" count="6" type="stmt"/>
        <line num="78" count="6" type="stmt"/>
        <line num="79" count="6" type="stmt"/>
        <line num="81" count="6" type="cond" truecount="1" falsecount="0"/>
        <line num="82" count="6" type="stmt"/>
        <line num="83" count="6" type="stmt"/>
        <line num="84" count="6" type="stmt"/>
        <line num="85" count="6" type="stmt"/>
        <line num="87" count="6" type="stmt"/>
        <line num="88" count="6" type="stmt"/>
        <line num="89" count="6" type="stmt"/>
        <line num="90" count="6" type="stmt"/>
        <line num="91" count="6" type="stmt"/>
        <line num="92" count="6" type="stmt"/>
        <line num="94" count="6" type="stmt"/>
        <line num="95" count="6" type="stmt"/>
        <line num="96" count="6" type="stmt"/>
        <line num="97" count="6" type="stmt"/>
        <line num="98" count="6" type="stmt"/>
        <line num="99" count="6" type="stmt"/>
        <line num="100" count="6" type="stmt"/>
        <line num="101" count="6" type="stmt"/>
        <line num="102" count="6" type="stmt"/>
        <line num="103" count="6" type="stmt"/>
        <line num="104" count="6" type="stmt"/>
        <line num="105" count="6" type="stmt"/>
        <line num="106" count="6" type="stmt"/>
        <line num="107" count="6" type="stmt"/>
        <line num="108" count="6" type="stmt"/>
        <line num="109" count="6" type="stmt"/>
        <line num="110" count="6" type="stmt"/>
        <line num="111" count="6" type="stmt"/>
        <line num="112" count="6" type="stmt"/>
        <line num="113" count="6" type="stmt"/>
        <line num="114" count="6" type="stmt"/>
        <line num="115" count="6" type="stmt"/>
        <line num="116" count="6" type="stmt"/>
        <line num="117" count="6" type="stmt"/>
        <line num="118" count="6" type="stmt"/>
        <line num="119" count="6" type="stmt"/>
        <line num="120" count="6" type="stmt"/>
        <line num="121" count="6" type="stmt"/>
        <line num="122" count="6" type="stmt"/>
        <line num="123" count="6" type="stmt"/>
        <line num="124" count="6" type="stmt"/>
        <line num="125" count="6" type="stmt"/>
        <line num="126" count="6" type="stmt"/>
        <line num="127" count="6" type="stmt"/>
        <line num="128" count="6" type="stmt"/>
        <line num="129" count="6" type="stmt"/>
        <line num="130" count="6" type="stmt"/>
        <line num="131" count="6" type="stmt"/>
        <line num="132" count="6" type="stmt"/>
        <line num="133" count="6" type="stmt"/>
        <line num="134" count="6" type="stmt"/>
        <line num="135" count="6" type="stmt"/>
        <line num="136" count="6" type="stmt"/>
        <line num="137" count="6" type="stmt"/>
        <line num="138" count="6" type="stmt"/>
        <line num="139" count="6" type="stmt"/>
        <line num="140" count="6" type="stmt"/>
        <line num="141" count="6" type="stmt"/>
        <line num="142" count="6" type="stmt"/>
        <line num="143" count="6" type="stmt"/>
        <line num="144" count="6" type="stmt"/>
        <line num="145" count="6" type="stmt"/>
        <line num="146" count="6" type="stmt"/>
        <line num="147" count="6" type="stmt"/>
        <line num="148" count="6" type="stmt"/>
        <line num="149" count="6" type="stmt"/>
        <line num="150" count="6" type="stmt"/>
        <line num="151" count="6" type="stmt"/>
        <line num="153" count="6" type="stmt"/>
      </file>
      <file name="main.tsx" path="/tmp/mvp-v3-b634830a-da6f-446a-af22-0bb1762dc75c-eAQvD3/src/main.tsx">
        <metrics statements="13" coveredstatements="0" conditionals="1" coveredconditionals="0" methods="1" coveredmethods="0"/>
        <line num="1" count="0" type="cond" truecount="0" falsecount="1"/>
        <line num="2" count="0" type="stmt"/>
        <line num="3" count="0" type="stmt"/>
        <line num="4" count="0" type="stmt"/>
        <line num="6" count="0" type="stmt"/>
        <line num="7" count="0" type="stmt"/>
        <line num="8" count="0" type="stmt"/>
        <line num="9" count="0" type="stmt"/>
        <line num="11" count="0" type="stmt"/>
        <line num="12" count="0" type="stmt"/>
        <line num="13" count="0" type="stmt"/>
        <line num="14" count="0" type="stmt"/>
        <line num="15" count="0" type="stmt"/>
      </file>
    </package>
    <package name="src.components">
      <metrics statements="1649" coveredstatements="1359" conditionals="176" coveredconditionals="148" methods="41" coveredmethods="34"/>
      <file name="CTA.tsx" path="/tmp/mvp-v3-b634830a-da6f-446a-af22-0bb1762dc75c-eAQvD3/src/components/CTA.tsx">
        <metrics statements="128" coveredstatements="128" conditionals="23" coveredconditionals="22" methods="2" coveredmethods="2"/>
        <line num="1" count="1" type="stmt"/>
        <line num="3" count="1" type="stmt"/>
        <line num="5" count="1" type="cond" truecount="1" falsecount="0"/>
        <line num="6" count="45" type="stmt"/>
        <line num="7" count="45" type="stmt"/>
        <line num="8" count="45" type="stmt"/>
        <line num="10" count="45" type="cond" truecount="1" falsecount="0"/>
        <line num="12" count="45" type="cond" truecount="1" falsecount="0"/>
        <line num="13" count="3" type="stmt"/>
        <line num="14" count="3" type="cond" truecount="0" falsecount="1"/>
        <line num="15" count="3" type="cond" truecount="1" falsecount="0"/>
        <line num="16" count="2" type="stmt"/>
        <line num="17" count="2" type="cond" truecount="1" falsecount="0"/>
        <line num="18" count="1" type="stmt"/>
        <line num="19" count="45" type="stmt"/>
        <line num="21" count="45" type="stmt"/>
        <line num="22" count="45" type="cond" truecount="1" falsecount="0"/>
        <line num="23" count="9" type="stmt"/>
        <line num="24" count="9" type="stmt"/>
        <line num="26" count="9" type="cond" truecount="1" falsecount="0"/>
        <line num="27" count="1" type="stmt"/>
        <line num="28" count="1" type="stmt"/>
        <line num="29" count="9" type="stmt"/>
        <line num="30" count="45" type="stmt"/>
        <line num="31" count="45" type="stmt"/>
        <line num="33" count="45" type="stmt"/>
        <line num="34" count="45" type="cond" truecount="1" falsecount="0"/>
        <line num="35" count="8" type="stmt"/>
        <line num="36" count="8" type="stmt"/>
        <line num="38" count="8" type="cond" truecount="1" falsecount="0"/>
        <line num="39" count="2" type="stmt"/>
        <line num="40" count="2" type="stmt"/>
        <line num="41" count="2" type="cond" truecount="1" falsecount="0"/>
        <line num="43" count="8" type="cond" truecount="1" falsecount="0"/>
        <line num="44" count="2" type="stmt"/>
        <line num="45" count="2" type="stmt"/>
        <line num="46" count="2" type="cond" truecount="1" falsecount="0"/>
        <line num="48" count="4" type="stmt"/>
        <line num="49" count="4" type="stmt"/>
        <line num="50" count="8" type="stmt"/>
        <line num="51" count="45" type="stmt"/>
        <line num="52" count="45" type="stmt"/>
        <line num="54" count="45" type="stmt"/>
        <line num="55" count="45" type="stmt"/>
        <line num="56" count="45" type="stmt"/>
        <line num="57" count="45" type="stmt"/>
        <line num="58" count="45" type="stmt"/>
        <line num="60" count="45" type="stmt"/>
        <line num="61" count="45" type="stmt"/>
        <line num="62" count="45" type="stmt"/>
        <line num="63" count="45" type="cond" truecount="1" falsecount="0"/>
        <line num="64" count="4" type="stmt"/>
        <line num="65" count="4" type="stmt"/>
        <line num="66" count="4" type="stmt"/>
        <line num="67" count="4" type="stmt"/>
        <line num="68" count="4" type="stmt"/>
        <line num="69" count="4" type="stmt"/>
        <line num="70" count="4" type="stmt"/>
        <line num="71" count="4" type="stmt"/>
        <line num="72" count="4" type="stmt"/>
        <line num="73" count="4" type="stmt"/>
        <line num="75" count="4" type="stmt"/>
        <line num="76" count="4" type="stmt"/>
        <line num="77" count="4" type="stmt"/>
        <line num="79" count="4" type="stmt"/>
        <line num="80" count="4" type="stmt"/>
        <line num="81" count="4" type="stmt"/>
        <line num="82" count="4" type="stmt"/>
        <line num="84" count="4" type="stmt"/>
        <line num="85" count="4" type="stmt"/>
        <line num="86" count="4" type="stmt"/>
        <line num="87" count="4" type="cond" truecount="1" falsecount="0"/>
        <line num="89" count="41" type="stmt"/>
        <line num="90" count="41" type="stmt"/>
        <line num="91" count="41" type="stmt"/>
        <line num="92" count="41" type="stmt"/>
        <line num="93" count="41" type="stmt"/>
        <line num="95" count="41" type="stmt"/>
        <line num="96" count="41" type="stmt"/>
        <line num="99" count="41" type="stmt"/>
        <line num="101" count="41" type="stmt"/>
        <line num="102" count="41" type="stmt"/>
        <line num="103" count="41" type="stmt"/>
        <line num="104" count="41" type="stmt"/>
        <line num="105" count="41" type="stmt"/>
        <line num="107" count="41" type="stmt"/>
        <line num="108" count="41" type="stmt"/>
        <line num="110" count="41" type="stmt"/>
        <line num="111" count="41" type="stmt"/>
        <line num="112" count="41" type="stmt"/>
        <line num="113" count="41" type="stmt"/>
        <line num="114" count="41" type="stmt"/>
        <line num="115" count="41" type="stmt"/>
        <line num="116" count="41" type="cond" truecount="1" falsecount="0"/>
        <line num="117" count="2" type="stmt"/>
        <line num="118" count="2" type="stmt"/>
        <line num="119" count="2" type="stmt"/>
        <line num="120" count="2" type="stmt"/>
        <line num="121" count="41" type="stmt"/>
        <line num="122" count="41" type="stmt"/>
        <line num="123" count="41" type="stmt"/>
        <line num="124" count="41" type="cond" truecount="2" falsecount="0"/>
        <line num="125" count="41" type="cond" truecount="2" falsecount="0"/>
        <line num="126" count="41" type="stmt"/>
        <line num="127" count="41" type="cond" truecount="1" falsecount="0"/>
        <line num="128" count="6" type="cond" truecount="1" falsecount="0"/>
        <line num="129" count="35" type="stmt"/>
        <line num="130" count="41" type="stmt"/>
        <line num="131" count="41" type="stmt"/>
        <line num="132" count="41" type="cond" truecount="1" falsecount="0"/>
        <line num="133" count="6" type="stmt"/>
        <line num="134" count="6" type="stmt"/>
        <line num="135" count="6" type="stmt"/>
        <line num="137" count="41" type="stmt"/>
        <line num="138" count="41" type="stmt"/>
        <line num="139" count="41" type="stmt"/>
        <line num="140" count="41" type="stmt"/>
        <line num="141" count="41" type="stmt"/>
        <line num="143" count="41" type="stmt"/>
        <line num="144" count="41" type="stmt"/>
        <line num="146" count="41" type="stmt"/>
        <line num="148" count="41" type="stmt"/>
        <line num="149" count="41" type="stmt"/>
        <line num="151" count="45" type="stmt"/>
        <line num="152" count="45" type="stmt"/>
        <line num="153" count="45" type="stmt"/>
        <line num="154" count="45" type="stmt"/>
        <line num="156" count="45" type="stmt"/>
      </file>
      <file name="EntropyVisualization.tsx" path="/tmp/mvp-v3-b634830a-da6f-446a-af22-0bb1762dc75c-eAQvD3/src/components/EntropyVisualization.tsx">
        <metrics statements="157" coveredstatements="108" conditionals="22" coveredconditionals="9" methods="4" coveredmethods="3"/>
        <line num="1" count="1" type="stmt"/>
        <line num="3" count="1" type="stmt"/>
        <line num="4" count="1" type="stmt"/>
        <line num="5" count="1" type="stmt"/>
        <line num="6" count="1" type="stmt"/>
        <line num="16" count="192" type="cond" truecount="1" falsecount="0"/>
        <line num="18" count="192" type="stmt"/>
        <line num="19" count="192" type="stmt"/>
        <line num="20" count="192" type="stmt"/>
        <line num="21" count="192" type="stmt"/>
        <line num="22" count="192" type="stmt"/>
        <line num="23" count="192" type="stmt"/>
        <line num="24" count="192" type="cond" truecount="0" falsecount="1"/>
        <line num="25" count="0" type="stmt"/>
        <line num="26" count="0" type="stmt"/>
        <line num="27" count="0" type="stmt"/>
        <line num="28" count="0" type="stmt"/>
        <line num="29" count="0" type="stmt"/>
        <line num="30" count="0" type="stmt"/>
        <line num="31" count="0" type="stmt"/>
        <line num="32" count="0" type="stmt"/>
        <line num="33" count="0" type="stmt"/>
        <line num="34" count="0" type="stmt"/>
        <line num="35" count="0" type="stmt"/>
        <line num="36" count="0" type="stmt"/>
        <line num="37" count="192" type="stmt"/>
        <line num="39" count="1" type="cond" truecount="1" falsecount="0"/>
        <line num="40" count="8" type="stmt"/>
        <line num="41" count="8" type="stmt"/>
        <line num="42" count="8" type="stmt"/>
        <line num="43" count="8" type="stmt"/>
        <line num="44" count="8" type="stmt"/>
        <line num="46" count="8" type="cond" truecount="1" falsecount="0"/>
        <line num="47" count="8" type="stmt"/>
        <line num="48" count="8" type="cond" truecount="0" falsecount="1"/>
        <line num="50" count="8" type="stmt"/>
        <line num="51" count="8" type="cond" truecount="0" falsecount="1"/>
        <line num="53" count="8" type="stmt"/>
        <line num="54" count="8" type="cond" truecount="0" falsecount="1"/>
        <line num="55" count="8" type="stmt"/>
        <line num="56" count="8" type="stmt"/>
        <line num="57" count="8" type="stmt"/>
        <line num="58" count="8" type="stmt"/>
        <line num="59" count="8" type="stmt"/>
        <line num="62" count="8" type="stmt"/>
        <line num="65" count="8" type="stmt"/>
        <line num="66" count="8" type="cond" truecount="1" falsecount="0"/>
        <line num="67" count="64" type="cond" truecount="1" falsecount="0"/>
        <line num="68" count="512" type="stmt"/>
        <line num="69" count="512" type="stmt"/>
        <line num="70" count="512" type="stmt"/>
        <line num="71" count="512" type="stmt"/>
        <line num="72" count="512" type="cond" truecount="0" falsecount="1"/>
        <line num="73" count="512" type="stmt"/>
        <line num="74" count="512" type="cond" truecount="0" falsecount="1"/>
        <line num="75" count="512" type="stmt"/>
        <line num="76" count="512" type="stmt"/>
        <line num="77" count="64" type="stmt"/>
        <line num="78" count="8" type="stmt"/>
        <line num="81" count="8" type="cond" truecount="0" falsecount="1"/>
        <line num="82" count="0" type="stmt"/>
        <line num="83" count="0" type="stmt"/>
        <line num="84" count="0" type="stmt"/>
        <line num="85" count="0" type="stmt"/>
        <line num="86" count="0" type="stmt"/>
        <line num="87" count="0" type="stmt"/>
        <line num="88" count="0" type="stmt"/>
        <line num="89" count="0" type="stmt"/>
        <line num="90" count="0" type="stmt"/>
        <line num="91" count="0" type="stmt"/>
        <line num="92" count="0" type="stmt"/>
        <line num="93" count="0" type="stmt"/>
        <line num="94" count="0" type="stmt"/>
        <line num="95" count="0" type="stmt"/>
        <line num="97" count="8" type="stmt"/>
        <line num="99" count="0" type="stmt"/>
        <line num="100" count="0" type="stmt"/>
        <line num="101" count="0" type="stmt"/>
        <line num="102" count="0" type="stmt"/>
        <line num="105" count="0" type="stmt"/>
        <line num="106" count="0" type="stmt"/>
        <line num="107" count="0" type="stmt"/>
        <line num="108" count="0" type="stmt"/>
        <line num="109" count="0" type="stmt"/>
        <line num="110" count="0" type="stmt"/>
        <line num="111" count="0" type="stmt"/>
        <line num="112" count="0" type="stmt"/>
        <line num="113" count="0" type="stmt"/>
        <line num="114" count="0" type="stmt"/>
        <line num="116" count="8" type="cond" truecount="1" falsecount="0"/>
        <line num="117" count="3" type="cond" truecount="0" falsecount="1"/>
        <line num="118" count="3" type="stmt"/>
        <line num="119" count="3" type="stmt"/>
        <line num="122" count="3" type="cond" truecount="0" falsecount="2"/>
        <line num="123" count="0" type="stmt"/>
        <line num="124" count="0" type="stmt"/>
        <line num="127" count="3" type="stmt"/>
        <line num="128" count="3" type="cond" truecount="0" falsecount="1"/>
        <line num="129" count="0" type="stmt"/>
        <line num="130" count="0" type="stmt"/>
        <line num="131" count="0" type="stmt"/>
        <line num="132" count="0" type="stmt"/>
        <line num="133" count="0" type="stmt"/>
        <line num="134" count="3" type="stmt"/>
        <line num="136" count="3" type="stmt"/>
        <line num="138" count="3" type="cond" truecount="1" falsecount="0"/>
        <line num="140" count="192" type="cond" truecount="1" falsecount="0"/>
        <line num="141" count="3" type="stmt"/>
        <line num="142" count="3" type="stmt"/>
        <line num="143" count="3" type="stmt"/>
        <line num="144" count="3" type="stmt"/>
        <line num="147" count="192" type="stmt"/>
        <line num="148" count="192" type="stmt"/>
        <line num="149" count="192" type="cond" truecount="0" falsecount="1"/>
        <line num="150" count="0" type="stmt"/>
        <line num="151" count="0" type="stmt"/>
        <line num="154" count="192" type="stmt"/>
        <line num="155" count="192" type="stmt"/>
        <line num="158" count="192" type="stmt"/>
        <line num="159" count="192" type="stmt"/>
        <line num="161" count="192" type="stmt"/>
        <line num="162" count="192" type="stmt"/>
        <line num="163" count="192" type="stmt"/>
        <line num="165" count="192" type="stmt"/>
        <line num="166" count="192" type="cond" truecount="0" falsecount="1"/>
        <line num="168" count="192" type="stmt"/>
        <line num="169" count="192" type="stmt"/>
        <line num="170" count="192" type="stmt"/>
        <line num="172" count="192" type="stmt"/>
        <line num="173" count="192" type="stmt"/>
        <line num="175" count="3" type="stmt"/>
        <line num="176" count="3" type="stmt"/>
        <line num="178" count="8" type="stmt"/>
        <line num="180" count="8" type="cond" truecount="1" falsecount="0"/>
        <line num="181" count="8" type="stmt"/>
        <line num="182" count="8" type="stmt"/>
        <line num="183" count="8" type="stmt"/>
        <line num="184" count="8" type="stmt"/>
        <line num="185" count="8" type="stmt"/>
        <line num="187" count="8" type="stmt"/>
        <line num="188" count="8" type="stmt"/>
        <line num="189" count="8" type="stmt"/>
        <line num="190" count="8" type="stmt"/>
        <line num="191" count="8" type="stmt"/>
        <line num="192" count="8" type="stmt"/>
        <line num="194" count="8" type="stmt"/>
        <line num="195" count="8" type="stmt"/>
        <line num="196" count="8" type="stmt"/>
        <line num="197" count="8" type="stmt"/>
        <line num="198" count="8" type="stmt"/>
        <line num="199" count="8" type="stmt"/>
        <line num="200" count="8" type="stmt"/>
        <line num="201" count="8" type="stmt"/>
        <line num="202" count="8" type="stmt"/>
        <line num="203" count="8" type="stmt"/>
        <line num="204" count="8" type="stmt"/>
        <line num="206" count="8" type="stmt"/>
      </file>
      <file name="ErrorBoundary.tsx" path="/tmp/mvp-v3-b634830a-da6f-446a-af22-0bb1762dc75c-eAQvD3/src/components/ErrorBoundary.tsx">
        <metrics statements="21" coveredstatements="21" conditionals="7" coveredconditionals="7" methods="4" coveredmethods="4"/>
        <line num="1" count="1" type="stmt"/>
        <line num="12" count="1" type="stmt"/>
        <line num="13" count="1" type="cond" truecount="1" falsecount="0"/>
        <line num="14" count="66" type="stmt"/>
        <line num="15" count="66" type="stmt"/>
        <line num="16" count="66" type="stmt"/>
        <line num="18" count="1" type="cond" truecount="1" falsecount="0"/>
        <line num="19" count="4" type="stmt"/>
        <line num="20" count="4" type="stmt"/>
        <line num="22" count="1" type="cond" truecount="1" falsecount="0"/>
        <line num="24" count="2" type="stmt"/>
        <line num="26" count="1" type="cond" truecount="1" falsecount="0"/>
        <line num="27" count="69" type="cond" truecount="1" falsecount="0"/>
        <line num="28" count="4" type="cond" truecount="1" falsecount="0"/>
        <line num="29" count="2" type="stmt"/>
        <line num="30" count="2" type="stmt"/>
        <line num="31" count="2" type="stmt"/>
        <line num="33" count="4" type="cond" truecount="1" falsecount="0"/>
        <line num="34" count="65" type="stmt"/>
        <line num="35" count="69" type="stmt"/>
        <line num="36" count="1" type="stmt"/>
      </file>
      <file name="FAQ.tsx" path="/tmp/mvp-v3-b634830a-da6f-446a-af22-0bb1762dc75c-eAQvD3/src/components/FAQ.tsx">
        <metrics statements="136" coveredstatements="136" conditionals="26" coveredconditionals="26" methods="5" coveredmethods="5"/>
        <line num="1" count="1" type="stmt"/>
        <line num="2" count="1" type="stmt"/>
        <line num="9" count="1" type="stmt"/>
        <line num="10" count="1" type="stmt"/>
        <line num="11" count="1" type="stmt"/>
        <line num="12" count="1" type="stmt"/>
        <line num="13" count="1" type="stmt"/>
        <line num="14" count="1" type="stmt"/>
        <line num="15" count="1" type="stmt"/>
        <line num="16" count="1" type="stmt"/>
        <line num="17" count="1" type="stmt"/>
        <line num="18" count="1" type="stmt"/>
        <line num="19" count="1" type="stmt"/>
        <line num="20" count="1" type="stmt"/>
        <line num="21" count="1" type="stmt"/>
        <line num="22" count="1" type="stmt"/>
        <line num="23" count="1" type="stmt"/>
        <line num="24" count="1" type="stmt"/>
        <line num="25" count="1" type="stmt"/>
        <line num="26" count="1" type="stmt"/>
        <line num="27" count="1" type="stmt"/>
        <line num="28" count="1" type="stmt"/>
        <line num="29" count="1" type="stmt"/>
        <line num="30" count="1" type="stmt"/>
        <line num="31" count="1" type="stmt"/>
        <line num="32" count="1" type="stmt"/>
        <line num="33" count="1" type="stmt"/>
        <line num="34" count="1" type="stmt"/>
        <line num="35" count="1" type="stmt"/>
        <line num="36" count="1" type="stmt"/>
        <line num="37" count="1" type="stmt"/>
        <line num="38" count="1" type="stmt"/>
        <line num="39" count="1" type="stmt"/>
        <line num="40" count="1" type="stmt"/>
        <line num="42" count="1" type="cond" truecount="1" falsecount="0"/>
        <line num="43" count="42" type="stmt"/>
        <line num="44" count="42" type="stmt"/>
        <line num="45" count="42" type="stmt"/>
        <line num="47" count="42" type="cond" truecount="1" falsecount="0"/>
        <line num="48" count="9" type="cond" truecount="3" falsecount="0"/>
        <line num="49" count="42" type="stmt"/>
        <line num="51" count="42" type="stmt"/>
        <line num="52" count="42" type="cond" truecount="1" falsecount="0"/>
        <line num="53" count="4" type="stmt"/>
        <line num="54" count="4" type="cond" truecount="1" falsecount="0"/>
        <line num="55" count="1" type="stmt"/>
        <line num="56" count="1" type="stmt"/>
        <line num="57" count="4" type="cond" truecount="2" falsecount="0"/>
        <line num="58" count="1" type="stmt"/>
        <line num="59" count="1" type="stmt"/>
        <line num="60" count="3" type="cond" truecount="2" falsecount="0"/>
        <line num="61" count="1" type="stmt"/>
        <line num="62" count="1" type="stmt"/>
        <line num="63" count="1" type="stmt"/>
        <line num="64" count="1" type="stmt"/>
        <line num="65" count="1" type="stmt"/>
        <line num="66" count="1" type="stmt"/>
        <line num="68" count="4" type="stmt"/>
        <line num="69" count="4" type="stmt"/>
        <line num="70" count="4" type="stmt"/>
        <line num="71" count="4" type="stmt"/>
        <line num="72" count="42" type="stmt"/>
        <line num="73" count="42" type="stmt"/>
        <line num="75" count="42" type="stmt"/>
        <line num="76" count="42" type="stmt"/>
        <line num="78" count="42" type="stmt"/>
        <line num="79" count="42" type="stmt"/>
        <line num="80" count="42" type="stmt"/>
        <line num="81" count="42" type="stmt"/>
        <line num="82" count="42" type="stmt"/>
        <line num="83" count="42" type="cond" truecount="2" falsecount="0"/>
        <line num="84" count="42" type="stmt"/>
        <line num="86" count="42" type="stmt"/>
        <line num="88" count="42" type="stmt"/>
        <line num="89" count="42" type="stmt"/>
        <line num="91" count="42" type="stmt"/>
        <line num="92" count="42" type="stmt"/>
        <line num="94" count="42" type="stmt"/>
        <line num="95" count="42" type="cond" truecount="1" falsecount="0"/>
        <line num="96" count="252" type="stmt"/>
        <line num="97" count="252" type="stmt"/>
        <line num="98" count="252" type="stmt"/>
        <line num="99" count="252" type="stmt"/>
        <line num="100" count="252" type="cond" truecount="1" falsecount="0"/>
        <line num="101" count="252" type="cond" truecount="1" falsecount="0"/>
        <line num="102" count="252" type="cond" truecount="1" falsecount="0"/>
        <line num="103" count="252" type="stmt"/>
        <line num="104" count="252" type="stmt"/>
        <line num="105" count="42" type="stmt"/>
        <line num="106" count="42" type="stmt"/>
        <line num="107" count="42" type="stmt"/>
        <line num="108" count="42" type="stmt"/>
        <line num="110" count="42" type="stmt"/>
        <line num="121" count="252" type="cond" truecount="1" falsecount="0"/>
        <line num="122" count="252" type="stmt"/>
        <line num="123" count="252" type="stmt"/>
        <line num="124" count="252" type="stmt"/>
        <line num="125" count="252" type="cond" truecount="1" falsecount="0"/>
        <line num="126" count="7" type="cond" truecount="1" falsecount="0"/>
        <line num="127" count="245" type="stmt"/>
        <line num="128" count="252" type="stmt"/>
        <line num="129" count="252" type="stmt"/>
        <line num="131" count="252" type="stmt"/>
        <line num="132" count="252" type="stmt"/>
        <line num="133" count="252" type="stmt"/>
        <line num="134" count="252" type="stmt"/>
        <line num="135" count="252" type="stmt"/>
        <line num="136" count="252" type="stmt"/>
        <line num="137" count="252" type="stmt"/>
        <line num="138" count="252" type="stmt"/>
        <line num="139" count="252" type="stmt"/>
        <line num="140" count="252" type="stmt"/>
        <line num="142" count="252" type="stmt"/>
        <line num="143" count="252" type="stmt"/>
        <line num="144" count="252" type="stmt"/>
        <line num="145" count="252" type="cond" truecount="2" falsecount="0"/>
        <line num="146" count="252" type="stmt"/>
        <line num="147" count="252" type="cond" truecount="2" falsecount="0"/>
        <line num="148" count="252" type="stmt"/>
        <line num="149" count="252" type="stmt"/>
        <line num="150" count="252" type="stmt"/>
        <line num="151" count="252" type="stmt"/>
        <line num="153" count="252" type="stmt"/>
        <line num="154" count="252" type="stmt"/>
        <line num="155" count="252" type="stmt"/>
        <line num="156" count="252" type="stmt"/>
        <line num="157" count="252" type="stmt"/>
        <line num="158" count="252" type="stmt"/>
        <line num="159" count="252" type="stmt"/>
        <line num="160" count="252" type="stmt"/>
        <line num="161" count="252" type="stmt"/>
        <line num="162" count="252" type="cond" truecount="2" falsecount="0"/>
        <line num="164" count="252" type="stmt"/>
        <line num="165" count="252" type="stmt"/>
        <line num="166" count="252" type="stmt"/>
        <line num="168" count="252" type="stmt"/>
      </file>
      <file name="Features.tsx" path="/tmp/mvp-v3-b634830a-da6f-446a-af22-0bb1762dc75c-eAQvD3/src/components/Features.tsx">
        <metrics statements="112" coveredstatements="112" conditionals="7" coveredconditionals="7" methods="2" coveredmethods="2"/>
        <line num="1" count="1" type="stmt"/>
        <line num="3" count="1" type="stmt"/>
        <line num="4" count="1" type="stmt"/>
        <line num="5" count="1" type="stmt"/>
        <line num="6" count="1" type="stmt"/>
        <line num="7" count="1" type="stmt"/>
        <line num="8" count="1" type="stmt"/>
        <line num="9" count="1" type="stmt"/>
        <line num="10" count="1" type="stmt"/>
        <line num="11" count="1" type="stmt"/>
        <line num="13" count="1" type="stmt"/>
        <line num="14" count="1" type="stmt"/>
        <line num="15" count="1" type="stmt"/>
        <line num="16" count="1" type="stmt"/>
        <line num="17" count="1" type="stmt"/>
        <line num="18" count="1" type="stmt"/>
        <line num="19" count="1" type="stmt"/>
        <line num="20" count="1" type="stmt"/>
        <line num="21" count="1" type="stmt"/>
        <line num="23" count="1" type="stmt"/>
        <line num="24" count="1" type="stmt"/>
        <line num="25" count="1" type="stmt"/>
        <line num="26" count="1" type="stmt"/>
        <line num="27" count="1" type="stmt"/>
        <line num="28" count="1" type="stmt"/>
        <line num="29" count="1" type="stmt"/>
        <line num="30" count="1" type="stmt"/>
        <line num="31" count="1" type="stmt"/>
        <line num="33" count="1" type="stmt"/>
        <line num="34" count="1" type="stmt"/>
        <line num="35" count="1" type="stmt"/>
        <line num="36" count="1" type="stmt"/>
        <line num="37" count="1" type="stmt"/>
        <line num="38" count="1" type="stmt"/>
        <line num="39" count="1" type="stmt"/>
        <line num="40" count="1" type="stmt"/>
        <line num="41" count="1" type="stmt"/>
        <line num="43" count="1" type="stmt"/>
        <line num="44" count="1" type="stmt"/>
        <line num="45" count="1" type="stmt"/>
        <line num="46" count="1" type="stmt"/>
        <line num="47" count="1" type="stmt"/>
        <line num="48" count="1" type="stmt"/>
        <line num="49" count="1" type="stmt"/>
        <line num="50" count="1" type="stmt"/>
        <line num="51" count="1" type="stmt"/>
        <line num="53" count="1" type="stmt"/>
        <line num="54" count="1" type="stmt"/>
        <line num="55" count="1" type="stmt"/>
        <line num="56" count="1" type="stmt"/>
        <line num="57" count="1" type="stmt"/>
        <line num="58" count="1" type="stmt"/>
        <line num="59" count="1" type="stmt"/>
        <line num="60" count="1" type="stmt"/>
        <line num="61" count="1" type="stmt"/>
        <line num="63" count="1" type="stmt"/>
        <line num="64" count="1" type="stmt"/>
        <line num="66" count="126" type="cond" truecount="1" falsecount="0"/>
        <line num="67" count="126" type="stmt"/>
        <line num="68" count="126" type="stmt"/>
        <line num="69" count="126" type="stmt"/>
        <line num="72" count="126" type="stmt"/>
        <line num="73" count="126" type="stmt"/>
        <line num="75" count="126" type="stmt"/>
        <line num="76" count="126" type="stmt"/>
        <line num="77" count="126" type="stmt"/>
        <line num="78" count="126" type="stmt"/>
        <line num="79" count="126" type="cond" truecount="2" falsecount="0"/>
        <line num="80" count="126" type="stmt"/>
        <line num="81" count="126" type="stmt"/>
        <line num="83" count="126" type="stmt"/>
        <line num="84" count="126" type="stmt"/>
        <line num="85" count="126" type="stmt"/>
        <line num="86" count="126" type="stmt"/>
        <line num="87" count="126" type="stmt"/>
        <line num="88" count="126" type="stmt"/>
        <line num="89" count="126" type="stmt"/>
        <line num="90" count="126" type="stmt"/>
        <line num="91" count="126" type="stmt"/>
        <line num="92" count="126" type="stmt"/>
        <line num="93" count="126" type="stmt"/>
        <line num="95" count="126" type="stmt"/>
        <line num="96" count="126" type="stmt"/>
        <line num="97" count="126" type="stmt"/>
        <line num="98" count="126" type="stmt"/>
        <line num="99" count="126" type="stmt"/>
        <line num="100" count="126" type="stmt"/>
        <line num="102" count="126" type="stmt"/>
        <line num="104" count="1" type="cond" truecount="1" falsecount="0"/>
        <line num="105" count="21" type="stmt"/>
        <line num="107" count="21" type="stmt"/>
        <line num="108" count="21" type="stmt"/>
        <line num="110" count="21" type="stmt"/>
        <line num="111" count="21" type="stmt"/>
        <line num="112" count="21" type="stmt"/>
        <line num="113" count="21" type="stmt"/>
        <line num="114" count="21" type="stmt"/>
        <line num="115" count="21" type="cond" truecount="2" falsecount="0"/>
        <line num="116" count="21" type="stmt"/>
        <line num="118" count="21" type="stmt"/>
        <line num="120" count="21" type="stmt"/>
        <line num="121" count="21" type="stmt"/>
        <line num="123" count="21" type="stmt"/>
        <line num="124" count="21" type="stmt"/>
        <line num="126" count="21" type="stmt"/>
        <line num="127" count="21" type="cond" truecount="1" falsecount="0"/>
        <line num="128" count="126" type="stmt"/>
        <line num="129" count="21" type="stmt"/>
        <line num="130" count="21" type="stmt"/>
        <line num="131" count="21" type="stmt"/>
        <line num="132" count="21" type="stmt"/>
        <line num="134" count="21" type="stmt"/>
      </file>
      <file name="Footer.tsx" path="/tmp/mvp-v3-b634830a-da6f-446a-af22-0bb1762dc75c-eAQvD3/src/components/Footer.tsx">
        <metrics statements="96" coveredstatements="96" conditionals="3" coveredconditionals="3" methods="1" coveredmethods="1"/>
        <line num="1" count="1" type="stmt"/>
        <line num="2" count="1" type="stmt"/>
        <line num="3" count="1" type="stmt"/>
        <line num="4" count="1" type="stmt"/>
        <line num="5" count="1" type="stmt"/>
        <line num="6" count="1" type="stmt"/>
        <line num="7" count="1" type="stmt"/>
        <line num="8" count="1" type="stmt"/>
        <line num="9" count="1" type="stmt"/>
        <line num="10" count="1" type="stmt"/>
        <line num="11" count="1" type="stmt"/>
        <line num="12" count="1" type="stmt"/>
        <line num="13" count="1" type="stmt"/>
        <line num="14" count="1" type="stmt"/>
        <line num="15" count="1" type="stmt"/>
        <line num="16" count="1" type="stmt"/>
        <line num="17" count="1" type="stmt"/>
        <line num="18" count="1" type="stmt"/>
        <line num="19" count="1" type="stmt"/>
        <line num="20" count="1" type="stmt"/>
        <line num="21" count="1" type="stmt"/>
        <line num="22" count="1" type="stmt"/>
        <line num="23" count="1" type="stmt"/>
        <line num="24" count="1" type="stmt"/>
        <line num="25" count="1" type="stmt"/>
        <line num="26" count="1" type="stmt"/>
        <line num="27" count="1" type="stmt"/>
        <line num="28" count="1" type="stmt"/>
        <line num="29" count="1" type="stmt"/>
        <line num="31" count="1" type="cond" truecount="1" falsecount="0"/>
        <line num="32" count="16" type="stmt"/>
        <line num="34" count="16" type="stmt"/>
        <line num="35" count="16" type="stmt"/>
        <line num="37" count="16" type="stmt"/>
        <line num="38" count="16" type="stmt"/>
        <line num="39" count="16" type="stmt"/>
        <line num="40" count="16" type="stmt"/>
        <line num="41" count="16" type="stmt"/>
        <line num="42" count="16" type="stmt"/>
        <line num="43" count="16" type="stmt"/>
        <line num="44" count="16" type="stmt"/>
        <line num="45" count="16" type="stmt"/>
        <line num="46" count="16" type="stmt"/>
        <line num="47" count="16" type="stmt"/>
        <line num="49" count="16" type="stmt"/>
        <line num="50" count="16" type="stmt"/>
        <line num="52" count="16" type="cond" truecount="1" falsecount="0"/>
        <line num="53" count="48" type="stmt"/>
        <line num="54" count="48" type="stmt"/>
        <line num="55" count="48" type="stmt"/>
        <line num="56" count="48" type="stmt"/>
        <line num="57" count="48" type="stmt"/>
        <line num="58" count="48" type="cond" truecount="1" falsecount="0"/>
        <line num="59" count="192" type="stmt"/>
        <line num="60" count="192" type="stmt"/>
        <line num="61" count="192" type="stmt"/>
        <line num="62" count="192" type="stmt"/>
        <line num="64" count="192" type="stmt"/>
        <line num="65" count="192" type="stmt"/>
        <line num="66" count="192" type="stmt"/>
        <line num="67" count="48" type="stmt"/>
        <line num="68" count="48" type="stmt"/>
        <line num="69" count="48" type="stmt"/>
        <line num="70" count="16" type="stmt"/>
        <line num="71" count="16" type="stmt"/>
        <line num="73" count="16" type="stmt"/>
        <line num="74" count="16" type="stmt"/>
        <line num="75" count="16" type="stmt"/>
        <line num="76" count="16" type="stmt"/>
        <line num="77" count="16" type="stmt"/>
        <line num="78" count="16" type="stmt"/>
        <line num="80" count="16" type="stmt"/>
        <line num="81" count="16" type="stmt"/>
        <line num="83" count="16" type="stmt"/>
        <line num="84" count="16" type="stmt"/>
        <line num="85" count="16" type="stmt"/>
        <line num="86" count="16" type="stmt"/>
        <line num="87" count="16" type="stmt"/>
        <line num="88" count="16" type="stmt"/>
        <line num="89" count="16" type="stmt"/>
        <line num="90" count="16" type="stmt"/>
        <line num="91" count="16" type="stmt"/>
        <line num="92" count="16" type="stmt"/>
        <line num="93" count="16" type="stmt"/>
        <line num="94" count="16" type="stmt"/>
        <line num="95" count="16" type="stmt"/>
        <line num="96" count="16" type="stmt"/>
        <line num="97" count="16" type="stmt"/>
        <line num="98" count="16" type="stmt"/>
        <line num="99" count="16" type="stmt"/>
        <line num="100" count="16" type="stmt"/>
        <line num="101" count="16" type="stmt"/>
        <line num="102" count="16" type="stmt"/>
        <line num="103" count="16" type="stmt"/>
        <line num="104" count="16" type="stmt"/>
        <line num="106" count="16" type="stmt"/>
      </file>
      <file name="Header.tsx" path="/tmp/mvp-v3-b634830a-da6f-446a-af22-0bb1762dc75c-eAQvD3/src/components/Header.tsx">
        <metrics statements="145" coveredstatements="128" conditionals="22" coveredconditionals="17" methods="3" coveredmethods="3"/>
        <line num="1" count="1" type="stmt"/>
        <line num="2" count="1" type="stmt"/>
        <line num="3" count="1" type="stmt"/>
        <line num="10" count="1" type="stmt"/>
        <line num="11" count="1" type="stmt"/>
        <line num="12" count="1" type="stmt"/>
        <line num="13" count="1" type="stmt"/>
        <line num="14" count="1" type="stmt"/>
        <line num="15" count="1" type="stmt"/>
        <line num="16" count="1" type="stmt"/>
        <line num="18" count="2" type="cond" truecount="1" falsecount="0"/>
        <line num="19" count="2" type="stmt"/>
        <line num="20" count="2" type="stmt"/>
        <line num="21" count="2" type="stmt"/>
        <line num="22" count="2" type="stmt"/>
        <line num="23" count="2" type="stmt"/>
        <line num="24" count="2" type="stmt"/>
        <line num="25" count="2" type="stmt"/>
        <line num="26" count="2" type="stmt"/>
        <line num="28" count="2" type="stmt"/>
        <line num="29" count="2" type="stmt"/>
        <line num="30" count="2" type="stmt"/>
        <line num="31" count="2" type="stmt"/>
        <line num="32" count="2" type="stmt"/>
        <line num="34" count="2" type="stmt"/>
        <line num="36" count="1" type="cond" truecount="1" falsecount="0"/>
        <line num="37" count="20" type="stmt"/>
        <line num="38" count="20" type="stmt"/>
        <line num="39" count="20" type="stmt"/>
        <line num="40" count="20" type="stmt"/>
        <line num="42" count="20" type="stmt"/>
        <line num="43" count="0" type="stmt"/>
        <line num="44" count="20" type="stmt"/>
        <line num="47" count="20" type="cond" truecount="1" falsecount="0"/>
        <line num="48" count="18" type="cond" truecount="2" falsecount="0"/>
        <line num="50" count="3" type="cond" truecount="1" falsecount="0"/>
        <line num="51" count="1" type="stmt"/>
        <line num="52" count="1" type="stmt"/>
        <line num="53" count="1" type="stmt"/>
        <line num="54" count="1" type="stmt"/>
        <line num="55" count="1" type="cond" truecount="0" falsecount="1"/>
        <line num="58" count="1" type="cond" truecount="0" falsecount="1"/>
        <line num="59" count="0" type="stmt"/>
        <line num="60" count="0" type="stmt"/>
        <line num="61" count="0" type="stmt"/>
        <line num="62" count="0" type="stmt"/>
        <line num="63" count="0" type="stmt"/>
        <line num="65" count="0" type="stmt"/>
        <line num="66" count="0" type="stmt"/>
        <line num="67" count="0" type="stmt"/>
        <line num="68" count="0" type="stmt"/>
        <line num="69" count="0" type="stmt"/>
        <line num="70" count="0" type="stmt"/>
        <line num="71" count="0" type="stmt"/>
        <line num="72" count="0" type="stmt"/>
        <line num="73" count="1" type="stmt"/>
        <line num="75" count="3" type="stmt"/>
        <line num="76" count="3" type="cond" truecount="1" falsecount="0"/>
        <line num="77" count="20" type="stmt"/>
        <line num="79" count="20" type="stmt"/>
        <line num="80" count="20" type="cond" truecount="2" falsecount="0"/>
        <line num="81" count="20" type="stmt"/>
        <line num="82" count="20" type="stmt"/>
        <line num="83" count="20" type="stmt"/>
        <line num="84" count="20" type="stmt"/>
        <line num="85" count="20" type="stmt"/>
        <line num="86" count="20" type="stmt"/>
        <line num="87" count="20" type="stmt"/>
        <line num="88" count="20" type="stmt"/>
        <line num="90" count="20" type="stmt"/>
        <line num="91" count="20" type="cond" truecount="1" falsecount="0"/>
        <line num="92" count="100" type="stmt"/>
        <line num="93" count="100" type="stmt"/>
        <line num="94" count="100" type="stmt"/>
        <line num="95" count="100" type="stmt"/>
        <line num="96" count="100" type="stmt"/>
        <line num="97" count="100" type="stmt"/>
        <line num="98" count="100" type="stmt"/>
        <line num="99" count="100" type="cond" truecount="0" falsecount="1"/>
        <line num="100" count="0" type="stmt"/>
        <line num="101" count="100" type="stmt"/>
        <line num="102" count="100" type="stmt"/>
        <line num="104" count="100" type="stmt"/>
        <line num="105" count="100" type="cond" truecount="0" falsecount="1"/>
        <line num="106" count="0" type="stmt"/>
        <line num="108" count="100" type="stmt"/>
        <line num="110" count="20" type="stmt"/>
        <line num="111" count="20" type="stmt"/>
        <line num="112" count="20" type="stmt"/>
        <line num="113" count="20" type="stmt"/>
        <line num="114" count="20" type="stmt"/>
        <line num="116" count="20" type="stmt"/>
        <line num="117" count="20" type="stmt"/>
        <line num="119" count="20" type="stmt"/>
        <line num="120" count="20" type="stmt"/>
        <line num="121" count="20" type="stmt"/>
        <line num="122" count="20" type="stmt"/>
        <line num="123" count="20" type="stmt"/>
        <line num="124" count="20" type="stmt"/>
        <line num="125" count="20" type="stmt"/>
        <line num="126" count="20" type="cond" truecount="2" falsecount="0"/>
        <line num="128" count="20" type="cond" truecount="1" falsecount="0"/>
        <line num="129" count="3" type="stmt"/>
        <line num="130" count="3" type="stmt"/>
        <line num="131" count="3" type="cond" truecount="1" falsecount="0"/>
        <line num="133" count="17" type="stmt"/>
        <line num="134" count="17" type="stmt"/>
        <line num="135" count="17" type="stmt"/>
        <line num="137" count="20" type="stmt"/>
        <line num="138" count="20" type="stmt"/>
        <line num="140" count="20" type="cond" truecount="1" falsecount="0"/>
        <line num="141" count="3" type="stmt"/>
        <line num="142" count="3" type="stmt"/>
        <line num="143" count="3" type="stmt"/>
        <line num="144" count="3" type="stmt"/>
        <line num="145" count="3" type="stmt"/>
        <line num="147" count="3" type="stmt"/>
        <line num="148" count="3" type="cond" truecount="1" falsecount="0"/>
        <line num="149" count="15" type="stmt"/>
        <line num="150" count="15" type="stmt"/>
        <line num="151" count="15" type="stmt"/>
        <line num="152" count="15" type="stmt"/>
        <line num="153" count="15" type="stmt"/>
        <line num="154" count="15" type="stmt"/>
        <line num="155" count="15" type="stmt"/>
        <line num="156" count="15" type="stmt"/>
        <line num="157" count="15" type="cond" truecount="0" falsecount="1"/>
        <line num="158" count="0" type="stmt"/>
        <line num="159" count="15" type="stmt"/>
        <line num="160" count="15" type="stmt"/>
        <line num="162" count="15" type="stmt"/>
        <line num="163" count="15" type="stmt"/>
        <line num="165" count="3" type="stmt"/>
        <line num="166" count="3" type="stmt"/>
        <line num="167" count="3" type="stmt"/>
        <line num="168" count="3" type="stmt"/>
        <line num="169" count="3" type="stmt"/>
        <line num="170" count="3" type="stmt"/>
        <line num="172" count="3" type="stmt"/>
        <line num="173" count="3" type="stmt"/>
        <line num="174" count="3" type="stmt"/>
        <line num="176" count="20" type="stmt"/>
        <line num="177" count="20" type="cond" truecount="1" falsecount="0"/>
        <line num="178" count="20" type="stmt"/>
        <line num="180" count="20" type="stmt"/>
      </file>
      <file name="Hero.tsx" path="/tmp/mvp-v3-b634830a-da6f-446a-af22-0bb1762dc75c-eAQvD3/src/components/Hero.tsx">
        <metrics statements="158" coveredstatements="158" conditionals="12" coveredconditionals="12" methods="3" coveredmethods="3"/>
        <line num="1" count="1" type="stmt"/>
        <line num="2" count="1" type="stmt"/>
        <line num="4" count="1" type="cond" truecount="1" falsecount="0"/>
        <line num="5" count="3" type="cond" truecount="1" falsecount="0"/>
        <line num="6" count="3" type="stmt"/>
        <line num="7" count="3" type="stmt"/>
        <line num="8" count="1" type="stmt"/>
        <line num="10" count="38" type="cond" truecount="1" falsecount="0"/>
        <line num="11" count="38" type="stmt"/>
        <line num="12" count="38" type="stmt"/>
        <line num="13" count="38" type="stmt"/>
        <line num="15" count="38" type="cond" truecount="1" falsecount="0"/>
        <line num="16" count="35" type="cond" truecount="3" falsecount="0"/>
        <line num="18" count="17" type="stmt"/>
        <line num="19" count="17" type="stmt"/>
        <line num="21" count="17" type="cond" truecount="1" falsecount="0"/>
        <line num="22" count="12" type="stmt"/>
        <line num="23" count="12" type="stmt"/>
        <line num="24" count="12" type="stmt"/>
        <line num="25" count="12" type="stmt"/>
        <line num="27" count="12" type="stmt"/>
        <line num="28" count="12" type="stmt"/>
        <line num="29" count="12" type="stmt"/>
        <line num="30" count="12" type="stmt"/>
        <line num="32" count="17" type="stmt"/>
        <line num="33" count="17" type="cond" truecount="1" falsecount="0"/>
        <line num="34" count="38" type="stmt"/>
        <line num="36" count="38" type="stmt"/>
        <line num="37" count="38" type="stmt"/>
        <line num="38" count="38" type="stmt"/>
        <line num="39" count="38" type="stmt"/>
        <line num="40" count="38" type="stmt"/>
        <line num="41" count="38" type="cond" truecount="1" falsecount="0"/>
        <line num="42" count="152" type="stmt"/>
        <line num="43" count="152" type="stmt"/>
        <line num="44" count="152" type="stmt"/>
        <line num="46" count="152" type="stmt"/>
        <line num="47" count="152" type="stmt"/>
        <line num="48" count="38" type="stmt"/>
        <line num="49" count="38" type="stmt"/>
        <line num="50" count="38" type="stmt"/>
        <line num="51" count="38" type="stmt"/>
        <line num="52" count="38" type="stmt"/>
        <line num="53" count="38" type="stmt"/>
        <line num="54" count="38" type="stmt"/>
        <line num="55" count="38" type="stmt"/>
        <line num="56" count="38" type="stmt"/>
        <line num="57" count="38" type="stmt"/>
        <line num="59" count="38" type="stmt"/>
        <line num="61" count="1" type="cond" truecount="1" falsecount="0"/>
        <line num="62" count="18" type="stmt"/>
        <line num="63" count="18" type="stmt"/>
        <line num="65" count="18" type="stmt"/>
        <line num="66" count="18" type="stmt"/>
        <line num="68" count="18" type="stmt"/>
        <line num="69" count="18" type="stmt"/>
        <line num="70" count="18" type="stmt"/>
        <line num="71" count="18" type="stmt"/>
        <line num="72" count="18" type="stmt"/>
        <line num="74" count="18" type="stmt"/>
        <line num="76" count="18" type="stmt"/>
        <line num="77" count="18" type="stmt"/>
        <line num="78" count="18" type="stmt"/>
        <line num="80" count="18" type="stmt"/>
        <line num="81" count="18" type="stmt"/>
        <line num="82" count="18" type="stmt"/>
        <line num="83" count="18" type="stmt"/>
        <line num="84" count="18" type="stmt"/>
        <line num="86" count="18" type="stmt"/>
        <line num="90" count="18" type="stmt"/>
        <line num="92" count="18" type="stmt"/>
        <line num="93" count="18" type="stmt"/>
        <line num="94" count="18" type="stmt"/>
        <line num="95" count="18" type="stmt"/>
        <line num="96" count="18" type="stmt"/>
        <line num="98" count="18" type="stmt"/>
        <line num="99" count="18" type="stmt"/>
        <line num="100" count="18" type="stmt"/>
        <line num="101" count="18" type="stmt"/>
        <line num="102" count="18" type="stmt"/>
        <line num="103" count="18" type="stmt"/>
        <line num="104" count="18" type="stmt"/>
        <line num="106" count="18" type="stmt"/>
        <line num="107" count="18" type="stmt"/>
        <line num="108" count="18" type="stmt"/>
        <line num="109" count="18" type="stmt"/>
        <line num="111" count="18" type="stmt"/>
        <line num="112" count="18" type="stmt"/>
        <line num="114" count="18" type="stmt"/>
        <line num="115" count="18" type="stmt"/>
        <line num="116" count="18" type="stmt"/>
        <line num="117" count="18" type="stmt"/>
        <line num="118" count="18" type="stmt"/>
        <line num="120" count="18" type="stmt"/>
        <line num="121" count="18" type="stmt"/>
        <line num="122" count="18" type="stmt"/>
        <line num="123" count="18" type="stmt"/>
        <line num="124" count="18" type="stmt"/>
        <line num="126" count="18" type="stmt"/>
        <line num="127" count="18" type="stmt"/>
        <line num="128" count="18" type="stmt"/>
        <line num="129" count="18" type="stmt"/>
        <line num="130" count="18" type="stmt"/>
        <line num="132" count="18" type="stmt"/>
        <line num="133" count="18" type="stmt"/>
        <line num="136" count="18" type="stmt"/>
        <line num="137" count="18" type="stmt"/>
        <line num="140" count="18" type="stmt"/>
        <line num="141" count="18" type="stmt"/>
        <line num="142" count="18" type="stmt"/>
        <line num="143" count="18" type="stmt"/>
        <line num="144" count="18" type="stmt"/>
        <line num="146" count="18" type="stmt"/>
        <line num="147" count="18" type="stmt"/>
        <line num="148" count="18" type="stmt"/>
        <line num="149" count="18" type="stmt"/>
        <line num="151" count="18" type="stmt"/>
        <line num="152" count="18" type="stmt"/>
        <line num="153" count="18" type="stmt"/>
        <line num="154" count="18" type="stmt"/>
        <line num="155" count="18" type="stmt"/>
        <line num="156" count="18" type="stmt"/>
        <line num="159" count="18" type="stmt"/>
        <line num="160" count="18" type="stmt"/>
        <line num="161" count="18" type="stmt"/>
        <line num="162" count="18" type="stmt"/>
        <line num="163" count="18" type="stmt"/>
        <line num="165" count="18" type="stmt"/>
        <line num="166" count="18" type="stmt"/>
        <line num="167" count="18" type="stmt"/>
        <line num="168" count="18" type="stmt"/>
        <line num="170" count="18" type="stmt"/>
        <line num="171" count="18" type="stmt"/>
        <line num="172" count="18" type="stmt"/>
        <line num="173" count="18" type="cond" truecount="1" falsecount="0"/>
        <line num="174" count="54" type="stmt"/>
        <line num="175" count="54" type="stmt"/>
        <line num="176" count="54" type="stmt"/>
        <line num="177" count="54" type="stmt"/>
        <line num="178" count="54" type="stmt"/>
        <line num="179" count="54" type="stmt"/>
        <line num="180" count="54" type="stmt"/>
        <line num="181" count="54" type="stmt"/>
        <line num="182" count="54" type="stmt"/>
        <line num="183" count="54" type="stmt"/>
        <line num="184" count="54" type="stmt"/>
        <line num="185" count="54" type="stmt"/>
        <line num="186" count="54" type="stmt"/>
        <line num="187" count="54" type="stmt"/>
        <line num="188" count="54" type="stmt"/>
        <line num="189" count="18" type="stmt"/>
        <line num="190" count="18" type="stmt"/>
        <line num="191" count="18" type="stmt"/>
        <line num="192" count="18" type="stmt"/>
        <line num="193" count="18" type="stmt"/>
        <line num="194" count="18" type="stmt"/>
        <line num="195" count="18" type="stmt"/>
        <line num="197" count="18" type="stmt"/>
      </file>
      <file name="HowItWorks.tsx" path="/tmp/mvp-v3-b634830a-da6f-446a-af22-0bb1762dc75c-eAQvD3/src/components/HowItWorks.tsx">
        <metrics statements="79" coveredstatements="79" conditionals="8" coveredconditionals="8" methods="2" coveredmethods="2"/>
        <line num="1" count="1" type="stmt"/>
        <line num="3" count="1" type="stmt"/>
        <line num="4" count="1" type="stmt"/>
        <line num="5" count="1" type="stmt"/>
        <line num="6" count="1" type="stmt"/>
        <line num="7" count="1" type="stmt"/>
        <line num="8" count="1" type="stmt"/>
        <line num="9" count="1" type="stmt"/>
        <line num="10" count="1" type="stmt"/>
        <line num="11" count="1" type="stmt"/>
        <line num="12" count="1" type="stmt"/>
        <line num="13" count="1" type="stmt"/>
        <line num="14" count="1" type="stmt"/>
        <line num="15" count="1" type="stmt"/>
        <line num="16" count="1" type="stmt"/>
        <line num="17" count="1" type="stmt"/>
        <line num="18" count="1" type="stmt"/>
        <line num="19" count="1" type="stmt"/>
        <line num="20" count="1" type="stmt"/>
        <line num="21" count="1" type="stmt"/>
        <line num="22" count="1" type="stmt"/>
        <line num="23" count="1" type="stmt"/>
        <line num="24" count="1" type="stmt"/>
        <line num="25" count="1" type="stmt"/>
        <line num="26" count="1" type="stmt"/>
        <line num="27" count="1" type="stmt"/>
        <line num="28" count="1" type="stmt"/>
        <line num="30" count="100" type="cond" truecount="1" falsecount="0"/>
        <line num="31" count="100" type="stmt"/>
        <line num="32" count="100" type="stmt"/>
        <line num="33" count="100" type="stmt"/>
        <line num="36" count="100" type="stmt"/>
        <line num="37" count="100" type="stmt"/>
        <line num="39" count="100" type="stmt"/>
        <line num="40" count="100" type="stmt"/>
        <line num="41" count="100" type="stmt"/>
        <line num="42" count="100" type="stmt"/>
        <line num="43" count="100" type="cond" truecount="2" falsecount="0"/>
        <line num="44" count="100" type="stmt"/>
        <line num="45" count="100" type="stmt"/>
        <line num="47" count="100" type="stmt"/>
        <line num="48" count="100" type="stmt"/>
        <line num="49" count="100" type="cond" truecount="1" falsecount="0"/>
        <line num="50" count="25" type="stmt"/>
        <line num="52" count="100" type="stmt"/>
        <line num="53" count="100" type="stmt"/>
        <line num="54" count="100" type="stmt"/>
        <line num="55" count="100" type="stmt"/>
        <line num="56" count="100" type="stmt"/>
        <line num="57" count="100" type="stmt"/>
        <line num="58" count="100" type="stmt"/>
        <line num="59" count="100" type="stmt"/>
        <line num="61" count="100" type="stmt"/>
        <line num="63" count="1" type="cond" truecount="1" falsecount="0"/>
        <line num="64" count="25" type="stmt"/>
        <line num="66" count="25" type="stmt"/>
        <line num="67" count="25" type="stmt"/>
        <line num="68" count="25" type="stmt"/>
        <line num="69" count="25" type="stmt"/>
        <line num="70" count="25" type="stmt"/>
        <line num="71" count="25" type="stmt"/>
        <line num="72" count="25" type="cond" truecount="2" falsecount="0"/>
        <line num="73" count="25" type="stmt"/>
        <line num="75" count="25" type="stmt"/>
        <line num="77" count="25" type="stmt"/>
        <line num="78" count="25" type="stmt"/>
        <line num="80" count="25" type="stmt"/>
        <line num="81" count="25" type="stmt"/>
        <line num="83" count="25" type="stmt"/>
        <line num="85" count="25" type="stmt"/>
        <line num="87" count="25" type="stmt"/>
        <line num="88" count="25" type="cond" truecount="1" falsecount="0"/>
        <line num="89" count="100" type="stmt"/>
        <line num="90" count="25" type="stmt"/>
        <line num="91" count="25" type="stmt"/>
        <line num="92" count="25" type="stmt"/>
        <line num="93" count="25" type="stmt"/>
        <line num="94" count="25" type="stmt"/>
        <line num="96" count="25" type="stmt"/>
      </file>
      <file name="LiveProbe.tsx" path="/tmp/mvp-v3-b634830a-da6f-446a-af22-0bb1762dc75c-eAQvD3/src/components/LiveProbe.tsx">
        <metrics statements="299" coveredstatements="101" conditionals="13" coveredconditionals="6" methods="6" coveredmethods="1"/>
        <line num="1" count="1" type="stmt"/>
        <line num="2" count="1" type="stmt"/>
        <line num="10" count="1" type="stmt"/>
        <line num="11" count="1" type="stmt"/>
        <line num="12" count="1" type="stmt"/>
        <line num="13" count="1" type="stmt"/>
        <line num="14" count="1" type="stmt"/>
        <line num="15" count="1" type="stmt"/>
        <line num="16" count="1" type="stmt"/>
        <line num="17" count="1" type="stmt"/>
        <line num="18" count="1" type="stmt"/>
        <line num="19" count="1" type="stmt"/>
        <line num="30" count="0" type="stmt"/>
        <line num="31" count="0" type="stmt"/>
        <line num="32" count="0" type="stmt"/>
        <line num="33" count="0" type="stmt"/>
        <line num="34" count="0" type="stmt"/>
        <line num="35" count="0" type="stmt"/>
        <line num="36" count="0" type="stmt"/>
        <line num="37" count="0" type="stmt"/>
        <line num="39" count="0" type="stmt"/>
        <line num="40" count="0" type="stmt"/>
        <line num="41" count="0" type="stmt"/>
        <line num="42" count="0" type="stmt"/>
        <line num="44" count="0" type="stmt"/>
        <line num="45" count="0" type="stmt"/>
        <line num="47" count="0" type="stmt"/>
        <line num="48" count="0" type="stmt"/>
        <line num="49" count="0" type="stmt"/>
        <line num="50" count="0" type="stmt"/>
        <line num="51" count="0" type="stmt"/>
        <line num="52" count="0" type="stmt"/>
        <line num="53" count="0" type="stmt"/>
        <line num="54" count="0" type="stmt"/>
        <line num="56" count="0" type="stmt"/>
        <line num="57" count="0" type="stmt"/>
        <line num="58" count="0" type="stmt"/>
        <line num="59" count="0" type="stmt"/>
        <line num="60" count="0" type="stmt"/>
        <line num="61" count="0" type="stmt"/>
        <line num="62" count="0" type="stmt"/>
        <line num="63" count="0" type="stmt"/>
        <line num="64" count="0" type="stmt"/>
        <line num="65" count="0" type="stmt"/>
        <line num="66" count="0" type="stmt"/>
        <line num="68" count="0" type="stmt"/>
        <line num="70" count="0" type="stmt"/>
        <line num="71" count="0" type="stmt"/>
        <line num="72" count="0" type="stmt"/>
        <line num="73" count="0" type="stmt"/>
        <line num="74" count="0" type="stmt"/>
        <line num="76" count="0" type="stmt"/>
        <line num="77" count="0" type="stmt"/>
        <line num="78" count="0" type="stmt"/>
        <line num="79" count="0" type="stmt"/>
        <line num="80" count="0" type="stmt"/>
        <line num="81" count="0" type="stmt"/>
        <line num="82" count="0" type="stmt"/>
        <line num="83" count="0" type="stmt"/>
        <line num="84" count="0" type="stmt"/>
        <line num="85" count="0" type="stmt"/>
        <line num="86" count="0" type="stmt"/>
        <line num="87" count="0" type="stmt"/>
        <line num="88" count="0" type="stmt"/>
        <line num="89" count="0" type="stmt"/>
        <line num="90" count="0" type="stmt"/>
        <line num="91" count="0" type="stmt"/>
        <line num="92" count="0" type="stmt"/>
        <line num="93" count="0" type="stmt"/>
        <line num="94" count="0" type="stmt"/>
        <line num="95" count="0" type="stmt"/>
        <line num="96" count="0" type="stmt"/>
        <line num="98" count="0" type="stmt"/>
        <line num="100" count="1" type="cond" truecount="1" falsecount="0"/>
        <line num="101" count="42" type="stmt"/>
        <line num="102" count="42" type="stmt"/>
        <line num="103" count="42" type="stmt"/>
        <line num="104" count="42" type="stmt"/>
        <line num="105" count="42" type="stmt"/>
        <line num="106" count="42" type="stmt"/>
        <line num="107" count="42" type="stmt"/>
        <line num="108" count="42" type="stmt"/>
        <line num="109" count="42" type="stmt"/>
        <line num="110" count="42" type="stmt"/>
        <line num="113" count="42" type="cond" truecount="1" falsecount="0"/>
        <line num="114" count="21" type="stmt"/>
        <line num="115" count="21" type="cond" truecount="1" falsecount="0"/>
        <line num="116" count="21" type="stmt"/>
        <line num="117" count="21" type="stmt"/>
        <line num="118" count="21" type="stmt"/>
        <line num="119" count="21" type="stmt"/>
        <line num="120" count="21" type="stmt"/>
        <line num="121" count="21" type="stmt"/>
        <line num="122" count="42" type="stmt"/>
        <line num="124" count="42" type="cond" truecount="1" falsecount="0"/>
        <line num="125" count="1" type="stmt"/>
        <line num="126" count="42" type="stmt"/>
        <line num="128" count="42" type="stmt"/>
        <line num="129" count="0" type="stmt"/>
        <line num="130" count="0" type="stmt"/>
        <line num="131" count="0" type="stmt"/>
        <line num="132" count="0" type="stmt"/>
        <line num="133" count="0" type="stmt"/>
        <line num="134" count="0" type="stmt"/>
        <line num="135" count="42" type="stmt"/>
        <line num="137" count="42" type="stmt"/>
        <line num="138" count="0" type="stmt"/>
        <line num="139" count="0" type="stmt"/>
        <line num="140" count="0" type="stmt"/>
        <line num="141" count="0" type="stmt"/>
        <line num="142" count="0" type="stmt"/>
        <line num="143" count="0" type="stmt"/>
        <line num="146" count="0" type="stmt"/>
        <line num="147" count="0" type="stmt"/>
        <line num="148" count="0" type="stmt"/>
        <line num="149" count="0" type="stmt"/>
        <line num="151" count="0" type="stmt"/>
        <line num="152" count="0" type="stmt"/>
        <line num="154" count="0" type="stmt"/>
        <line num="155" count="0" type="stmt"/>
        <line num="156" count="0" type="stmt"/>
        <line num="157" count="0" type="stmt"/>
        <line num="160" count="0" type="stmt"/>
        <line num="162" count="0" type="stmt"/>
        <line num="163" count="0" type="stmt"/>
        <line num="165" count="0" type="stmt"/>
        <line num="166" count="0" type="stmt"/>
        <line num="167" count="0" type="stmt"/>
        <line num="168" count="0" type="stmt"/>
        <line num="169" count="0" type="stmt"/>
        <line num="172" count="0" type="stmt"/>
        <line num="173" count="0" type="stmt"/>
        <line num="174" count="0" type="stmt"/>
        <line num="175" count="0" type="stmt"/>
        <line num="176" count="0" type="stmt"/>
        <line num="177" count="0" type="stmt"/>
        <line num="178" count="0" type="stmt"/>
        <line num="179" count="0" type="stmt"/>
        <line num="180" count="0" type="stmt"/>
        <line num="181" count="0" type="stmt"/>
        <line num="182" count="0" type="stmt"/>
        <line num="183" count="0" type="stmt"/>
        <line num="186" count="0" type="stmt"/>
        <line num="187" count="0" type="stmt"/>
        <line num="188" count="0" type="stmt"/>
        <line num="190" count="0" type="stmt"/>
        <line num="191" count="0" type="stmt"/>
        <line num="193" count="0" type="stmt"/>
        <line num="195" count="0" type="stmt"/>
        <line num="196" count="0" type="stmt"/>
        <line num="197" count="0" type="stmt"/>
        <line num="198" count="0" type="stmt"/>
        <line num="199" count="0" type="stmt"/>
        <line num="202" count="0" type="stmt"/>
        <line num="203" count="0" type="stmt"/>
        <line num="204" count="0" type="stmt"/>
        <line num="205" count="0" type="stmt"/>
        <line num="206" count="0" type="stmt"/>
        <line num="207" count="0" type="stmt"/>
        <line num="208" count="0" type="stmt"/>
        <line num="210" count="0" type="stmt"/>
        <line num="211" count="0" type="stmt"/>
        <line num="213" count="0" type="stmt"/>
        <line num="214" count="0" type="stmt"/>
        <line num="215" count="42" type="stmt"/>
        <line num="217" count="42" type="stmt"/>
        <line num="218" count="42" type="stmt"/>
        <line num="219" count="42" type="stmt"/>
        <line num="220" count="42" type="stmt"/>
        <line num="223" count="42" type="stmt"/>
        <line num="224" count="42" type="cond" truecount="0" falsecount="1"/>
        <line num="225" count="42" type="cond" truecount="0" falsecount="2"/>
        <line num="226" count="42" type="stmt"/>
        <line num="227" count="42" type="stmt"/>
        <line num="228" count="42" type="stmt"/>
        <line num="229" count="42" type="stmt"/>
        <line num="230" count="42" type="stmt"/>
        <line num="231" count="42" type="cond" truecount="2" falsecount="0"/>
        <line num="232" count="42" type="stmt"/>
        <line num="234" count="42" type="stmt"/>
        <line num="235" count="42" type="stmt"/>
        <line num="236" count="42" type="stmt"/>
        <line num="237" count="42" type="stmt"/>
        <line num="238" count="42" type="stmt"/>
        <line num="240" count="42" type="stmt"/>
        <line num="241" count="42" type="stmt"/>
        <line num="243" count="42" type="stmt"/>
        <line num="244" count="42" type="stmt"/>
        <line num="247" count="42" type="stmt"/>
        <line num="248" count="42" type="stmt"/>
        <line num="250" count="42" type="stmt"/>
        <line num="251" count="42" type="stmt"/>
        <line num="252" count="42" type="stmt"/>
        <line num="253" count="42" type="stmt"/>
        <line num="254" count="42" type="stmt"/>
        <line num="255" count="42" type="stmt"/>
        <line num="256" count="42" type="stmt"/>
        <line num="257" count="42" type="stmt"/>
        <line num="258" count="42" type="stmt"/>
        <line num="259" count="42" type="stmt"/>
        <line num="260" count="42" type="stmt"/>
        <line num="261" count="42" type="stmt"/>
        <line num="262" count="42" type="stmt"/>
        <line num="263" count="42" type="stmt"/>
        <line num="264" count="42" type="stmt"/>
        <line num="265" count="42" type="stmt"/>
        <line num="266" count="42" type="stmt"/>
        <line num="267" count="42" type="stmt"/>
        <line num="268" count="42" type="stmt"/>
        <line num="270" count="42" type="stmt"/>
        <line num="271" count="42" type="stmt"/>
        <line num="272" count="42" type="stmt"/>
        <line num="273" count="42" type="stmt"/>
        <line num="274" count="42" type="stmt"/>
        <line num="275" count="42" type="stmt"/>
        <line num="277" count="42" type="cond" truecount="0" falsecount="1"/>
        <line num="278" count="42" type="stmt"/>
        <line num="279" count="42" type="stmt"/>
        <line num="280" count="42" type="stmt"/>
        <line num="281" count="42" type="stmt"/>
        <line num="284" count="42" type="cond" truecount="0" falsecount="1"/>
        <line num="285" count="0" type="stmt"/>
        <line num="286" count="0" type="stmt"/>
        <line num="287" count="0" type="stmt"/>
        <line num="288" count="0" type="stmt"/>
        <line num="289" count="0" type="stmt"/>
        <line num="290" count="0" type="stmt"/>
        <line num="291" count="0" type="stmt"/>
        <line num="292" count="0" type="stmt"/>
        <line num="293" count="0" type="stmt"/>
        <line num="294" count="0" type="stmt"/>
        <line num="295" count="0" type="stmt"/>
        <line num="296" count="0" type="stmt"/>
        <line num="297" count="0" type="stmt"/>
        <line num="298" count="0" type="stmt"/>
        <line num="299" count="0" type="stmt"/>
        <line num="300" count="0" type="stmt"/>
        <line num="301" count="0" type="stmt"/>
        <line num="302" count="0" type="stmt"/>
        <line num="303" count="0" type="stmt"/>
        <line num="304" count="0" type="stmt"/>
        <line num="306" count="0" type="stmt"/>
        <line num="307" count="0" type="stmt"/>
        <line num="308" count="0" type="stmt"/>
        <line num="309" count="0" type="stmt"/>
        <line num="310" count="0" type="stmt"/>
        <line num="312" count="0" type="stmt"/>
        <line num="313" count="0" type="stmt"/>
        <line num="315" count="0" type="stmt"/>
        <line num="317" count="0" type="stmt"/>
        <line num="318" count="0" type="stmt"/>
        <line num="319" count="0" type="stmt"/>
        <line num="320" count="0" type="stmt"/>
        <line num="321" count="0" type="stmt"/>
        <line num="322" count="0" type="stmt"/>
        <line num="323" count="0" type="stmt"/>
        <line num="324" count="0" type="stmt"/>
        <line num="325" count="0" type="stmt"/>
        <line num="326" count="0" type="stmt"/>
        <line num="327" count="0" type="stmt"/>
        <line num="328" count="0" type="stmt"/>
        <line num="329" count="0" type="stmt"/>
        <line num="330" count="0" type="stmt"/>
        <line num="331" count="0" type="stmt"/>
        <line num="333" count="0" type="stmt"/>
        <line num="335" count="0" type="stmt"/>
        <line num="336" count="0" type="stmt"/>
        <line num="340" count="42" type="cond" truecount="0" falsecount="2"/>
        <line num="341" count="0" type="stmt"/>
        <line num="342" count="0" type="stmt"/>
        <line num="343" count="0" type="stmt"/>
        <line num="344" count="0" type="stmt"/>
        <line num="345" count="0" type="stmt"/>
        <line num="347" count="0" type="stmt"/>
        <line num="348" count="0" type="stmt"/>
        <line num="349" count="0" type="stmt"/>
        <line num="350" count="0" type="stmt"/>
        <line num="351" count="0" type="stmt"/>
        <line num="352" count="0" type="stmt"/>
        <line num="353" count="0" type="stmt"/>
        <line num="354" count="0" type="stmt"/>
        <line num="355" count="0" type="stmt"/>
        <line num="356" count="0" type="stmt"/>
        <line num="357" count="0" type="stmt"/>
        <line num="359" count="0" type="stmt"/>
        <line num="360" count="0" type="stmt"/>
        <line num="361" count="0" type="stmt"/>
        <line num="362" count="0" type="stmt"/>
        <line num="363" count="0" type="stmt"/>
        <line num="365" count="0" type="stmt"/>
        <line num="366" count="0" type="stmt"/>
        <line num="367" count="0" type="stmt"/>
        <line num="369" count="0" type="stmt"/>
        <line num="370" count="0" type="stmt"/>
        <line num="371" count="0" type="stmt"/>
        <line num="373" count="42" type="stmt"/>
        <line num="374" count="42" type="stmt"/>
        <line num="375" count="42" type="stmt"/>
        <line num="377" count="42" type="stmt"/>
      </file>
      <file name="Metrics.tsx" path="/tmp/mvp-v3-b634830a-da6f-446a-af22-0bb1762dc75c-eAQvD3/src/components/Metrics.tsx">
        <metrics statements="151" coveredstatements="128" conditionals="17" coveredconditionals="16" methods="3" coveredmethods="3"/>
        <line num="1" count="1" type="stmt"/>
        <line num="2" count="1" type="stmt"/>
        <line num="12" count="1" type="stmt"/>
        <line num="13" count="1" type="stmt"/>
        <line num="14" count="1" type="stmt"/>
        <line num="15" count="1" type="stmt"/>
        <line num="16" count="1" type="stmt"/>
        <line num="17" count="1" type="stmt"/>
[...]
        <line num="114" count="12" type="stmt"/>
        <line num="115" count="0" type="stmt"/>
        <line num="116" count="0" type="stmt"/>
        <line num="117" count="0" type="stmt"/>
        <line num="118" count="0" type="stmt"/>
        <line num="119" count="0" type="stmt"/>
        <line num="120" count="0" type="stmt"/>
        <line num="121" count="0" type="stmt"/>
        <line num="122" count="0" type="stmt"/>
        <line num="123" count="12" type="stmt"/>
        <line num="125" count="12" type="stmt"/>
        <line num="126" count="0" type="stmt"/>
        <line num="127" count="0" type="stmt"/>
        <line num="128" count="12" type="stmt"/>
        <line num="130" count="12" type="cond" truecount="1" falsecount="0"/>
        <line num="131" count="12" type="stmt"/>
        <line num="132" count="12" type="stmt"/>
        <line num="133" count="12" type="stmt"/>
        <line num="134" count="12" type="stmt"/>
        <line num="135" count="25" type="stmt"/>
        <line num="137" count="25" type="stmt"/>
        <line num="138" count="25" type="stmt"/>
        <line num="139" count="25" type="stmt"/>
        <line num="140" count="25" type="stmt"/>
        <line num="141" count="25" type="stmt"/>
        <line num="142" count="25" type="stmt"/>
        <line num="145" count="25" type="stmt"/>
        <line num="146" count="25" type="stmt"/>
        <line num="148" count="25" type="stmt"/>
        <line num="149" count="25" type="stmt"/>
        <line num="150" count="25" type="stmt"/>
        <line num="152" count="25" type="stmt"/>
        <line num="153" count="25" type="stmt"/>
        <line num="155" count="25" type="stmt"/>
        <line num="156" count="25" type="stmt"/>
        <line num="158" count="25" type="stmt"/>
        <line num="159" count="25" type="cond" truecount="1" falsecount="0"/>
        <line num="160" count="100" type="stmt"/>
        <line num="161" count="100" type="stmt"/>
        <line num="162" count="100" type="stmt"/>
        <line num="163" count="100" type="stmt"/>
        <line num="164" count="100" type="stmt"/>
        <line num="165" count="100" type="stmt"/>
        <line num="166" count="100" type="stmt"/>
        <line num="167" count="100" type="stmt"/>
        <line num="168" count="100" type="stmt"/>
        <line num="169" count="100" type="stmt"/>
        <line num="170" count="100" type="cond" truecount="1" falsecount="1"/>
        <line num="171" count="0" type="stmt"/>
        <line num="172" count="0" type="stmt"/>
        <line num="173" count="0" type="stmt"/>
        <line num="175" count="100" type="stmt"/>
        <line num="176" count="100" type="stmt"/>
        <line num="177" count="100" type="stmt"/>
        <line num="178" count="100" type="stmt"/>
        <line num="179" count="100" type="cond" truecount="1" falsecount="0"/>
        <line num="180" count="50" type="stmt"/>
        <line num="181" count="50" type="stmt"/>
        <line num="182" count="50" type="stmt"/>
        <line num="183" count="50" type="stmt"/>
        <line num="185" count="100" type="stmt"/>
        <line num="186" count="25" type="stmt"/>
        <line num="187" count="25" type="stmt"/>
        <line num="188" count="25" type="stmt"/>
        <line num="189" count="25" type="stmt"/>
        <line num="191" count="25" type="stmt"/>
      </file>
      <file name="ScrollToTop.tsx" path="/tmp/mvp-v3-b634830a-da6f-446a-af22-0bb1762dc75c-eAQvD3/src/components/ScrollToTop.tsx">
        <metrics statements="38" coveredstatements="35" conditionals="5" coveredconditionals="4" methods="3" coveredmethods="2"/>
        <line num="1" count="1" type="stmt"/>
        <line num="3" count="1" type="cond" truecount="1" falsecount="0"/>
        <line num="4" count="9" type="stmt"/>
        <line num="6" count="9" type="cond" truecount="1" falsecount="0"/>
        <line num="7" count="9" type="stmt"/>
        <line num="8" count="0" type="stmt"/>
        <line num="9" count="0" type="stmt"/>
        <line num="11" count="9" type="stmt"/>
        <line num="12" count="9" type="cond" truecount="1" falsecount="0"/>
        <line num="13" count="9" type="stmt"/>
        <line num="15" count="9" type="cond" truecount="1" falsecount="0"/>
        <line num="16" count="1" type="stmt"/>
        <line num="17" count="1" type="stmt"/>
        <line num="19" count="9" type="stmt"/>
        <line num="20" count="9" type="stmt"/>
        <line num="21" count="9" type="stmt"/>
        <line num="22" count="9" type="stmt"/>
        <line num="23" count="9" type="stmt"/>
        <line num="24" count="9" type="stmt"/>
        <line num="25" count="9" type="cond" truecount="0" falsecount="1"/>
        <line num="26" count="0" type="stmt"/>
        <line num="27" count="9" type="stmt"/>
        <line num="28" count="9" type="stmt"/>
        <line num="30" count="9" type="stmt"/>
        <line num="31" count="9" type="stmt"/>
        <line num="32" count="9" type="stmt"/>
        <line num="33" count="9" type="stmt"/>
        <line num="34" count="9" type="stmt"/>
        <line num="35" count="9" type="stmt"/>
        <line num="37" count="9" type="stmt"/>
        <line num="38" count="9" type="stmt"/>
        <line num="39" count="9" type="stmt"/>
        <line num="40" count="9" type="stmt"/>
        <line num="41" count="9" type="stmt"/>
        <line num="42" count="9" type="stmt"/>
        <line num="43" count="9" type="stmt"/>
        <line num="44" count="9" type="stmt"/>
        <line num="46" count="9" type="stmt"/>
      </file>
      <file name="Testimonials.tsx" path="/tmp/mvp-v3-b634830a-da6f-446a-af22-0bb1762dc75c-eAQvD3/src/components/Testimonials.tsx">
        <metrics statements="129" coveredstatements="129" conditionals="11" coveredconditionals="11" methods="3" coveredmethods="3"/>
        <line num="1" count="1" type="stmt"/>
        <line num="11" count="1" type="stmt"/>
        <line num="12" count="1" type="stmt"/>
        <line num="13" count="1" type="stmt"/>
        <line num="14" count="1" type="stmt"/>
        <line num="15" count="1" type="stmt"/>
        <line num="16" count="1" type="stmt"/>
        <line num="17" count="1" type="stmt"/>
        <line num="18" count="1" type="stmt"/>
        <line num="19" count="1" type="stmt"/>
        <line num="20" count="1" type="stmt"/>
        <line num="21" count="1" type="stmt"/>
        <line num="22" count="1" type="stmt"/>
        <line num="23" count="1" type="stmt"/>
        <line num="24" count="1" type="stmt"/>
        <line num="25" count="1" type="stmt"/>
        <line num="26" count="1" type="stmt"/>
        <line num="27" count="1" type="stmt"/>
        <line num="28" count="1" type="stmt"/>
        <line num="29" count="1" type="stmt"/>
        <line num="30" count="1" type="stmt"/>
        <line num="31" count="1" type="stmt"/>
        <line num="32" count="1" type="stmt"/>
        <line num="33" count="1" type="stmt"/>
        <line num="34" count="1" type="stmt"/>
        <line num="35" count="1" type="stmt"/>
        <line num="36" count="1" type="stmt"/>
        <line num="38" count="69" type="cond" truecount="1" falsecount="0"/>
        <line num="39" count="69" type="cond" truecount="1" falsecount="0"/>
        <line num="40" count="23" type="stmt"/>
        <line num="41" count="23" type="stmt"/>
        <line num="42" count="23" type="stmt"/>
        <line num="43" count="23" type="stmt"/>
        <line num="44" count="23" type="stmt"/>
        <line num="45" count="23" type="stmt"/>
        <line num="46" count="23" type="stmt"/>
        <line num="48" count="23" type="cond" truecount="1" falsecount="0"/>
        <line num="49" count="69" type="cond" truecount="1" falsecount="0"/>
        <line num="50" count="23" type="stmt"/>
        <line num="51" count="23" type="stmt"/>
        <line num="52" count="23" type="stmt"/>
        <line num="53" count="23" type="stmt"/>
        <line num="54" count="23" type="stmt"/>
        <line num="55" count="23" type="stmt"/>
        <line num="56" count="23" type="stmt"/>
        <line num="57" count="23" type="stmt"/>
        <line num="58" count="23" type="stmt"/>
        <line num="59" count="23" type="stmt"/>
        <line num="61" count="23" type="stmt"/>
        <line num="63" count="23" type="stmt"/>
        <line num="64" count="23" type="stmt"/>
        <line num="65" count="23" type="stmt"/>
        <line num="66" count="23" type="stmt"/>
        <line num="67" count="23" type="stmt"/>
        <line num="68" count="23" type="stmt"/>
        <line num="69" count="23" type="stmt"/>
        <line num="70" count="23" type="stmt"/>
        <line num="71" count="23" type="stmt"/>
        <line num="72" count="23" type="stmt"/>
        <line num="73" count="23" type="stmt"/>
        <line num="75" count="23" type="stmt"/>
        <line num="77" count="69" type="cond" truecount="1" falsecount="0"/>
        <line num="78" count="69" type="stmt"/>
        <line num="80" count="69" type="stmt"/>
        <line num="81" count="69" type="stmt"/>
        <line num="82" count="69" type="stmt"/>
        <line num="83" count="69" type="stmt"/>
        <line num="84" count="69" type="cond" truecount="2" falsecount="0"/>
        <line num="85" count="69" type="stmt"/>
        <line num="87" count="69" type="stmt"/>
        <line num="88" count="69" type="stmt"/>
        <line num="89" count="69" type="stmt"/>
        <line num="90" count="69" type="stmt"/>
        <line num="91" count="69" type="stmt"/>
        <line num="92" count="69" type="stmt"/>
        <line num="93" count="69" type="stmt"/>
        <line num="94" count="69" type="stmt"/>
        <line num="95" count="69" type="stmt"/>
        <line num="96" count="69" type="stmt"/>
        <line num="97" count="69" type="stmt"/>
        <line num="98" count="69" type="stmt"/>
        <line num="100" count="69" type="stmt"/>
        <line num="101" count="69" type="stmt"/>
        <line num="102" count="69" type="stmt"/>
        <line num="103" count="69" type="stmt"/>
        <line num="104" count="69" type="stmt"/>
        <line num="105" count="69" type="stmt"/>
        <line num="106" count="69" type="stmt"/>
        <line num="107" count="69" type="stmt"/>
        <line num="109" count="69" type="stmt"/>
        <line num="110" count="69" type="stmt"/>
        <line num="111" count="69" type="stmt"/>
        <line num="112" count="69" type="stmt"/>
        <line num="113" count="69" type="stmt"/>
        <line num="114" count="69" type="stmt"/>
        <line num="115" count="69" type="stmt"/>
        <line num="116" count="69" type="stmt"/>
        <line num="118" count="69" type="stmt"/>
        <line num="120" count="1" type="cond" truecount="1" falsecount="0"/>
        <line num="121" count="23" type="stmt"/>
        <line num="123" count="23" type="stmt"/>
        <line num="124" count="23" type="stmt"/>
        <line num="125" count="23" type="stmt"/>
        <line num="126" count="23" type="stmt"/>
        <line num="127" count="23" type="stmt"/>
        <line num="129" count="23" type="stmt"/>
        <line num="130" count="23" type="stmt"/>
        <line num="131" count="23" type="stmt"/>
        <line num="132" count="23" type="stmt"/>
        <line num="133" count="23" type="cond" truecount="2" falsecount="0"/>
        <line num="134" count="23" type="stmt"/>
        <line num="136" count="23" type="stmt"/>
        <line num="137" count="23" type="stmt"/>
        <line num="138" count="23" type="stmt"/>
        <line num="139" count="23" type="stmt"/>
        <line num="140" count="23" type="stmt"/>
        <line num="142" count="23" type="stmt"/>
        <line num="143" count="23" type="stmt"/>
        <line num="145" count="23" type="stmt"/>
        <line num="146" count="23" type="stmt"/>
        <line num="147" count="23" type="stmt"/>
        <line num="149" count="23" type="stmt"/>
        <line num="150" count="23" type="cond" truecount="1" falsecount="0"/>
        <line num="151" count="69" type="stmt"/>
        <line num="152" count="23" type="stmt"/>
        <line num="153" count="23" type="stmt"/>
        <line num="154" count="23" type="stmt"/>
        <line num="155" count="23" type="stmt"/>
        <line num="157" count="23" type="stmt"/>
      </file>
    </package>
    <package name="src.hooks">
      <metrics statements="122" coveredstatements="113" conditionals="28" coveredconditionals="25" methods="7" coveredmethods="6"/>
      <file name="useActiveSection.ts" path="/tmp/mvp-v3-b634830a-da6f-446a-af22-0bb1762dc75c-eAQvD3/src/hooks/useActiveSection.ts">
        <metrics statements="28" coveredstatements="26" conditionals="7" coveredconditionals="6" methods="2" coveredmethods="2"/>
        <line num="1" count="1" type="stmt"/>
        <line num="3" count="1" type="stmt"/>
        <line num="6" count="1" type="cond" truecount="1" falsecount="0"/>
        <line num="7" count="21" type="stmt"/>
        <line num="9" count="21" type="cond" truecount="1" falsecount="0"/>
        <line num="10" count="19" type="stmt"/>
        <line num="11" count="19" type="cond" truecount="1" falsecount="0"/>
        <line num="12" count="25" type="stmt"/>
        <line num="13" count="25" type="stmt"/>
        <line num="14" count="25" type="stmt"/>
        <line num="15" count="25" type="cond" truecount="0" falsecount="1"/>
        <line num="16" count="0" type="stmt"/>
        <line num="17" count="0" type="stmt"/>
        <line num="18" count="25" type="stmt"/>
        <line num="19" count="25" type="stmt"/>
        <line num="20" count="25" type="stmt"/>
        <line num="21" count="19" type="stmt"/>
        <line num="22" count="19" type="stmt"/>
        <line num="24" count="19" type="cond" truecount="1" falsecount="0"/>
        <line num="25" count="95" type="stmt"/>
        <line num="26" count="95" type="cond" truecount="1" falsecount="0"/>
        <line num="27" count="25" type="stmt"/>
        <line num="28" count="25" type="stmt"/>
        <line num="29" count="95" type="stmt"/>
        <line num="31" count="19" type="cond" truecount="1" falsecount="0"/>
        <line num="32" count="21" type="stmt"/>
        <line num="34" count="21" type="stmt"/>
        <line num="35" count="21" type="stmt"/>
      </file>
      <file name="useScrollAnimation.ts" path="/tmp/mvp-v3-b634830a-da6f-446a-af22-0bb1762dc75c-eAQvD3/src/hooks/useScrollAnimation.ts">
        <metrics statements="52" coveredstatements="45" conditionals="13" coveredconditionals="11" methods="3" coveredmethods="2"/>
        <line num="1" count="1" type="stmt"/>
        <line num="9" count="264" type="cond" truecount="1" falsecount="0"/>
        <line num="10" count="264" type="stmt"/>
        <line num="11" count="264" type="stmt"/>
        <line num="13" count="1" type="cond" truecount="1" falsecount="0"/>
        <line num="14" count="517" type="stmt"/>
        <line num="15" count="517" type="stmt"/>
        <line num="16" count="517" type="stmt"/>
        <line num="17" count="517" type="stmt"/>
        <line num="18" count="517" type="stmt"/>
        <line num="19" count="517" type="stmt"/>
        <line num="20" count="517" type="stmt"/>
        <line num="23" count="517" type="cond" truecount="1" falsecount="0"/>
        <line num="24" count="264" type="stmt"/>
        <line num="25" count="264" type="stmt"/>
        <line num="26" count="0" type="stmt"/>
        <line num="27" count="0" type="stmt"/>
        <line num="28" count="264" type="stmt"/>
        <line num="29" count="264" type="cond" truecount="1" falsecount="0"/>
        <line num="30" count="517" type="stmt"/>
        <line num="32" count="517" type="stmt"/>
        <line num="33" count="517" type="cond" truecount="1" falsecount="0"/>
        <line num="34" count="259" type="stmt"/>
        <line num="35" count="259" type="stmt"/>
        <line num="36" count="259" type="stmt"/>
        <line num="37" count="259" type="stmt"/>
        <line num="38" count="259" type="stmt"/>
        <line num="39" count="259" type="stmt"/>
        <line num="40" count="259" type="cond" truecount="0" falsecount="1"/>
        <line num="41" count="0" type="stmt"/>
        <line num="42" count="0" type="stmt"/>
        <line num="43" count="259" type="stmt"/>
        <line num="44" count="517" type="stmt"/>
        <line num="45" count="517" type="stmt"/>
        <line num="47" count="517" type="cond" truecount="1" falsecount="0"/>
        <line num="48" count="264" type="stmt"/>
        <line num="49" count="264" type="cond" truecount="3" falsecount="0"/>
        <line num="52" count="260" type="cond" truecount="0" falsecount="1"/>
        <line num="53" count="0" type="stmt"/>
        <line num="54" count="0" type="stmt"/>
        <line num="55" count="0" type="cond" truecount="1" falsecount="0"/>
        <line num="57" count="259" type="stmt"/>
        <line num="58" count="259" type="stmt"/>
        <line num="59" count="259" type="stmt"/>
        <line num="60" count="259" type="stmt"/>
        <line num="62" count="259" type="stmt"/>
        <line num="64" count="259" type="cond" truecount="1" falsecount="0"/>
        <line num="65" count="259" type="stmt"/>
        <line num="66" count="259" type="stmt"/>
        <line num="67" count="517" type="stmt"/>
        <line num="69" count="517" type="stmt"/>
        <line num="70" count="517" type="stmt"/>
      </file>
      <file name="useScrollPosition.ts" path="/tmp/mvp-v3-b634830a-da6f-446a-af22-0bb1762dc75c-eAQvD3/src/hooks/useScrollPosition.ts">
        <metrics statements="42" coveredstatements="42" conditionals="8" coveredconditionals="8" methods="2" coveredmethods="2"/>
        <line num="1" count="1" type="stmt"/>
        <line num="14" count="1" type="cond" truecount="1" falsecount="0"/>
        <line num="15" count="30" type="stmt"/>
        <line num="16" count="30" type="stmt"/>
        <line num="17" count="30" type="stmt"/>
        <line num="18" count="30" type="stmt"/>
        <line num="19" count="30" type="stmt"/>
        <line num="20" count="30" type="stmt"/>
        <line num="21" count="30" type="stmt"/>
        <line num="22" count="30" type="stmt"/>
        <line num="23" count="30" type="stmt"/>
        <line num="24" count="30" type="stmt"/>
        <line num="26" count="30" type="cond" truecount="1" falsecount="0"/>
        <line num="27" count="6" type="stmt"/>
        <line num="28" count="6" type="stmt"/>
        <line num="29" count="6" type="stmt"/>
        <line num="30" count="6" type="stmt"/>
        <line num="31" count="6" type="cond" truecount="2" falsecount="0"/>
        <line num="33" count="6" type="stmt"/>
        <line num="34" count="6" type="stmt"/>
        <line num="35" count="6" type="stmt"/>
        <line num="36" count="6" type="stmt"/>
        <line num="37" count="6" type="stmt"/>
        <line num="38" count="6" type="stmt"/>
        <line num="39" count="30" type="stmt"/>
        <line num="41" count="30" type="cond" truecount="1" falsecount="0"/>
        <line num="42" count="24" type="cond" truecount="1" falsecount="0"/>
        <line num="43" count="6" type="stmt"/>
        <line num="44" count="6" type="stmt"/>
        <line num="45" count="6" type="stmt"/>
        <line num="46" count="6" type="stmt"/>
        <line num="47" count="6" type="stmt"/>
        <line num="49" count="24" type="stmt"/>
        <line num="50" count="24" type="cond" truecount="1" falsecount="0"/>
        <line num="51" count="24" type="stmt"/>
        <line num="52" count="24" type="cond" truecount="1" falsecount="0"/>
        <line num="53" count="6" type="stmt"/>
        <line num="54" count="6" type="stmt"/>
        <line num="55" count="24" type="stmt"/>
        <line num="56" count="30" type="stmt"/>
        <line num="58" count="30" type="stmt"/>
        <line num="59" count="30" type="stmt"/>
      </file>
    </package>
  </project>
</coverage>
