{"/tmp/mvp-v3-b634830a-da6f-446a-af22-0bb1762dc75c-MBf9b7/src/App.tsx": {"path":"/tmp/mvp-v3-b634830a-da6f-446a-af22-0bb1762dc75c-MBf9b7/src/App.tsx","all":false,"statementMap":{"0":{"start":{"line":1,"column":0},"end":{"line":1,"column":60}},"1":{"start":{"line":2,"column":0},"end":{"line":2,"column":45}},"2":{"start":{"line":3,"column":0},"end":{"line":3,"column":59}},"4":{"start":{"line":5,"column":0},"end":{"line":5,"column":23}},"5":{"start":{"line":6,"column":0},"end":{"line":6,"column":64}},"6":{"start":{"line":7,"column":0},"end":{"line":7,"column":2}},"8":{"start":{"line":9,"column":0},"end":{"line":9,"column":30}},"9":{"start":{"line":10,"column":0},"end":{"line":10,"column":78}},"10":{"start":{"line":11,"column":0},"end":{"line":11,"column":2}},"12":{"start":{"line":13,"column":0},"end":{"line":13,"column":27}},"13":{"start":{"line":14,"column":0},"end":{"line":14,"column":72}},"14":{"start":{"line":15,"column":0},"end":{"line":15,"column":2}},"15":{"start":{"line":16,"column":0},"end":{"line":16,"column":29}},"16":{"start":{"line":17,"column":0},"end":{"line":17,"column":76}},"17":{"start":{"line":18,"column":0},"end":{"line":18,"column":2}},"18":{"start":{"line":19,"column":0},"end":{"line":19,"column":28}},"19":{"start":{"line":20,"column":0},"end":{"line":20,"column":74}},"20":{"start":{"line":21,"column":0},"end":{"line":21,"column":2}},"21":{"start":{"line":22,"column":0},"end":{"line":22,"column":26}},"22":{"start":{"line":23,"column":0},"end":{"line":23,"column":70}},"23":{"start":{"line":24,"column":0},"end":{"line":24,"column":2}},"24":{"start":{"line":25,"column":0},"end":{"line":25,"column":31}},"25":{"start":{"line":26,"column":0},"end":{"line":26,"column":52}},"26":{"start":{"line":27,"column":0},"end":{"line":27,"column":28}},"27":{"start":{"line":28,"column":0},"end":{"line":28,"column":5}},"28":{"start":{"line":29,"column":0},"end":{"line":29,"column":2}},"29":{"start":{"line":30,"column":0},"end":{"line":30,"column":22}},"30":{"start":{"line":31,"column":0},"end":{"line":31,"column":62}},"31":{"start":{"line":32,"column":0},"end":{"line":32,"column":2}},"32":{"start":{"line":33,"column":0},"end":{"line":33,"column":22}},"33":{"start":{"line":34,"column":0},"end":{"line":34,"column":62}},"34":{"start":{"line":35,"column":0},"end":{"line":35,"column":2}},"35":{"start":{"line":36,"column":0},"end":{"line":36,"column":25}},"36":{"start":{"line":37,"column":0},"end":{"line":37,"column":68}},"37":{"start":{"line":38,"column":0},"end":{"line":38,"column":2}},"39":{"start":{"line":40,"column":0},"end":{"line":40,"column":28}},"40":{"start":{"line":41,"column":0},"end":{"line":41,"column":10}},"41":{"start":{"line":42,"column":0},"end":{"line":42,"column":69}},"42":{"start":{"line":43,"column":0},"end":{"line":43,"column":62}},"43":{"start":{"line":44,"column":0},"end":{"line":44,"column":79}},"44":{"start":{"line":45,"column":0},"end":{"line":45,"column":80}},"45":{"start":{"line":46,"column":0},"end":{"line":46,"column":63}},"46":{"start":{"line":47,"column":0},"end":{"line":47,"column":52}},"47":{"start":{"line":48,"column":0},"end":{"line":48,"column":70}},"48":{"start":{"line":49,"column":0},"end":{"line":49,"column":13}},"49":{"start":{"line":50,"column":0},"end":{"line":50,"column":14}},"50":{"start":{"line":51,"column":0},"end":{"line":51,"column":12}},"51":{"start":{"line":52,"column":0},"end":{"line":52,"column":10}},"53":{"start":{"line":54,"column":0},"end":{"line":54,"column":1}},"55":{"start":{"line":56,"column":0},"end":{"line":56,"column":33}},"56":{"start":{"line":57,"column":0},"end":{"line":57,"column":10}},"57":{"start":{"line":58,"column":0},"end":{"line":58,"column":52}},"58":{"start":{"line":59,"column":0},"end":{"line":59,"column":136}},"59":{"start":{"line":60,"column":0},"end":{"line":60,"column":216}},"60":{"start":{"line":61,"column":0},"end":{"line":61,"column":12}},"61":{"start":{"line":62,"column":0},"end":{"line":62,"column":103}},"62":{"start":{"line":63,"column":0},"end":{"line":63,"column":10}},"64":{"start":{"line":65,"column":0},"end":{"line":65,"column":1}},"66":{"start":{"line":67,"column":0},"end":{"line":67,"column":23}},"67":{"start":{"line":68,"column":0},"end":{"line":68,"column":62}},"70":{"start":{"line":71,"column":0},"end":{"line":71,"column":19}},"71":{"start":{"line":72,"column":0},"end":{"line":72,"column":25}},"72":{"start":{"line":73,"column":0},"end":{"line":73,"column":86}},"73":{"start":{"line":74,"column":0},"end":{"line":74,"column":46}},"74":{"start":{"line":75,"column":0},"end":{"line":75,"column":63}},"75":{"start":{"line":76,"column":0},"end":{"line":76,"column":12}},"76":{"start":{"line":77,"column":0},"end":{"line":77,"column":40}},"77":{"start":{"line":78,"column":0},"end":{"line":78,"column":44}},"78":{"start":{"line":79,"column":0},"end":{"line":79,"column":5}},"80":{"start":{"line":81,"column":0},"end":{"line":81,"column":18}},"81":{"start":{"line":82,"column":0},"end":{"line":82,"column":40}},"82":{"start":{"line":83,"column":0},"end":{"line":83,"column":44}},"83":{"start":{"line":84,"column":0},"end":{"line":84,"column":6}},"84":{"start":{"line":85,"column":0},"end":{"line":85,"column":23}},"86":{"start":{"line":87,"column":0},"end":{"line":87,"column":10}},"87":{"start":{"line":88,"column":0},"end":{"line":88,"column":48}},"88":{"start":{"line":89,"column":0},"end":{"line":89,"column":8}},"89":{"start":{"line":90,"column":0},"end":{"line":90,"column":28}},"90":{"start":{"line":91,"column":0},"end":{"line":91,"column":166}},"91":{"start":{"line":92,"column":0},"end":{"line":92,"column":7}},"93":{"start":{"line":94,"column":0},"end":{"line":94,"column":10}},"94":{"start":{"line":95,"column":0},"end":{"line":95,"column":13}},"95":{"start":{"line":96,"column":0},"end":{"line":96,"column":39}},"96":{"start":{"line":97,"column":0},"end":{"line":97,"column":78}},"97":{"start":{"line":98,"column":0},"end":{"line":98,"column":8}},"98":{"start":{"line":99,"column":0},"end":{"line":99,"column":30}},"99":{"start":{"line":100,"column":0},"end":{"line":100,"column":59}},"100":{"start":{"line":101,"column":0},"end":{"line":101,"column":51}},"101":{"start":{"line":102,"column":0},"end":{"line":102,"column":20}},"102":{"start":{"line":103,"column":0},"end":{"line":103,"column":21}},"103":{"start":{"line":104,"column":0},"end":{"line":104,"column":24}},"104":{"start":{"line":105,"column":0},"end":{"line":105,"column":59}},"105":{"start":{"line":106,"column":0},"end":{"line":106,"column":51}},"106":{"start":{"line":107,"column":0},"end":{"line":107,"column":24}},"107":{"start":{"line":108,"column":0},"end":{"line":108,"column":21}},"108":{"start":{"line":109,"column":0},"end":{"line":109,"column":24}},"109":{"start":{"line":110,"column":0},"end":{"line":110,"column":59}},"110":{"start":{"line":111,"column":0},"end":{"line":111,"column":51}},"111":{"start":{"line":112,"column":0},"end":{"line":112,"column":26}},"112":{"start":{"line":113,"column":0},"end":{"line":113,"column":21}},"113":{"start":{"line":114,"column":0},"end":{"line":114,"column":24}},"114":{"start":{"line":115,"column":0},"end":{"line":115,"column":59}},"115":{"start":{"line":116,"column":0},"end":{"line":116,"column":51}},"116":{"start":{"line":117,"column":0},"end":{"line":117,"column":25}},"117":{"start":{"line":118,"column":0},"end":{"line":118,"column":21}},"118":{"start":{"line":119,"column":0},"end":{"line":119,"column":24}},"119":{"start":{"line":120,"column":0},"end":{"line":120,"column":59}},"120":{"start":{"line":121,"column":0},"end":{"line":121,"column":51}},"121":{"start":{"line":122,"column":0},"end":{"line":122,"column":23}},"122":{"start":{"line":123,"column":0},"end":{"line":123,"column":21}},"123":{"start":{"line":124,"column":0},"end":{"line":124,"column":24}},"124":{"start":{"line":125,"column":0},"end":{"line":125,"column":59}},"125":{"start":{"line":126,"column":0},"end":{"line":126,"column":51}},"126":{"start":{"line":127,"column":0},"end":{"line":127,"column":28}},"127":{"start":{"line":128,"column":0},"end":{"line":128,"column":21}},"128":{"start":{"line":129,"column":0},"end":{"line":129,"column":24}},"129":{"start":{"line":130,"column":0},"end":{"line":130,"column":59}},"130":{"start":{"line":131,"column":0},"end":{"line":131,"column":51}},"131":{"start":{"line":132,"column":0},"end":{"line":132,"column":19}},"132":{"start":{"line":133,"column":0},"end":{"line":133,"column":21}},"133":{"start":{"line":134,"column":0},"end":{"line":134,"column":24}},"134":{"start":{"line":135,"column":0},"end":{"line":135,"column":59}},"135":{"start":{"line":136,"column":0},"end":{"line":136,"column":51}},"136":{"start":{"line":137,"column":0},"end":{"line":137,"column":19}},"137":{"start":{"line":138,"column":0},"end":{"line":138,"column":21}},"138":{"start":{"line":139,"column":0},"end":{"line":139,"column":24}},"139":{"start":{"line":140,"column":0},"end":{"line":140,"column":13}},"140":{"start":{"line":141,"column":0},"end":{"line":141,"column":21}},"141":{"start":{"line":142,"column":0},"end":{"line":142,"column":73}},"142":{"start":{"line":143,"column":0},"end":{"line":143,"column":20}},"143":{"start":{"line":144,"column":0},"end":{"line":144,"column":19}},"144":{"start":{"line":145,"column":0},"end":{"line":145,"column":22}},"145":{"start":{"line":146,"column":0},"end":{"line":146,"column":21}},"146":{"start":{"line":147,"column":0},"end":{"line":147,"column":34}},"147":{"start":{"line":148,"column":0},"end":{"line":148,"column":25}},"148":{"start":{"line":149,"column":0},"end":{"line":149,"column":19}},"149":{"start":{"line":150,"column":0},"end":{"line":150,"column":22}},"150":{"start":{"line":151,"column":0},"end":{"line":151,"column":10}},"152":{"start":{"line":153,"column":0},"end":{"line":153,"column":1}}},"s":{"0":1,"1":1,"2":1,"4":1,"5":1,"6":1,"8":1,"9":1,"10":1,"12":1,"13":1,"14":1,"15":1,"16":1,"17":1,"18":1,"19":1,"20":1,"21":1,"22":1,"23":1,"24":1,"25":1,"26":1,"27":1,"28":1,"29":1,"30":1,"31":1,"32":1,"33":1,"34":1,"35":1,"36":1,"37":1,"39":8,"40":8,"41":8,"42":8,"43":8,"44":8,"45":8,"46":8,"47":24,"48":8,"49":8,"50":8,"51":8,"53":8,"55":0,"56":0,"57":0,"58":0,"59":0,"60":0,"61":0,"62":0,"64":0,"66":1,"67":6,"70":6,"71":6,"72":0,"73":0,"74":0,"75":6,"76":6,"77":6,"78":6,"80":6,"81":6,"82":6,"83":6,"84":6,"86":6,"87":6,"88":6,"89":6,"90":6,"91":6,"93":6,"94":6,"95":6,"96":6,"97":6,"98":6,"99":6,"100":6,"101":6,"102":6,"103":6,"104":6,"105":6,"106":6,"107":6,"108":6,"109":6,"110":6,"111":6,"112":6,"113":6,"114":6,"115":6,"116":6,"117":6,"118":6,"119":6,"120":6,"121":6,"122":6,"123":6,"124":6,"125":6,"126":6,"127":6,"128":6,"129":6,"130":6,"131":6,"132":6,"133":6,"134":6,"135":6,"136":6,"137":6,"138":6,"139":6,"140":6,"141":6,"142":6,"143":6,"144":6,"145":6,"146":6,"147":6,"148":6,"149":6,"150":6,"152":6},"branchMap":{"0":{"type":"branch","line":5,"loc":{"start":{"line":5,"column":18},"end":{"line":6,"column":64}},"locations":[{"start":{"line":5,"column":18},"end":{"line":6,"column":64}}]},"1":{"type":"branch","line":6,"loc":{"start":{"line":6,"column":36},"end":{"line":6,"column":64}},"locations":[{"start":{"line":6,"column":36},"end":{"line":6,"column":64}}]},"2":{"type":"branch","line":9,"loc":{"start":{"line":9,"column":25},"end":{"line":10,"column":78}},"locations":[{"start":{"line":9,"column":25},"end":{"line":10,"column":78}}]},"3":{"type":"branch","line":10,"loc":{"start":{"line":10,"column":43},"end":{"line":10,"column":78}},"locations":[{"start":{"line":10,"column":43},"end":{"line":10,"column":78}}]},"4":{"type":"branch","line":13,"loc":{"start":{"line":13,"column":22},"end":{"line":14,"column":72}},"locations":[{"start":{"line":13,"column":22},"end":{"line":14,"column":72}}]},"5":{"type":"branch","line":14,"loc":{"start":{"line":14,"column":40},"end":{"line":14,"column":72}},"locations":[{"start":{"line":14,"column":40},"end":{"line":14,"column":72}}]},"6":{"type":"branch","line":16,"loc":{"start":{"line":16,"column":24},"end":{"line":17,"column":76}},"locations":[{"start":{"line":16,"column":24},"end":{"line":17,"column":76}}]},"7":{"type":"branch","line":17,"loc":{"start":{"line":17,"column":42},"end":{"line":17,"column":76}},"locations":[{"start":{"line":17,"column":42},"end":{"line":17,"column":76}}]},"8":{"type":"branch","line":19,"loc":{"start":{"line":19,"column":23},"end":{"line":20,"column":74}},"locations":[{"start":{"line":19,"column":23},"end":{"line":20,"column":74}}]},"9":{"type":"branch","line":20,"loc":{"start":{"line":20,"column":41},"end":{"line":20,"column":74}},"locations":[{"start":{"line":20,"column":41},"end":{"line":20,"column":74}}]},"10":{"type":"branch","line":22,"loc":{"start":{"line":22,"column":21},"end":{"line":23,"column":70}},"locations":[{"start":{"line":22,"column":21},"end":{"line":23,"column":70}}]},"11":{"type":"branch","line":23,"loc":{"start":{"line":23,"column":39},"end":{"line":23,"column":70}},"locations":[{"start":{"line":23,"column":39},"end":{"line":23,"column":70}}]},"12":{"type":"branch","line":25,"loc":{"start":{"line":25,"column":26},"end":{"line":28,"column":5}},"locations":[{"start":{"line":25,"column":26},"end":{"line":28,"column":5}}]},"13":{"type":"branch","line":26,"loc":{"start":{"line":26,"column":44},"end":{"line":28,"column":4}},"locations":[{"start":{"line":26,"column":44},"end":{"line":28,"column":4}}]},"14":{"type":"branch","line":30,"loc":{"start":{"line":30,"column":17},"end":{"line":31,"column":62}},"locations":[{"start":{"line":30,"column":17},"end":{"line":31,"column":62}}]},"15":{"type":"branch","line":31,"loc":{"start":{"line":31,"column":35},"end":{"line":31,"column":62}},"locations":[{"start":{"line":31,"column":35},"end":{"line":31,"column":62}}]},"16":{"type":"branch","line":33,"loc":{"start":{"line":33,"column":17},"end":{"line":34,"column":62}},"locations":[{"start":{"line":33,"column":17},"end":{"line":34,"column":62}}]},"17":{"type":"branch","line":34,"loc":{"start":{"line":34,"column":35},"end":{"line":34,"column":62}},"locations":[{"start":{"line":34,"column":35},"end":{"line":34,"column":62}}]},"18":{"type":"branch","line":36,"loc":{"start":{"line":36,"column":20},"end":{"line":37,"column":68}},"locations":[{"start":{"line":36,"column":20},"end":{"line":37,"column":68}}]},"19":{"type":"branch","line":37,"loc":{"start":{"line":37,"column":38},"end":{"line":37,"column":68}},"locations":[{"start":{"line":37,"column":38},"end":{"line":37,"column":68}}]},"20":{"type":"branch","line":40,"loc":{"start":{"line":40,"column":0},"end":{"line":54,"column":1}},"locations":[{"start":{"line":40,"column":0},"end":{"line":54,"column":1}}]},"21":{"type":"branch","line":47,"loc":{"start":{"line":47,"column":41},"end":{"line":48,"column":70}},"locations":[{"start":{"line":47,"column":41},"end":{"line":48,"column":70}}]},"22":{"type":"branch","line":67,"loc":{"start":{"line":67,"column":7},"end":{"line":153,"column":1}},"locations":[{"start":{"line":67,"column":7},"end":{"line":153,"column":1}}]},"23":{"type":"branch","line":71,"loc":{"start":{"line":71,"column":12},"end":{"line":85,"column":5}},"locations":[{"start":{"line":71,"column":12},"end":{"line":85,"column":5}}]},"24":{"type":"branch","line":72,"loc":{"start":{"line":72,"column":24},"end":{"line":76,"column":11}},"locations":[{"start":{"line":72,"column":24},"end":{"line":76,"column":11}}]},"25":{"type":"branch","line":81,"loc":{"start":{"line":81,"column":11},"end":{"line":84,"column":6}},"locations":[{"start":{"line":81,"column":11},"end":{"line":84,"column":6}}]}},"b":{"0":[1],"1":[1],"2":[1],"3":[1],"4":[1],"5":[1],"6":[1],"7":[1],"8":[1],"9":[1],"10":[1],"11":[1],"12":[1],"13":[1],"14":[1],"15":[1],"16":[1],"17":[1],"18":[1],"19":[1],"20":[8],"21":[24],"22":[6],"23":[6],"24":[0],"25":[6]},"fnMap":{"0":{"name":"SectionSkeleton","decl":{"start":{"line":40,"column":0},"end":{"line":54,"column":1}},"loc":{"start":{"line":40,"column":0},"end":{"line":54,"column":1}},"line":40},"1":{"name":"SectionErrorFallback","decl":{"start":{"line":56,"column":0},"end":{"line":65,"column":1}},"loc":{"start":{"line":56,"column":0},"end":{"line":65,"column":1}},"line":56},"2":{"name":"App","decl":{"start":{"line":67,"column":7},"end":{"line":153,"column":1}},"loc":{"start":{"line":67,"column":7},"end":{"line":153,"column":1}},"line":67},"3":{"name":"onToggleMobileMenu","decl":{"start":{"line":97,"column":28},"end":{"line":97,"column":78}},"loc":{"start":{"line":97,"column":28},"end":{"line":97,"column":78}},"line":97}},"f":{"0":8,"1":0,"2":6,"3":0}}
,"/tmp/mvp-v3-b634830a-da6f-446a-af22-0bb1762dc75c-MBf9b7/src/main.tsx": {"path":"/tmp/mvp-v3-b634830a-da6f-446a-af22-0bb1762dc75c-MBf9b7/src/main.tsx","all":true,"statementMap":{"0":{"start":{"line":1,"column":0},"end":{"line":1,"column":35}},"1":{"start":{"line":2,"column":0},"end":{"line":2,"column":46}},"2":{"start":{"line":3,"column":0},"end":{"line":3,"column":28}},"3":{"start":{"line":4,"column":0},"end":{"line":4,"column":22}},"5":{"start":{"line":6,"column":0},"end":{"line":6,"column":52}},"6":{"start":{"line":7,"column":0},"end":{"line":7,"column":19}},"7":{"start":{"line":8,"column":0},"end":{"line":8,"column":44}},"8":{"start":{"line":9,"column":0},"end":{"line":9,"column":1}},"10":{"start":{"line":11,"column":0},"end":{"line":11,"column":31}},"11":{"start":{"line":12,"column":0},"end":{"line":12,"column":14}},"12":{"start":{"line":13,"column":0},"end":{"line":13,"column":11}},"13":{"start":{"line":14,"column":0},"end":{"line":14,"column":15}},"14":{"start":{"line":15,"column":0},"end":{"line":15,"column":2}}},"s":{"0":0,"1":0,"2":0,"3":0,"5":0,"6":0,"7":0,"8":0,"10":0,"11":0,"12":0,"13":0,"14":0},"branchMap":{"0":{"type":"branch","line":1,"loc":{"start":{"line":1,"column":308},"end":{"line":15,"column":-221}},"locations":[{"start":{"line":1,"column":308},"end":{"line":15,"column":-221}}]}},"b":{"0":[0]},"fnMap":{"0":{"name":"(empty-report)","decl":{"start":{"line":1,"column":308},"end":{"line":15,"column":-221}},"loc":{"start":{"line":1,"column":308},"end":{"line":15,"column":-221}},"line":1}},"f":{"0":0}}
,"/tmp/mvp-v3-b634830a-da6f-446a-af22-0bb1762dc75c-MBf9b7/src/components/CTA.tsx": {"path":"/tmp/mvp-v3-b634830a-da6f-446a-af22-0bb1762dc75c-MBf9b7/src/components/CTA.tsx","all":false,"statementMap":{"0":{"start":{"line":1,"column":0},"end":{"line":1,"column":55}},"2":{"start":{"line":3,"column":0},"end":{"line":3,"column":49}},"4":{"start":{"line":5,"column":0},"end":{"line":5,"column":23}},"5":{"start":{"line":6,"column":0},"end":{"line":6,"column":41}},"6":{"start":{"line":7,"column":0},"end":{"line":7,"column":52}},"7":{"start":{"line":8,"column":0},"end":{"line":8,"column":51}},"9":{"start":{"line":10,"column":0},"end":{"line":10,"column":78}},"11":{"start":{"line":12,"column":0},"end":{"line":12,"column":64}},"12":{"start":{"line":13,"column":0},"end":{"line":13,"column":33}},"13":{"start":{"line":14,"column":0},"end":{"line":14,"column":28}},"14":{"start":{"line":15,"column":0},"end":{"line":15,"column":37}},"15":{"start":{"line":16,"column":0},"end":{"line":16,"column":50}},"16":{"start":{"line":17,"column":0},"end":{"line":17,"column":5}},"17":{"start":{"line":18,"column":0},"end":{"line":18,"column":14}},"18":{"start":{"line":19,"column":0},"end":{"line":19,"column":9}},"20":{"start":{"line":21,"column":0},"end":{"line":21,"column":40}},"21":{"start":{"line":22,"column":0},"end":{"line":22,"column":49}},"22":{"start":{"line":23,"column":0},"end":{"line":23,"column":35}},"23":{"start":{"line":24,"column":0},"end":{"line":24,"column":22}},"25":{"start":{"line":26,"column":0},"end":{"line":26,"column":23}},"26":{"start":{"line":27,"column":0},"end":{"line":27,"column":44}},"27":{"start":{"line":28,"column":0},"end":{"line":28,"column":7}},"28":{"start":{"line":29,"column":0},"end":{"line":29,"column":6}},"29":{"start":{"line":30,"column":0},"end":{"line":30,"column":31}},"30":{"start":{"line":31,"column":0},"end":{"line":31,"column":4}},"32":{"start":{"line":33,"column":0},"end":{"line":33,"column":35}},"33":{"start":{"line":34,"column":0},"end":{"line":34,"column":46}},"34":{"start":{"line":35,"column":0},"end":{"line":35,"column":25}},"35":{"start":{"line":36,"column":0},"end":{"line":36,"column":35}},"37":{"start":{"line":38,"column":0},"end":{"line":38,"column":21}},"38":{"start":{"line":39,"column":0},"end":{"line":39,"column":57}},"39":{"start":{"line":40,"column":0},"end":{"line":40,"column":15}},"40":{"start":{"line":41,"column":0},"end":{"line":41,"column":7}},"42":{"start":{"line":43,"column":0},"end":{"line":43,"column":26}},"43":{"start":{"line":44,"column":0},"end":{"line":44,"column":60}},"44":{"start":{"line":45,"column":0},"end":{"line":45,"column":15}},"45":{"start":{"line":46,"column":0},"end":{"line":46,"column":7}},"47":{"start":{"line":48,"column":0},"end":{"line":48,"column":24}},"48":{"start":{"line":49,"column":0},"end":{"line":49,"column":25}},"49":{"start":{"line":50,"column":0},"end":{"line":50,"column":6}},"50":{"start":{"line":51,"column":0},"end":{"line":51,"column":25}},"51":{"start":{"line":52,"column":0},"end":{"line":52,"column":4}},"53":{"start":{"line":54,"column":0},"end":{"line":54,"column":10}},"54":{"start":{"line":55,"column":0},"end":{"line":55,"column":88}},"55":{"start":{"line":56,"column":0},"end":{"line":56,"column":62}},"56":{"start":{"line":57,"column":0},"end":{"line":57,"column":77}},"57":{"start":{"line":58,"column":0},"end":{"line":58,"column":129}},"59":{"start":{"line":60,"column":0},"end":{"line":60,"column":202}},"60":{"start":{"line":61,"column":0},"end":{"line":61,"column":203}},"61":{"start":{"line":62,"column":0},"end":{"line":62,"column":95}},"62":{"start":{"line":63,"column":0},"end":{"line":63,"column":26}},"63":{"start":{"line":64,"column":0},"end":{"line":64,"column":16}},"64":{"start":{"line":65,"column":0},"end":{"line":65,"column":156}},"65":{"start":{"line":66,"column":0},"end":{"line":66,"column":133}},"66":{"start":{"line":67,"column":0},"end":{"line":67,"column":108}},"67":{"start":{"line":68,"column":0},"end":{"line":68,"column":24}},"68":{"start":{"line":69,"column":0},"end":{"line":69,"column":22}},"69":{"start":{"line":70,"column":0},"end":{"line":70,"column":19}},"70":{"start":{"line":71,"column":0},"end":{"line":71,"column":34}},"71":{"start":{"line":72,"column":0},"end":{"line":72,"column":89}},"72":{"start":{"line":73,"column":0},"end":{"line":73,"column":17}},"74":{"start":{"line":75,"column":0},"end":{"line":75,"column":21}},"75":{"start":{"line":76,"column":0},"end":{"line":76,"column":78}},"76":{"start":{"line":77,"column":0},"end":{"line":77,"column":102}},"78":{"start":{"line":79,"column":0},"end":{"line":79,"column":20}},"79":{"start":{"line":80,"column":0},"end":{"line":80,"column":20}},"80":{"start":{"line":81,"column":0},"end":{"line":81,"column":31}},"81":{"start":{"line":82,"column":0},"end":{"line":82,"column":135}},"83":{"start":{"line":84,"column":0},"end":{"line":84,"column":93}},"84":{"start":{"line":85,"column":0},"end":{"line":85,"column":95}},"85":{"start":{"line":86,"column":0},"end":{"line":86,"column":22}},"86":{"start":{"line":87,"column":0},"end":{"line":87,"column":17}},"88":{"start":{"line":89,"column":0},"end":{"line":89,"column":16}},"89":{"start":{"line":90,"column":0},"end":{"line":90,"column":19}},"90":{"start":{"line":91,"column":0},"end":{"line":91,"column":34}},"91":{"start":{"line":92,"column":0},"end":{"line":92,"column":89}},"92":{"start":{"line":93,"column":0},"end":{"line":93,"column":17}},"94":{"start":{"line":95,"column":0},"end":{"line":95,"column":21}},"95":{"start":{"line":96,"column":0},"end":{"line":96,"column":78}},"98":{"start":{"line":99,"column":0},"end":{"line":99,"column":20}},"100":{"start":{"line":101,"column":0},"end":{"line":101,"column":21}},"101":{"start":{"line":102,"column":0},"end":{"line":102,"column":84}},"102":{"start":{"line":103,"column":0},"end":{"line":103,"column":41}},"103":{"start":{"line":104,"column":0},"end":{"line":104,"column":53}},"104":{"start":{"line":105,"column":0},"end":{"line":105,"column":28}},"106":{"start":{"line":107,"column":0},"end":{"line":107,"column":42}},"107":{"start":{"line":108,"column":0},"end":{"line":108,"column":69}},"109":{"start":{"line":110,"column":0},"end":{"line":110,"column":28}},"110":{"start":{"line":111,"column":0},"end":{"line":111,"column":26}},"111":{"start":{"line":112,"column":0},"end":{"line":112,"column":38}},"112":{"start":{"line":113,"column":0},"end":{"line":113,"column":34}},"113":{"start":{"line":114,"column":0},"end":{"line":114,"column":35}},"114":{"start":{"line":115,"column":0},"end":{"line":115,"column":50}},"115":{"start":{"line":116,"column":0},"end":{"line":116,"column":37}},"116":{"start":{"line":117,"column":0},"end":{"line":117,"column":43}},"117":{"start":{"line":118,"column":0},"end":{"line":118,"column":62}},"118":{"start":{"line":119,"column":0},"end":{"line":119,"column":25}},"119":{"start":{"line":120,"column":0},"end":{"line":120,"column":24}},"120":{"start":{"line":121,"column":0},"end":{"line":121,"column":57}},"121":{"start":{"line":122,"column":0},"end":{"line":122,"column":30}},"122":{"start":{"line":123,"column":0},"end":{"line":123,"column":42}},"123":{"start":{"line":124,"column":0},"end":{"line":124,"column":68}},"124":{"start":{"line":125,"column":0},"end":{"line":125,"column":79}},"125":{"start":{"line":126,"column":0},"end":{"line":126,"column":233}},"126":{"start":{"line":127,"column":0},"end":{"line":127,"column":34}},"127":{"start":{"line":128,"column":0},"end":{"line":128,"column":67}},"128":{"start":{"line":129,"column":0},"end":{"line":129,"column":45}},"129":{"start":{"line":130,"column":0},"end":{"line":130,"column":25}},"130":{"start":{"line":131,"column":0},"end":{"line":131,"column":22}},"131":{"start":{"line":132,"column":0},"end":{"line":132,"column":36}},"132":{"start":{"line":133,"column":0},"end":{"line":133,"column":105}},"133":{"start":{"line":134,"column":0},"end":{"line":134,"column":36}},"134":{"start":{"line":135,"column":0},"end":{"line":135,"column":26}},"136":{"start":{"line":137,"column":0},"end":{"line":137,"column":24}},"137":{"start":{"line":138,"column":0},"end":{"line":138,"column":25}},"138":{"start":{"line":139,"column":0},"end":{"line":139,"column":33}},"139":{"start":{"line":140,"column":0},"end":{"line":140,"column":266}},"140":{"start":{"line":141,"column":0},"end":{"line":141,"column":19}},"142":{"start":{"line":143,"column":0},"end":{"line":143,"column":27}},"143":{"start":{"line":144,"column":0},"end":{"line":144,"column":23}},"145":{"start":{"line":146,"column":0},"end":{"line":146,"column":61}},"147":{"start":{"line":148,"column":0},"end":{"line":148,"column":20}},"148":{"start":{"line":149,"column":0},"end":{"line":149,"column":17}},"150":{"start":{"line":151,"column":0},"end":{"line":151,"column":16}},"151":{"start":{"line":152,"column":0},"end":{"line":152,"column":14}},"152":{"start":{"line":153,"column":0},"end":{"line":153,"column":12}},"153":{"start":{"line":154,"column":0},"end":{"line":154,"column":14}},"155":{"start":{"line":156,"column":0},"end":{"line":156,"column":1}}},"s":{"0":1,"2":1,"4":1,"5":45,"6":45,"7":45,"9":45,"11":45,"12":3,"13":3,"14":3,"15":2,"16":2,"17":1,"18":45,"20":45,"21":45,"22":9,"23":9,"25":9,"26":1,"27":1,"28":9,"29":45,"30":45,"32":45,"33":45,"34":8,"35":8,"37":8,"38":2,"39":2,"40":2,"42":8,"43":2,"44":2,"45":2,"47":4,"48":4,"49":8,"50":45,"51":45,"53":45,"54":45,"55":45,"56":45,"57":45,"59":45,"60":45,"61":45,"62":45,"63":4,"64":4,"65":4,"66":4,"67":4,"68":4,"69":4,"70":4,"71":4,"72":4,"74":4,"75":4,"76":4,"78":4,"79":4,"80":4,"81":4,"83":4,"84":4,"85":4,"86":4,"88":41,"89":41,"90":41,"91":41,"92":41,"94":41,"95":41,"98":41,"100":41,"101":41,"102":41,"103":41,"104":41,"106":41,"107":41,"109":41,"110":41,"111":41,"112":41,"113":41,"114":41,"115":41,"116":2,"117":2,"118":2,"119":2,"120":41,"121":41,"122":41,"123":41,"124":41,"125":41,"126":41,"127":6,"128":35,"129":41,"130":41,"131":41,"132":6,"133":6,"134":6,"136":41,"137":41,"138":41,"139":41,"140":41,"142":41,"143":41,"145":41,"147":41,"148":41,"150":45,"151":45,"152":45,"153":45,"155":45},"branchMap":{"0":{"type":"branch","line":5,"loc":{"start":{"line":5,"column":7},"end":{"line":156,"column":1}},"locations":[{"start":{"line":5,"column":7},"end":{"line":156,"column":1}}]},"1":{"type":"branch","line":63,"loc":{"start":{"line":63,"column":13},"end":{"line":87,"column":17}},"locations":[{"start":{"line":63,"column":13},"end":{"line":87,"column":17}}]},"2":{"type":"branch","line":87,"loc":{"start":{"line":87,"column":14},"end":{"line":149,"column":17}},"locations":[{"start":{"line":87,"column":14},"end":{"line":149,"column":17}}]},"3":{"type":"branch","line":124,"loc":{"start":{"line":124,"column":36},"end":{"line":124,"column":58}},"locations":[{"start":{"line":124,"column":36},"end":{"line":124,"column":58}}]},"4":{"type":"branch","line":124,"loc":{"start":{"line":124,"column":49},"end":{"line":124,"column":68}},"locations":[{"start":{"line":124,"column":49},"end":{"line":124,"column":68}}]},"5":{"type":"branch","line":125,"loc":{"start":{"line":125,"column":40},"end":{"line":125,"column":69}},"locations":[{"start":{"line":125,"column":40},"end":{"line":125,"column":69}}]},"6":{"type":"branch","line":125,"loc":{"start":{"line":125,"column":53},"end":{"line":125,"column":79}},"locations":[{"start":{"line":125,"column":53},"end":{"line":125,"column":79}}]},"7":{"type":"branch","line":127,"loc":{"start":{"line":127,"column":24},"end":{"line":128,"column":67}},"locations":[{"start":{"line":127,"column":24},"end":{"line":128,"column":67}}]},"8":{"type":"branch","line":128,"loc":{"start":{"line":128,"column":28},"end":{"line":129,"column":45}},"locations":[{"start":{"line":128,"column":28},"end":{"line":129,"column":45}}]},"9":{"type":"branch","line":132,"loc":{"start":{"line":132,"column":21},"end":{"line":135,"column":26}},"locations":[{"start":{"line":132,"column":21},"end":{"line":135,"column":26}}]},"10":{"type":"branch","line":10,"loc":{"start":{"line":10,"column":31},"end":{"line":10,"column":69}},"locations":[{"start":{"line":10,"column":31},"end":{"line":10,"column":69}}]},"11":{"type":"branch","line":12,"loc":{"start":{"line":12,"column":36},"end":{"line":19,"column":5}},"locations":[{"start":{"line":12,"column":36},"end":{"line":19,"column":5}}]},"12":{"type":"branch","line":14,"loc":{"start":{"line":14,"column":18},"end":{"line":14,"column":28}},"locations":[{"start":{"line":14,"column":18},"end":{"line":14,"column":28}}]},"13":{"type":"branch","line":15,"loc":{"start":{"line":15,"column":36},"end":{"line":17,"column":5}},"locations":[{"start":{"line":15,"column":36},"end":{"line":17,"column":5}}]},"14":{"type":"branch","line":17,"loc":{"start":{"line":17,"column":4},"end":{"line":18,"column":14}},"locations":[{"start":{"line":17,"column":4},"end":{"line":18,"column":14}}]},"15":{"type":"branch","line":22,"loc":{"start":{"line":22,"column":4},"end":{"line":29,"column":6}},"locations":[{"start":{"line":22,"column":4},"end":{"line":29,"column":6}}]},"16":{"type":"branch","line":26,"loc":{"start":{"line":26,"column":22},"end":{"line":28,"column":7}},"locations":[{"start":{"line":26,"column":22},"end":{"line":28,"column":7}}]},"17":{"type":"branch","line":34,"loc":{"start":{"line":34,"column":4},"end":{"line":50,"column":6}},"locations":[{"start":{"line":34,"column":4},"end":{"line":50,"column":6}}]},"18":{"type":"branch","line":38,"loc":{"start":{"line":38,"column":20},"end":{"line":41,"column":7}},"locations":[{"start":{"line":38,"column":20},"end":{"line":41,"column":7}}]},"19":{"type":"branch","line":41,"loc":{"start":{"line":41,"column":6},"end":{"line":43,"column":25}},"locations":[{"start":{"line":41,"column":6},"end":{"line":43,"column":25}}]},"20":{"type":"branch","line":43,"loc":{"start":{"line":43,"column":25},"end":{"line":46,"column":7}},"locations":[{"start":{"line":43,"column":25},"end":{"line":46,"column":7}}]},"21":{"type":"branch","line":46,"loc":{"start":{"line":46,"column":6},"end":{"line":49,"column":25}},"locations":[{"start":{"line":46,"column":6},"end":{"line":49,"column":25}}]},"22":{"type":"branch","line":116,"loc":{"start":{"line":116,"column":30},"end":{"line":120,"column":24}},"locations":[{"start":{"line":116,"column":30},"end":{"line":120,"column":24}}]}},"b":{"0":[45],"1":[4],"2":[41],"3":[6],"4":[35],"5":[6],"6":[35],"7":[6],"8":[35],"9":[6],"10":[35],"11":[3],"12":[0],"13":[2],"14":[1],"15":[9],"16":[1],"17":[8],"18":[2],"19":[6],"20":[2],"21":[4],"22":[2]},"fnMap":{"0":{"name":"CTA","decl":{"start":{"line":5,"column":7},"end":{"line":156,"column":1}},"loc":{"start":{"line":5,"column":7},"end":{"line":156,"column":1}},"line":5},"1":{"name":"onBlur","decl":{"start":{"line":116,"column":30},"end":{"line":120,"column":24}},"loc":{"start":{"line":116,"column":30},"end":{"line":120,"column":24}},"line":116}},"f":{"0":45,"1":2}}
,"/tmp/mvp-v3-b634830a-da6f-446a-af22-0bb1762dc75c-MBf9b7/src/components/EntropyVisualization.tsx": {"path":"/tmp/mvp-v3-b634830a-da6f-446a-af22-0bb1762dc75c-MBf9b7/src/components/EntropyVisualization.tsx","all":false,"statementMap":{"0":{"start":{"line":1,"column":0},"end":{"line":1,"column":42}},"2":{"start":{"line":3,"column":0},"end":{"line":3,"column":20}},"3":{"start":{"line":4,"column":0},"end":{"line":4,"column":21}},"4":{"start":{"line":5,"column":0},"end":{"line":5,"column":14}},"5":{"start":{"line":6,"column":0},"end":{"line":6,"column":18}},"15":{"start":{"line":16,"column":0},"end":{"line":16,"column":40}},"16":{"start":{"line":17,"column":0},"end":{"line":17,"column":52}},"17":{"start":{"line":18,"column":0},"end":{"line":18,"column":41}},"18":{"start":{"line":19,"column":0},"end":{"line":19,"column":38}},"19":{"start":{"line":20,"column":0},"end":{"line":20,"column":36}},"20":{"start":{"line":21,"column":0},"end":{"line":21,"column":58}},"22":{"start":{"line":23,"column":0},"end":{"line":23,"column":19}},"23":{"start":{"line":24,"column":0},"end":{"line":24,"column":37}},"24":{"start":{"line":25,"column":0},"end":{"line":25,"column":24}},"26":{"start":{"line":27,"column":0},"end":{"line":27,"column":40}},"27":{"start":{"line":28,"column":0},"end":{"line":28,"column":21}},"29":{"start":{"line":30,"column":0},"end":{"line":30,"column":72}},"30":{"start":{"line":31,"column":0},"end":{"line":31,"column":45}},"31":{"start":{"line":32,"column":0},"end":{"line":32,"column":35}},"32":{"start":{"line":33,"column":0},"end":{"line":33,"column":36}},"33":{"start":{"line":34,"column":0},"end":{"line":34,"column":42}},"34":{"start":{"line":35,"column":0},"end":{"line":35,"column":43}},"35":{"start":{"line":36,"column":0},"end":{"line":36,"column":24}},"38":{"start":{"line":39,"column":0},"end":{"line":39,"column":88}},"41":{"start":{"line":42,"column":0},"end":{"line":42,"column":40}},"42":{"start":{"line":43,"column":0},"end":{"line":43,"column":49}},"43":{"start":{"line":44,"column":0},"end":{"line":44,"column":51}},"44":{"start":{"line":45,"column":0},"end":{"line":45,"column":76}},"45":{"start":{"line":46,"column":0},"end":{"line":46,"column":33}},"46":{"start":{"line":47,"column":0},"end":{"line":47,"column":19}},"47":{"start":{"line":48,"column":0},"end":{"line":48,"column":19}},"48":{"start":{"line":49,"column":0},"end":{"line":49,"column":56}},"49":{"start":{"line":50,"column":0},"end":{"line":50,"column":39}},"50":{"start":{"line":51,"column":0},"end":{"line":51,"column":75}},"51":{"start":{"line":52,"column":0},"end":{"line":52,"column":13}},"52":{"start":{"line":53,"column":0},"end":{"line":53,"column":9}},"53":{"start":{"line":54,"column":0},"end":{"line":54,"column":7}},"54":{"start":{"line":55,"column":0},"end":{"line":55,"column":5}},"57":{"start":{"line":58,"column":0},"end":{"line":58,"column":24}},"58":{"start":{"line":59,"column":0},"end":{"line":59,"column":48}},"59":{"start":{"line":60,"column":0},"end":{"line":60,"column":44}},"60":{"start":{"line":61,"column":0},"end":{"line":61,"column":56}},"61":{"start":{"line":62,"column":0},"end":{"line":62,"column":56}},"62":{"start":{"line":63,"column":0},"end":{"line":63,"column":25}},"63":{"start":{"line":64,"column":0},"end":{"line":64,"column":54}},"64":{"start":{"line":65,"column":0},"end":{"line":65,"column":31}},"65":{"start":{"line":66,"column":0},"end":{"line":66,"column":24}},"66":{"start":{"line":67,"column":0},"end":{"line":67,"column":60}},"67":{"start":{"line":68,"column":0},"end":{"line":68,"column":19}},"68":{"start":{"line":69,"column":0},"end":{"line":69,"column":7}},"69":{"start":{"line":70,"column":0},"end":{"line":70,"column":26}},"70":{"start":{"line":71,"column":0},"end":{"line":71,"column":13}},"71":{"start":{"line":72,"column":0},"end":{"line":72,"column":5}},"73":{"start":{"line":74,"column":0},"end":{"line":74,"column":55}},"75":{"start":{"line":76,"column":0},"end":{"line":76,"column":26}},"76":{"start":{"line":77,"column":0},"end":{"line":77,"column":32}},"77":{"start":{"line":78,"column":0},"end":{"line":78,"column":44}},"78":{"start":{"line":79,"column":0},"end":{"line":79,"column":43}},"79":{"start":{"line":80,"column":0},"end":{"line":80,"column":42}},"80":{"start":{"line":81,"column":0},"end":{"line":81,"column":39}},"81":{"start":{"line":82,"column":0},"end":{"line":82,"column":33}},"82":{"start":{"line":83,"column":0},"end":{"line":83,"column":40}},"83":{"start":{"line":84,"column":0},"end":{"line":84,"column":45}},"84":{"start":{"line":85,"column":0},"end":{"line":85,"column":45}},"85":{"start":{"line":86,"column":0},"end":{"line":86,"column":45}},"86":{"start":{"line":87,"column":0},"end":{"line":87,"column":39}},"87":{"start":{"line":88,"column":0},"end":{"line":88,"column":14}},"88":{"start":{"line":89,"column":0},"end":{"line":89,"column":40}},"89":{"start":{"line":90,"column":0},"end":{"line":90,"column":42}},"90":{"start":{"line":91,"column":0},"end":{"line":91,"column":43}},"91":{"start":{"line":92,"column":0},"end":{"line":92,"column":41}},"92":{"start":{"line":93,"column":0},"end":{"line":93,"column":39}},"93":{"start":{"line":94,"column":0},"end":{"line":94,"column":7}},"94":{"start":{"line":95,"column":0},"end":{"line":95,"column":5}},"96":{"start":{"line":97,"column":0},"end":{"line":97,"column":54}},"98":{"start":{"line":99,"column":0},"end":{"line":99,"column":61}},"99":{"start":{"line":100,"column":0},"end":{"line":100,"column":34}},"100":{"start":{"line":101,"column":0},"end":{"line":101,"column":46}},"101":{"start":{"line":102,"column":0},"end":{"line":102,"column":32}},"102":{"start":{"line":103,"column":0},"end":{"line":103,"column":38}},"105":{"start":{"line":106,"column":0},"end":{"line":106,"column":45}},"106":{"start":{"line":107,"column":0},"end":{"line":107,"column":35}},"107":{"start":{"line":108,"column":0},"end":{"line":108,"column":35}},"108":{"start":{"line":109,"column":0},"end":{"line":109,"column":8}},"109":{"start":{"line":110,"column":0},"end":{"line":110,"column":41}},"110":{"start":{"line":111,"column":0},"end":{"line":111,"column":69}},"111":{"start":{"line":112,"column":0},"end":{"line":112,"column":52}},"112":{"start":{"line":113,"column":0},"end":{"line":113,"column":9}},"113":{"start":{"line":114,"column":0},"end":{"line":114,"column":7}},"114":{"start":{"line":115,"column":0},"end":{"line":115,"column":5}},"116":{"start":{"line":117,"column":0},"end":{"line":117,"column":30}},"117":{"start":{"line":118,"column":0},"end":{"line":118,"column":23}},"118":{"start":{"line":119,"column":0},"end":{"line":119,"column":27}},"119":{"start":{"line":120,"column":0},"end":{"line":120,"column":35}},"122":{"start":{"line":123,"column":0},"end":{"line":123,"column":60}},"123":{"start":{"line":124,"column":0},"end":{"line":124,"column":34}},"124":{"start":{"line":125,"column":0},"end":{"line":125,"column":7}},"127":{"start":{"line":128,"column":0},"end":{"line":128,"column":51}},"128":{"start":{"line":129,"column":0},"end":{"line":129,"column":56}},"129":{"start":{"line":130,"column":0},"end":{"line":130,"column":42}},"130":{"start":{"line":131,"column":0},"end":{"line":131,"column":29}},"131":{"start":{"line":132,"column":0},"end":{"line":132,"column":39}},"132":{"start":{"line":133,"column":0},"end":{"line":133,"column":9}},"133":{"start":{"line":134,"column":0},"end":{"line":134,"column":7}},"134":{"start":{"line":135,"column":0},"end":{"line":135,"column":36}},"136":{"start":{"line":137,"column":0},"end":{"line":137,"column":48}},"138":{"start":{"line":139,"column":0},"end":{"line":139,"column":44}},"140":{"start":{"line":141,"column":0},"end":{"line":141,"column":65}},"141":{"start":{"line":142,"column":0},"end":{"line":142,"column":96}},"142":{"start":{"line":143,"column":0},"end":{"line":143,"column":59}},"143":{"start":{"line":144,"column":0},"end":{"line":144,"column":87}},"144":{"start":{"line":145,"column":0},"end":{"line":145,"column":9}},"147":{"start":{"line":148,"column":0},"end":{"line":148,"column":47}},"148":{"start":{"line":149,"column":0},"end":{"line":149,"column":62}},"149":{"start":{"line":150,"column":0},"end":{"line":150,"column":43}},"150":{"start":{"line":151,"column":0},"end":{"line":151,"column":76}},"151":{"start":{"line":152,"column":0},"end":{"line":152,"column":9}},"154":{"start":{"line":155,"column":0},"end":{"line":155,"column":55}},"155":{"start":{"line":156,"column":0},"end":{"line":156,"column":42}},"158":{"start":{"line":159,"column":0},"end":{"line":159,"column":81}},"159":{"start":{"line":160,"column":0},"end":{"line":160,"column":77}},"161":{"start":{"line":162,"column":0},"end":{"line":162,"column":56}},"162":{"start":{"line":163,"column":0},"end":{"line":163,"column":56}},"163":{"start":{"line":164,"column":0},"end":{"line":164,"column":25}},"165":{"start":{"line":166,"column":0},"end":{"line":166,"column":56}},"166":{"start":{"line":167,"column":0},"end":{"line":167,"column":66}},"168":{"start":{"line":169,"column":0},"end":{"line":169,"column":24}},"169":{"start":{"line":170,"column":0},"end":{"line":170,"column":60}},"170":{"start":{"line":171,"column":0},"end":{"line":171,"column":19}},"172":{"start":{"line":173,"column":0},"end":{"line":173,"column":28}},"173":{"start":{"line":174,"column":0},"end":{"line":174,"column":7}},"175":{"start":{"line":176,"column":0},"end":{"line":176,"column":60}},"176":{"start":{"line":177,"column":0},"end":{"line":177,"column":5}},"178":{"start":{"line":179,"column":0},"end":{"line":179,"column":58}},"180":{"start":{"line":181,"column":0},"end":{"line":181,"column":18}},"181":{"start":{"line":182,"column":0},"end":{"line":182,"column":33}},"182":{"start":{"line":183,"column":0},"end":{"line":183,"column":51}},"183":{"start":{"line":184,"column":0},"end":{"line":184,"column":7}},"184":{"start":{"line":185,"column":0},"end":{"line":185,"column":6}},"185":{"start":{"line":186,"column":0},"end":{"line":186,"column":9}},"187":{"start":{"line":188,"column":0},"end":{"line":188,"column":10}},"188":{"start":{"line":189,"column":0},"end":{"line":189,"column":49}},"189":{"start":{"line":190,"column":0},"end":{"line":190,"column":13}},"190":{"start":{"line":191,"column":0},"end":{"line":191,"column":23}},"191":{"start":{"line":192,"column":0},"end":{"line":192,"column":68}},"192":{"start":{"line":193,"column":0},"end":{"line":193,"column":8}},"194":{"start":{"line":195,"column":0},"end":{"line":195,"column":121}},"195":{"start":{"line":196,"column":0},"end":{"line":196,"column":32}},"196":{"start":{"line":197,"column":0},"end":{"line":197,"column":38}},"197":{"start":{"line":198,"column":0},"end":{"line":198,"column":96}},"198":{"start":{"line":199,"column":0},"end":{"line":199,"column":97}},"199":{"start":{"line":200,"column":0},"end":{"line":200,"column":97}},"200":{"start":{"line":201,"column":0},"end":{"line":201,"column":96}},"201":{"start":{"line":202,"column":0},"end":{"line":202,"column":14}},"202":{"start":{"line":203,"column":0},"end":{"line":203,"column":33}},"203":{"start":{"line":204,"column":0},"end":{"line":204,"column":12}},"204":{"start":{"line":205,"column":0},"end":{"line":205,"column":10}},"206":{"start":{"line":207,"column":0},"end":{"line":207,"column":1}}},"s":{"0":1,"2":1,"3":1,"4":1,"5":1,"15":1,"16":7,"17":7,"18":7,"19":7,"20":7,"22":7,"23":7,"24":7,"26":7,"27":7,"29":7,"30":7,"31":7,"32":7,"33":7,"34":7,"35":7,"38":7,"41":7,"42":7,"43":56,"44":448,"45":448,"46":448,"47":448,"48":448,"49":448,"50":448,"51":448,"52":448,"53":56,"54":7,"57":7,"58":0,"59":0,"60":0,"61":0,"62":0,"63":0,"64":0,"65":0,"66":0,"67":0,"68":0,"69":0,"70":0,"71":0,"73":7,"75":192,"76":192,"77":192,"78":192,"79":192,"80":192,"81":192,"82":0,"83":0,"84":0,"85":0,"86":0,"87":0,"88":0,"89":0,"90":0,"91":0,"92":0,"93":0,"94":192,"96":7,"98":0,"99":0,"100":0,"101":0,"102":0,"105":0,"106":0,"107":0,"108":0,"109":0,"110":0,"111":0,"112":0,"113":0,"114":0,"116":7,"117":3,"118":3,"119":3,"122":3,"123":0,"124":0,"127":3,"128":3,"129":0,"130":0,"131":0,"132":0,"133":0,"134":3,"136":3,"138":3,"140":192,"141":3,"142":3,"143":3,"144":3,"147":192,"148":192,"149":192,"150":0,"151":0,"154":192,"155":192,"158":192,"159":192,"161":192,"162":192,"163":192,"165":192,"166":192,"168":192,"169":192,"170":192,"172":192,"173":192,"175":3,"176":3,"178":7,"180":7,"181":7,"182":7,"183":7,"184":7,"185":7,"187":7,"188":7,"189":7,"190":7,"191":7,"192":7,"194":7,"195":7,"196":7,"197":7,"198":7,"199":7,"200":7,"201":7,"202":7,"203":7,"204":7,"206":7},"branchMap":{"0":{"type":"branch","line":16,"loc":{"start":{"line":16,"column":7},"end":{"line":207,"column":1}},"locations":[{"start":{"line":16,"column":7},"end":{"line":207,"column":1}}]},"1":{"type":"branch","line":23,"loc":{"start":{"line":23,"column":12},"end":{"line":186,"column":5}},"locations":[{"start":{"line":23,"column":12},"end":{"line":186,"column":5}}]},"2":{"type":"branch","line":25,"loc":{"start":{"line":25,"column":17},"end":{"line":25,"column":24}},"locations":[{"start":{"line":25,"column":17},"end":{"line":25,"column":24}}]},"3":{"type":"branch","line":28,"loc":{"start":{"line":28,"column":14},"end":{"line":28,"column":21}},"locations":[{"start":{"line":28,"column":14},"end":{"line":28,"column":21}}]},"4":{"type":"branch","line":31,"loc":{"start":{"line":31,"column":23},"end":{"line":31,"column":45}},"locations":[{"start":{"line":31,"column":23},"end":{"line":31,"column":45}}]},"5":{"type":"branch","line":43,"loc":{"start":{"line":43,"column":48},"end":{"line":54,"column":7}},"locations":[{"start":{"line":43,"column":48},"end":{"line":54,"column":7}}]},"6":{"type":"branch","line":44,"loc":{"start":{"line":44,"column":50},"end":{"line":53,"column":9}},"locations":[{"start":{"line":44,"column":50},"end":{"line":53,"column":9}}]},"7":{"type":"branch","line":49,"loc":{"start":{"line":49,"column":21},"end":{"line":49,"column":51}},"locations":[{"start":{"line":49,"column":21},"end":{"line":49,"column":51}}]},"8":{"type":"branch","line":51,"loc":{"start":{"line":51,"column":19},"end":{"line":51,"column":39}},"locations":[{"start":{"line":51,"column":19},"end":{"line":51,"column":39}}]},"9":{"type":"branch","line":58,"loc":{"start":{"line":58,"column":23},"end":{"line":72,"column":5}},"locations":[{"start":{"line":58,"column":23},"end":{"line":72,"column":5}}]},"10":{"type":"branch","line":74,"loc":{"start":{"line":74,"column":4},"end":{"line":95,"column":5}},"locations":[{"start":{"line":74,"column":4},"end":{"line":95,"column":5}}]},"11":{"type":"branch","line":82,"loc":{"start":{"line":82,"column":6},"end":{"line":94,"column":7}},"locations":[{"start":{"line":82,"column":6},"end":{"line":94,"column":7}}]},"12":{"type":"branch","line":117,"loc":{"start":{"line":117,"column":4},"end":{"line":177,"column":5}},"locations":[{"start":{"line":117,"column":4},"end":{"line":177,"column":5}}]},"13":{"type":"branch","line":118,"loc":{"start":{"line":118,"column":16},"end":{"line":118,"column":23}},"locations":[{"start":{"line":118,"column":16},"end":{"line":118,"column":23}}]},"14":{"type":"branch","line":123,"loc":{"start":{"line":123,"column":25},"end":{"line":123,"column":59}},"locations":[{"start":{"line":123,"column":25},"end":{"line":123,"column":59}}]},"15":{"type":"branch","line":123,"loc":{"start":{"line":123,"column":59},"end":{"line":125,"column":7}},"locations":[{"start":{"line":123,"column":59},"end":{"line":125,"column":7}}]},"16":{"type":"branch","line":129,"loc":{"start":{"line":129,"column":55},"end":{"line":134,"column":7}},"locations":[{"start":{"line":129,"column":55},"end":{"line":134,"column":7}}]},"17":{"type":"branch","line":139,"loc":{"start":{"line":139,"column":43},"end":{"line":174,"column":7}},"locations":[{"start":{"line":139,"column":43},"end":{"line":174,"column":7}}]},"18":{"type":"branch","line":141,"loc":{"start":{"line":141,"column":64},"end":{"line":145,"column":9}},"locations":[{"start":{"line":141,"column":64},"end":{"line":145,"column":9}}]},"19":{"type":"branch","line":150,"loc":{"start":{"line":150,"column":42},"end":{"line":152,"column":9}},"locations":[{"start":{"line":150,"column":42},"end":{"line":152,"column":9}}]},"20":{"type":"branch","line":167,"loc":{"start":{"line":167,"column":45},"end":{"line":167,"column":61}},"locations":[{"start":{"line":167,"column":45},"end":{"line":167,"column":61}}]},"21":{"type":"branch","line":181,"loc":{"start":{"line":181,"column":11},"end":{"line":185,"column":6}},"locations":[{"start":{"line":181,"column":11},"end":{"line":185,"column":6}}]}},"b":{"0":[7],"1":[7],"2":[0],"3":[0],"4":[0],"5":[56],"6":[448],"7":[0],"8":[0],"9":[0],"10":[192],"11":[0],"12":[3],"13":[0],"14":[0],"15":[0],"16":[0],"17":[192],"18":[3],"19":[0],"20":[0],"21":[7]},"fnMap":{"0":{"name":"EntropyVisualization","decl":{"start":{"line":16,"column":7},"end":{"line":207,"column":1}},"loc":{"start":{"line":16,"column":7},"end":{"line":207,"column":1}},"line":16},"1":{"name":"getEntropyColor","decl":{"start":{"line":74,"column":4},"end":{"line":95,"column":5}},"loc":{"start":{"line":74,"column":4},"end":{"line":95,"column":5}},"line":74},"2":{"name":"triggerSpikeCascade","decl":{"start":{"line":97,"column":4},"end":{"line":115,"column":5}},"loc":{"start":{"line":97,"column":4},"end":{"line":115,"column":5}},"line":97},"3":{"name":"animate","decl":{"start":{"line":117,"column":4},"end":{"line":177,"column":5}},"loc":{"start":{"line":117,"column":4},"end":{"line":177,"column":5}},"line":117}},"f":{"0":7,"1":192,"2":0,"3":3}}
,"/tmp/mvp-v3-b634830a-da6f-446a-af22-0bb1762dc75c-MBf9b7/src/components/ErrorBoundary.tsx": {"path":"/tmp/mvp-v3-b634830a-da6f-446a-af22-0bb1762dc75c-MBf9b7/src/components/ErrorBoundary.tsx","all":false,"statementMap":{"0":{"start":{"line":1,"column":0},"end":{"line":1,"column":50}},"11":{"start":{"line":12,"column":0},"end":{"line":12,"column":86}},"12":{"start":{"line":13,"column":0},"end":{"line":13,"column":42}},"13":{"start":{"line":14,"column":0},"end":{"line":14,"column":17}},"14":{"start":{"line":15,"column":0},"end":{"line":15,"column":37}},"15":{"start":{"line":16,"column":0},"end":{"line":16,"column":3}},"17":{"start":{"line":18,"column":0},"end":{"line":18,"column":57}},"18":{"start":{"line":19,"column":0},"end":{"line":19,"column":30}},"19":{"start":{"line":20,"column":0},"end":{"line":20,"column":3}},"21":{"start":{"line":22,"column":0},"end":{"line":22,"column":69}},"23":{"start":{"line":24,"column":0},"end":{"line":24,"column":3}},"25":{"start":{"line":26,"column":0},"end":{"line":26,"column":23}},"26":{"start":{"line":27,"column":0},"end":{"line":27,"column":30}},"27":{"start":{"line":28,"column":0},"end":{"line":28,"column":37}},"28":{"start":{"line":29,"column":0},"end":{"line":29,"column":56}},"29":{"start":{"line":30,"column":0},"end":{"line":30,"column":107}},"30":{"start":{"line":31,"column":0},"end":{"line":31,"column":14}},"32":{"start":{"line":33,"column":0},"end":{"line":33,"column":5}},"33":{"start":{"line":34,"column":0},"end":{"line":34,"column":31}},"34":{"start":{"line":35,"column":0},"end":{"line":35,"column":3}},"35":{"start":{"line":36,"column":0},"end":{"line":36,"column":1}}},"s":{"0":1,"11":1,"12":1,"13":66,"14":66,"15":66,"17":1,"18":4,"19":4,"21":1,"23":2,"25":1,"26":69,"27":4,"28":2,"29":2,"30":2,"32":4,"33":65,"34":69,"35":1},"branchMap":{"0":{"type":"branch","line":13,"loc":{"start":{"line":13,"column":2},"end":{"line":16,"column":3}},"locations":[{"start":{"line":13,"column":2},"end":{"line":16,"column":3}}]},"1":{"type":"branch","line":18,"loc":{"start":{"line":18,"column":9},"end":{"line":20,"column":3}},"locations":[{"start":{"line":18,"column":9},"end":{"line":20,"column":3}}]},"2":{"type":"branch","line":22,"loc":{"start":{"line":22,"column":2},"end":{"line":24,"column":3}},"locations":[{"start":{"line":22,"column":2},"end":{"line":24,"column":3}}]},"3":{"type":"branch","line":26,"loc":{"start":{"line":26,"column":2},"end":{"line":35,"column":3}},"locations":[{"start":{"line":26,"column":2},"end":{"line":35,"column":3}}]},"4":{"type":"branch","line":27,"loc":{"start":{"line":27,"column":29},"end":{"line":33,"column":5}},"locations":[{"start":{"line":27,"column":29},"end":{"line":33,"column":5}}]},"5":{"type":"branch","line":28,"loc":{"start":{"line":28,"column":24},"end":{"line":31,"column":14}},"locations":[{"start":{"line":28,"column":24},"end":{"line":31,"column":14}}]},"6":{"type":"branch","line":33,"loc":{"start":{"line":33,"column":4},"end":{"line":34,"column":31}},"locations":[{"start":{"line":33,"column":4},"end":{"line":34,"column":31}}]}},"b":{"0":[66],"1":[4],"2":[2],"3":[69],"4":[4],"5":[2],"6":[65]},"fnMap":{"0":{"name":"ErrorBoundary","decl":{"start":{"line":13,"column":2},"end":{"line":16,"column":3}},"loc":{"start":{"line":13,"column":2},"end":{"line":16,"column":3}},"line":13},"1":{"name":"getDerivedStateFromError","decl":{"start":{"line":18,"column":9},"end":{"line":20,"column":3}},"loc":{"start":{"line":18,"column":9},"end":{"line":20,"column":3}},"line":18},"2":{"name":"componentDidCatch","decl":{"start":{"line":22,"column":2},"end":{"line":24,"column":3}},"loc":{"start":{"line":22,"column":2},"end":{"line":24,"column":3}},"line":22},"3":{"name":"render","decl":{"start":{"line":26,"column":2},"end":{"line":35,"column":3}},"loc":{"start":{"line":26,"column":2},"end":{"line":35,"column":3}},"line":26}},"f":{"0":66,"1":4,"2":2,"3":69}}
,"/tmp/mvp-v3-b634830a-da6f-446a-af22-0bb1762dc75c-MBf9b7/src/components/FAQ.tsx": {"path":"/tmp/mvp-v3-b634830a-da6f-446a-af22-0bb1762dc75c-MBf9b7/src/components/FAQ.tsx","all":false,"statementMap":{"0":{"start":{"line":1,"column":0},"end":{"line":1,"column":54}},"1":{"start":{"line":2,"column":0},"end":{"line":2,"column":65}},"8":{"start":{"line":9,"column":0},"end":{"line":9,"column":29}},"9":{"start":{"line":10,"column":0},"end":{"line":10,"column":3}},"10":{"start":{"line":11,"column":0},"end":{"line":11,"column":68}},"11":{"start":{"line":12,"column":0},"end":{"line":12,"column":11}},"12":{"start":{"line":13,"column":0},"end":{"line":13,"column":292}},"13":{"start":{"line":14,"column":0},"end":{"line":14,"column":4}},"14":{"start":{"line":15,"column":0},"end":{"line":15,"column":3}},"15":{"start":{"line":16,"column":0},"end":{"line":16,"column":42}},"16":{"start":{"line":17,"column":0},"end":{"line":17,"column":11}},"17":{"start":{"line":18,"column":0},"end":{"line":18,"column":227}},"18":{"start":{"line":19,"column":0},"end":{"line":19,"column":4}},"19":{"start":{"line":20,"column":0},"end":{"line":20,"column":3}},"20":{"start":{"line":21,"column":0},"end":{"line":21,"column":63}},"21":{"start":{"line":22,"column":0},"end":{"line":22,"column":11}},"22":{"start":{"line":23,"column":0},"end":{"line":23,"column":223}},"23":{"start":{"line":24,"column":0},"end":{"line":24,"column":4}},"24":{"start":{"line":25,"column":0},"end":{"line":25,"column":3}},"25":{"start":{"line":26,"column":0},"end":{"line":26,"column":62}},"26":{"start":{"line":27,"column":0},"end":{"line":27,"column":11}},"27":{"start":{"line":28,"column":0},"end":{"line":28,"column":267}},"28":{"start":{"line":29,"column":0},"end":{"line":29,"column":4}},"29":{"start":{"line":30,"column":0},"end":{"line":30,"column":3}},"30":{"start":{"line":31,"column":0},"end":{"line":31,"column":53}},"31":{"start":{"line":32,"column":0},"end":{"line":32,"column":11}},"32":{"start":{"line":33,"column":0},"end":{"line":33,"column":166}},"33":{"start":{"line":34,"column":0},"end":{"line":34,"column":4}},"34":{"start":{"line":35,"column":0},"end":{"line":35,"column":3}},"35":{"start":{"line":36,"column":0},"end":{"line":36,"column":35}},"36":{"start":{"line":37,"column":0},"end":{"line":37,"column":11}},"37":{"start":{"line":38,"column":0},"end":{"line":38,"column":196}},"38":{"start":{"line":39,"column":0},"end":{"line":39,"column":4}},"39":{"start":{"line":40,"column":0},"end":{"line":40,"column":2}},"41":{"start":{"line":42,"column":0},"end":{"line":42,"column":23}},"42":{"start":{"line":43,"column":0},"end":{"line":43,"column":66}},"43":{"start":{"line":44,"column":0},"end":{"line":44,"column":78}},"44":{"start":{"line":45,"column":0},"end":{"line":45,"column":62}},"46":{"start":{"line":47,"column":0},"end":{"line":47,"column":53}},"47":{"start":{"line":48,"column":0},"end":{"line":48,"column":60}},"48":{"start":{"line":49,"column":0},"end":{"line":49,"column":9}},"50":{"start":{"line":51,"column":0},"end":{"line":51,"column":36}},"51":{"start":{"line":52,"column":0},"end":{"line":52,"column":48}},"52":{"start":{"line":53,"column":0},"end":{"line":53,"column":27}},"53":{"start":{"line":54,"column":0},"end":{"line":54,"column":34}},"54":{"start":{"line":55,"column":0},"end":{"line":55,"column":27}},"55":{"start":{"line":56,"column":0},"end":{"line":56,"column":52}},"56":{"start":{"line":57,"column":0},"end":{"line":57,"column":39}},"57":{"start":{"line":58,"column":0},"end":{"line":58,"column":27}},"58":{"start":{"line":59,"column":0},"end":{"line":59,"column":70}},"59":{"start":{"line":60,"column":0},"end":{"line":60,"column":36}},"60":{"start":{"line":61,"column":0},"end":{"line":61,"column":27}},"61":{"start":{"line":62,"column":0},"end":{"line":62,"column":24}},"62":{"start":{"line":63,"column":0},"end":{"line":63,"column":35}},"63":{"start":{"line":64,"column":0},"end":{"line":64,"column":27}},"64":{"start":{"line":65,"column":0},"end":{"line":65,"column":42}},"65":{"start":{"line":66,"column":0},"end":{"line":66,"column":7}},"67":{"start":{"line":68,"column":0},"end":{"line":68,"column":29}},"68":{"start":{"line":69,"column":0},"end":{"line":69,"column":49}},"69":{"start":{"line":70,"column":0},"end":{"line":70,"column":7}},"70":{"start":{"line":71,"column":0},"end":{"line":71,"column":6}},"71":{"start":{"line":72,"column":0},"end":{"line":72,"column":6}},"72":{"start":{"line":73,"column":0},"end":{"line":73,"column":4}},"74":{"start":{"line":75,"column":0},"end":{"line":75,"column":10}},"75":{"start":{"line":76,"column":0},"end":{"line":76,"column":102}},"77":{"start":{"line":78,"column":0},"end":{"line":78,"column":158}},"78":{"start":{"line":79,"column":0},"end":{"line":79,"column":62}},"79":{"start":{"line":80,"column":0},"end":{"line":80,"column":12}},"80":{"start":{"line":81,"column":0},"end":{"line":81,"column":26}},"81":{"start":{"line":82,"column":0},"end":{"line":82,"column":79}},"82":{"start":{"line":83,"column":0},"end":{"line":83,"column":84}},"83":{"start":{"line":84,"column":0},"end":{"line":84,"column":13}},"85":{"start":{"line":86,"column":0},"end":{"line":86,"column":91}},"87":{"start":{"line":88,"column":0},"end":{"line":88,"column":15}},"88":{"start":{"line":89,"column":0},"end":{"line":89,"column":55}},"90":{"start":{"line":91,"column":0},"end":{"line":91,"column":14}},"91":{"start":{"line":92,"column":0},"end":{"line":92,"column":14}},"93":{"start":{"line":94,"column":0},"end":{"line":94,"column":47}},"94":{"start":{"line":95,"column":0},"end":{"line":95,"column":42}},"95":{"start":{"line":96,"column":0},"end":{"line":96,"column":29}},"96":{"start":{"line":97,"column":0},"end":{"line":97,"column":33}},"97":{"start":{"line":98,"column":0},"end":{"line":98,"column":25}},"98":{"start":{"line":99,"column":0},"end":{"line":99,"column":42}},"99":{"start":{"line":100,"column":0},"end":{"line":100,"column":48}},"100":{"start":{"line":101,"column":0},"end":{"line":101,"column":56}},"101":{"start":{"line":102,"column":0},"end":{"line":102,"column":69}},"102":{"start":{"line":103,"column":0},"end":{"line":103,"column":33}},"103":{"start":{"line":104,"column":0},"end":{"line":104,"column":14}},"104":{"start":{"line":105,"column":0},"end":{"line":105,"column":13}},"105":{"start":{"line":106,"column":0},"end":{"line":106,"column":14}},"106":{"start":{"line":107,"column":0},"end":{"line":107,"column":12}},"107":{"start":{"line":108,"column":0},"end":{"line":108,"column":14}},"109":{"start":{"line":110,"column":0},"end":{"line":110,"column":1}},"120":{"start":{"line":121,"column":0},"end":{"line":121,"column":104}},"121":{"start":{"line":122,"column":0},"end":{"line":122,"column":10}},"122":{"start":{"line":123,"column":0},"end":{"line":123,"column":8}},"123":{"start":{"line":124,"column":0},"end":{"line":124,"column":66}},"124":{"start":{"line":125,"column":0},"end":{"line":125,"column":14}},"125":{"start":{"line":126,"column":0},"end":{"line":126,"column":50}},"126":{"start":{"line":127,"column":0},"end":{"line":127,"column":66}},"127":{"start":{"line":128,"column":0},"end":{"line":128,"column":9}},"128":{"start":{"line":129,"column":0},"end":{"line":129,"column":21}},"130":{"start":{"line":131,"column":0},"end":{"line":131,"column":10}},"131":{"start":{"line":132,"column":0},"end":{"line":132,"column":15}},"132":{"start":{"line":133,"column":0},"end":{"line":133,"column":25}},"133":{"start":{"line":134,"column":0},"end":{"line":134,"column":23}},"134":{"start":{"line":135,"column":0},"end":{"line":135,"column":194}},"135":{"start":{"line":136,"column":0},"end":{"line":136,"column":28}},"136":{"start":{"line":137,"column":0},"end":{"line":137,"column":31}},"137":{"start":{"line":138,"column":0},"end":{"line":138,"column":32}},"138":{"start":{"line":139,"column":0},"end":{"line":139,"column":39}},"139":{"start":{"line":140,"column":0},"end":{"line":140,"column":29}},"141":{"start":{"line":142,"column":0},"end":{"line":142,"column":80}},"142":{"start":{"line":143,"column":0},"end":{"line":143,"column":27}},"143":{"start":{"line":144,"column":0},"end":{"line":144,"column":17}},"144":{"start":{"line":145,"column":0},"end":{"line":145,"column":170}},"145":{"start":{"line":146,"column":0},"end":{"line":146,"column":16}},"146":{"start":{"line":147,"column":0},"end":{"line":147,"column":126}},"147":{"start":{"line":148,"column":0},"end":{"line":148,"column":25}},"148":{"start":{"line":149,"column":0},"end":{"line":149,"column":35}},"149":{"start":{"line":150,"column":0},"end":{"line":150,"column":33}},"150":{"start":{"line":151,"column":0},"end":{"line":151,"column":32}},"152":{"start":{"line":153,"column":0},"end":{"line":153,"column":104}},"153":{"start":{"line":154,"column":0},"end":{"line":154,"column":18}},"154":{"start":{"line":155,"column":0},"end":{"line":155,"column":16}},"155":{"start":{"line":156,"column":0},"end":{"line":156,"column":17}},"156":{"start":{"line":157,"column":0},"end":{"line":157,"column":11}},"157":{"start":{"line":158,"column":0},"end":{"line":158,"column":10}},"158":{"start":{"line":159,"column":0},"end":{"line":159,"column":26}},"159":{"start":{"line":160,"column":0},"end":{"line":160,"column":21}},"160":{"start":{"line":161,"column":0},"end":{"line":161,"column":40}},"161":{"start":{"line":162,"column":0},"end":{"line":162,"column":131}},"163":{"start":{"line":164,"column":0},"end":{"line":164,"column":91}},"164":{"start":{"line":165,"column":0},"end":{"line":165,"column":12}},"165":{"start":{"line":166,"column":0},"end":{"line":166,"column":10}},"167":{"start":{"line":168,"column":0},"end":{"line":168,"column":1}}},"s":{"0":1,"1":1,"8":1,"9":1,"10":1,"11":1,"12":1,"13":1,"14":1,"15":1,"16":1,"17":1,"18":1,"19":1,"20":1,"21":1,"22":1,"23":1,"24":1,"25":1,"26":1,"27":1,"28":1,"29":1,"30":1,"31":1,"32":1,"33":1,"34":1,"35":1,"36":1,"37":1,"38":1,"39":1,"41":1,"42":42,"43":42,"44":42,"46":42,"47":9,"48":42,"50":42,"51":42,"52":4,"53":4,"54":1,"55":1,"56":4,"57":1,"58":1,"59":3,"60":1,"61":1,"62":1,"63":1,"64":1,"65":1,"67":4,"68":4,"69":4,"70":4,"71":42,"72":42,"74":42,"75":42,"77":42,"78":42,"79":42,"80":42,"81":42,"82":42,"83":42,"85":42,"87":42,"88":42,"90":42,"91":42,"93":42,"94":42,"95":252,"96":252,"97":252,"98":252,"99":252,"100":252,"101":252,"102":252,"103":252,"104":42,"105":42,"106":42,"107":42,"109":42,"120":252,"121":252,"122":252,"123":252,"124":252,"125":7,"126":245,"127":252,"128":252,"130":252,"131":252,"132":252,"133":252,"134":252,"135":252,"136":252,"137":252,"138":252,"139":252,"141":252,"142":252,"143":252,"144":252,"145":252,"146":252,"147":252,"148":252,"149":252,"150":252,"152":252,"153":252,"154":252,"155":252,"156":252,"157":252,"158":252,"159":252,"160":252,"161":252,"163":252,"164":252,"165":252,"167":252},"branchMap":{"0":{"type":"branch","line":42,"loc":{"start":{"line":42,"column":7},"end":{"line":110,"column":1}},"locations":[{"start":{"line":42,"column":7},"end":{"line":110,"column":1}}]},"1":{"type":"branch","line":83,"loc":{"start":{"line":83,"column":12},"end":{"line":83,"column":59}},"locations":[{"start":{"line":83,"column":12},"end":{"line":83,"column":59}}]},"2":{"type":"branch","line":83,"loc":{"start":{"line":83,"column":29},"end":{"line":83,"column":84}},"locations":[{"start":{"line":83,"column":29},"end":{"line":83,"column":84}}]},"3":{"type":"branch","line":47,"loc":{"start":{"line":47,"column":33},"end":{"line":49,"column":5}},"locations":[{"start":{"line":47,"column":33},"end":{"line":49,"column":5}}]},"4":{"type":"branch","line":48,"loc":{"start":{"line":48,"column":17},"end":{"line":48,"column":58}},"locations":[{"start":{"line":48,"column":17},"end":{"line":48,"column":58}}]},"5":{"type":"branch","line":48,"loc":{"start":{"line":48,"column":37},"end":{"line":48,"column":52}},"locations":[{"start":{"line":48,"column":37},"end":{"line":48,"column":52}}]},"6":{"type":"branch","line":48,"loc":{"start":{"line":48,"column":45},"end":{"line":48,"column":58}},"locations":[{"start":{"line":48,"column":45},"end":{"line":48,"column":58}}]},"7":{"type":"branch","line":52,"loc":{"start":{"line":52,"column":4},"end":{"line":71,"column":6}},"locations":[{"start":{"line":52,"column":4},"end":{"line":71,"column":6}}]},"8":{"type":"branch","line":54,"loc":{"start":{"line":54,"column":33},"end":{"line":57,"column":17}},"locations":[{"start":{"line":54,"column":33},"end":{"line":57,"column":17}}]},"9":{"type":"branch","line":57,"loc":{"start":{"line":57,"column":6},"end":{"line":66,"column":7}},"locations":[{"start":{"line":57,"column":6},"end":{"line":66,"column":7}}]},"10":{"type":"branch","line":57,"loc":{"start":{"line":57,"column":38},"end":{"line":60,"column":17}},"locations":[{"start":{"line":57,"column":38},"end":{"line":60,"column":17}}]},"11":{"type":"branch","line":60,"loc":{"start":{"line":60,"column":6},"end":{"line":66,"column":7}},"locations":[{"start":{"line":60,"column":6},"end":{"line":66,"column":7}}]},"12":{"type":"branch","line":60,"loc":{"start":{"line":60,"column":35},"end":{"line":66,"column":7}},"locations":[{"start":{"line":60,"column":35},"end":{"line":66,"column":7}}]},"13":{"type":"branch","line":95,"loc":{"start":{"line":95,"column":24},"end":{"line":104,"column":14}},"locations":[{"start":{"line":95,"column":24},"end":{"line":104,"column":14}}]},"14":{"type":"branch","line":100,"loc":{"start":{"line":100,"column":24},"end":{"line":100,"column":48}},"locations":[{"start":{"line":100,"column":24},"end":{"line":100,"column":48}}]},"15":{"type":"branch","line":101,"loc":{"start":{"line":101,"column":25},"end":{"line":101,"column":56}},"locations":[{"start":{"line":101,"column":25},"end":{"line":101,"column":56}}]},"16":{"type":"branch","line":102,"loc":{"start":{"line":102,"column":25},"end":{"line":102,"column":69}},"locations":[{"start":{"line":102,"column":25},"end":{"line":102,"column":69}}]},"17":{"type":"branch","line":121,"loc":{"start":{"line":121,"column":0},"end":{"line":168,"column":1}},"locations":[{"start":{"line":121,"column":0},"end":{"line":168,"column":1}}]},"18":{"type":"branch","line":125,"loc":{"start":{"line":125,"column":8},"end":{"line":126,"column":50}},"locations":[{"start":{"line":125,"column":8},"end":{"line":126,"column":50}}]},"19":{"type":"branch","line":126,"loc":{"start":{"line":126,"column":12},"end":{"line":127,"column":66}},"locations":[{"start":{"line":126,"column":12},"end":{"line":127,"column":66}}]},"20":{"type":"branch","line":145,"loc":{"start":{"line":145,"column":123},"end":{"line":145,"column":150}},"locations":[{"start":{"line":145,"column":123},"end":{"line":145,"column":150}}]},"21":{"type":"branch","line":145,"loc":{"start":{"line":145,"column":132},"end":{"line":145,"column":166}},"locations":[{"start":{"line":145,"column":132},"end":{"line":145,"column":166}}]},"22":{"type":"branch","line":147,"loc":{"start":{"line":147,"column":68},"end":{"line":147,"column":105}},"locations":[{"start":{"line":147,"column":68},"end":{"line":147,"column":105}}]},"23":{"type":"branch","line":147,"loc":{"start":{"line":147,"column":77},"end":{"line":147,"column":123}},"locations":[{"start":{"line":147,"column":77},"end":{"line":147,"column":123}}]},"24":{"type":"branch","line":162,"loc":{"start":{"line":162,"column":75},"end":{"line":162,"column":109}},"locations":[{"start":{"line":162,"column":75},"end":{"line":162,"column":109}}]},"25":{"type":"branch","line":162,"loc":{"start":{"line":162,"column":84},"end":{"line":162,"column":128}},"locations":[{"start":{"line":162,"column":84},"end":{"line":162,"column":128}}]}},"b":{"0":[42],"1":[25],"2":[17],"3":[9],"4":[9],"5":[2],"6":[7],"7":[4],"8":[1],"9":[3],"10":[1],"11":[2],"12":[1],"13":[252],"14":[9],"15":[4],"16":[504],"17":[252],"18":[7],"19":[245],"20":[7],"21":[245],"22":[7],"23":[245],"24":[7],"25":[245]},"fnMap":{"0":{"name":"FAQ","decl":{"start":{"line":42,"column":7},"end":{"line":110,"column":1}},"loc":{"start":{"line":42,"column":7},"end":{"line":110,"column":1}},"line":42},"1":{"name":"onToggle","decl":{"start":{"line":100,"column":24},"end":{"line":100,"column":48}},"loc":{"start":{"line":100,"column":24},"end":{"line":100,"column":48}},"line":100},"2":{"name":"onKeyDown","decl":{"start":{"line":101,"column":25},"end":{"line":101,"column":56}},"loc":{"start":{"line":101,"column":25},"end":{"line":101,"column":56}},"line":101},"3":{"name":"buttonRef","decl":{"start":{"line":102,"column":25},"end":{"line":102,"column":69}},"loc":{"start":{"line":102,"column":25},"end":{"line":102,"column":69}},"line":102},"4":{"name":"FAQAccordionItem","decl":{"start":{"line":121,"column":0},"end":{"line":168,"column":1}},"loc":{"start":{"line":121,"column":0},"end":{"line":168,"column":1}},"line":121}},"f":{"0":42,"1":9,"2":4,"3":504,"4":252}}
,"/tmp/mvp-v3-b634830a-da6f-446a-af22-0bb1762dc75c-MBf9b7/src/components/Features.tsx": {"path":"/tmp/mvp-v3-b634830a-da6f-446a-af22-0bb1762dc75c-MBf9b7/src/components/Features.tsx","all":false,"statementMap":{"0":{"start":{"line":1,"column":0},"end":{"line":1,"column":65}},"2":{"start":{"line":3,"column":0},"end":{"line":3,"column":18}},"3":{"start":{"line":4,"column":0},"end":{"line":4,"column":3}},"4":{"start":{"line":5,"column":0},"end":{"line":5,"column":31}},"5":{"start":{"line":6,"column":0},"end":{"line":6,"column":16}},"6":{"start":{"line":7,"column":0},"end":{"line":7,"column":139}},"7":{"start":{"line":8,"column":0},"end":{"line":8,"column":11}},"8":{"start":{"line":9,"column":0},"end":{"line":9,"column":104}},"9":{"start":{"line":10,"column":0},"end":{"line":10,"column":280}},"10":{"start":{"line":11,"column":0},"end":{"line":11,"column":12}},"12":{"start":{"line":13,"column":0},"end":{"line":13,"column":4}},"13":{"start":{"line":14,"column":0},"end":{"line":14,"column":3}},"14":{"start":{"line":15,"column":0},"end":{"line":15,"column":33}},"15":{"start":{"line":16,"column":0},"end":{"line":16,"column":16}},"16":{"start":{"line":17,"column":0},"end":{"line":17,"column":126}},"17":{"start":{"line":18,"column":0},"end":{"line":18,"column":11}},"18":{"start":{"line":19,"column":0},"end":{"line":19,"column":104}},"19":{"start":{"line":20,"column":0},"end":{"line":20,"column":110}},"20":{"start":{"line":21,"column":0},"end":{"line":21,"column":12}},"22":{"start":{"line":23,"column":0},"end":{"line":23,"column":4}},"23":{"start":{"line":24,"column":0},"end":{"line":24,"column":3}},"24":{"start":{"line":25,"column":0},"end":{"line":25,"column":31}},"25":{"start":{"line":26,"column":0},"end":{"line":26,"column":16}},"26":{"start":{"line":27,"column":0},"end":{"line":27,"column":130}},"27":{"start":{"line":28,"column":0},"end":{"line":28,"column":11}},"28":{"start":{"line":29,"column":0},"end":{"line":29,"column":104}},"29":{"start":{"line":30,"column":0},"end":{"line":30,"column":273}},"30":{"start":{"line":31,"column":0},"end":{"line":31,"column":12}},"32":{"start":{"line":33,"column":0},"end":{"line":33,"column":4}},"33":{"start":{"line":34,"column":0},"end":{"line":34,"column":3}},"34":{"start":{"line":35,"column":0},"end":{"line":35,"column":33}},"35":{"start":{"line":36,"column":0},"end":{"line":36,"column":16}},"36":{"start":{"line":37,"column":0},"end":{"line":37,"column":128}},"37":{"start":{"line":38,"column":0},"end":{"line":38,"column":11}},"38":{"start":{"line":39,"column":0},"end":{"line":39,"column":104}},"39":{"start":{"line":40,"column":0},"end":{"line":40,"column":127}},"40":{"start":{"line":41,"column":0},"end":{"line":41,"column":12}},"42":{"start":{"line":43,"column":0},"end":{"line":43,"column":4}},"43":{"start":{"line":44,"column":0},"end":{"line":44,"column":3}},"44":{"start":{"line":45,"column":0},"end":{"line":45,"column":34}},"45":{"start":{"line":46,"column":0},"end":{"line":46,"column":16}},"46":{"start":{"line":47,"column":0},"end":{"line":47,"column":116}},"47":{"start":{"line":48,"column":0},"end":{"line":48,"column":11}},"48":{"start":{"line":49,"column":0},"end":{"line":49,"column":104}},"49":{"start":{"line":50,"column":0},"end":{"line":50,"column":189}},"50":{"start":{"line":51,"column":0},"end":{"line":51,"column":12}},"52":{"start":{"line":53,"column":0},"end":{"line":53,"column":4}},"53":{"start":{"line":54,"column":0},"end":{"line":54,"column":3}},"54":{"start":{"line":55,"column":0},"end":{"line":55,"column":32}},"55":{"start":{"line":56,"column":0},"end":{"line":56,"column":16}},"56":{"start":{"line":57,"column":0},"end":{"line":57,"column":123}},"57":{"start":{"line":58,"column":0},"end":{"line":58,"column":11}},"58":{"start":{"line":59,"column":0},"end":{"line":59,"column":104}},"59":{"start":{"line":60,"column":0},"end":{"line":60,"column":346}},"60":{"start":{"line":61,"column":0},"end":{"line":61,"column":12}},"62":{"start":{"line":63,"column":0},"end":{"line":63,"column":4}},"63":{"start":{"line":64,"column":0},"end":{"line":64,"column":11}},"65":{"start":{"line":66,"column":0},"end":{"line":66,"column":22}},"66":{"start":{"line":67,"column":0},"end":{"line":67,"column":10}},"67":{"start":{"line":68,"column":0},"end":{"line":68,"column":8}},"68":{"start":{"line":69,"column":0},"end":{"line":69,"column":4}},"71":{"start":{"line":72,"column":0},"end":{"line":72,"column":4}},"72":{"start":{"line":73,"column":0},"end":{"line":73,"column":50}},"74":{"start":{"line":75,"column":0},"end":{"line":75,"column":10}},"75":{"start":{"line":76,"column":0},"end":{"line":76,"column":12}},"76":{"start":{"line":77,"column":0},"end":{"line":77,"column":15}},"77":{"start":{"line":78,"column":0},"end":{"line":78,"column":174}},"78":{"start":{"line":79,"column":0},"end":{"line":79,"column":75}},"79":{"start":{"line":80,"column":0},"end":{"line":80,"column":9}},"80":{"start":{"line":81,"column":0},"end":{"line":81,"column":52}},"82":{"start":{"line":83,"column":0},"end":{"line":83,"column":166}},"83":{"start":{"line":84,"column":0},"end":{"line":84,"column":22}},"84":{"start":{"line":85,"column":0},"end":{"line":85,"column":12}},"85":{"start":{"line":86,"column":0},"end":{"line":86,"column":66}},"86":{"start":{"line":87,"column":0},"end":{"line":87,"column":23}},"87":{"start":{"line":88,"column":0},"end":{"line":88,"column":11}},"88":{"start":{"line":89,"column":0},"end":{"line":89,"column":62}},"89":{"start":{"line":90,"column":0},"end":{"line":90,"column":29}},"90":{"start":{"line":91,"column":0},"end":{"line":91,"column":10}},"91":{"start":{"line":92,"column":0},"end":{"line":92,"column":61}},"92":{"start":{"line":93,"column":0},"end":{"line":93,"column":140}},"94":{"start":{"line":95,"column":0},"end":{"line":95,"column":170}},"95":{"start":{"line":96,"column":0},"end":{"line":96,"column":98}},"96":{"start":{"line":97,"column":0},"end":{"line":97,"column":16}},"97":{"start":{"line":98,"column":0},"end":{"line":98,"column":15}},"98":{"start":{"line":99,"column":0},"end":{"line":99,"column":12}},"99":{"start":{"line":100,"column":0},"end":{"line":100,"column":14}},"101":{"start":{"line":102,"column":0},"end":{"line":102,"column":1}},"103":{"start":{"line":104,"column":0},"end":{"line":104,"column":28}},"104":{"start":{"line":105,"column":0},"end":{"line":105,"column":50}},"106":{"start":{"line":107,"column":0},"end":{"line":107,"column":10}},"107":{"start":{"line":108,"column":0},"end":{"line":108,"column":112}},"109":{"start":{"line":110,"column":0},"end":{"line":110,"column":186}},"110":{"start":{"line":111,"column":0},"end":{"line":111,"column":71}},"111":{"start":{"line":112,"column":0},"end":{"line":112,"column":12}},"112":{"start":{"line":113,"column":0},"end":{"line":113,"column":19}},"113":{"start":{"line":114,"column":0},"end":{"line":114,"column":97}},"114":{"start":{"line":115,"column":0},"end":{"line":115,"column":79}},"115":{"start":{"line":116,"column":0},"end":{"line":116,"column":13}},"117":{"start":{"line":118,"column":0},"end":{"line":118,"column":96}},"119":{"start":{"line":120,"column":0},"end":{"line":120,"column":15}},"120":{"start":{"line":121,"column":0},"end":{"line":121,"column":55}},"122":{"start":{"line":123,"column":0},"end":{"line":123,"column":14}},"123":{"start":{"line":124,"column":0},"end":{"line":124,"column":14}},"125":{"start":{"line":126,"column":0},"end":{"line":126,"column":78}},"126":{"start":{"line":127,"column":0},"end":{"line":127,"column":45}},"127":{"start":{"line":128,"column":0},"end":{"line":128,"column":79}},"128":{"start":{"line":129,"column":0},"end":{"line":129,"column":13}},"129":{"start":{"line":130,"column":0},"end":{"line":130,"column":14}},"130":{"start":{"line":131,"column":0},"end":{"line":131,"column":12}},"131":{"start":{"line":132,"column":0},"end":{"line":132,"column":14}},"133":{"start":{"line":134,"column":0},"end":{"line":134,"column":1}}},"s":{"0":1,"2":1,"3":1,"4":1,"5":1,"6":1,"7":1,"8":1,"9":1,"10":1,"12":1,"13":1,"14":1,"15":1,"16":1,"17":1,"18":1,"19":1,"20":1,"22":1,"23":1,"24":1,"25":1,"26":1,"27":1,"28":1,"29":1,"30":1,"32":1,"33":1,"34":1,"35":1,"36":1,"37":1,"38":1,"39":1,"40":1,"42":1,"43":1,"44":1,"45":1,"46":1,"47":1,"48":1,"49":1,"50":1,"52":1,"53":1,"54":1,"55":1,"56":1,"57":1,"58":1,"59":1,"60":1,"62":1,"63":1,"65":126,"66":126,"67":126,"68":126,"71":126,"72":126,"74":126,"75":126,"76":126,"77":126,"78":126,"79":126,"80":126,"82":126,"83":126,"84":126,"85":126,"86":126,"87":126,"88":126,"89":126,"90":126,"91":126,"92":126,"94":126,"95":126,"96":126,"97":126,"98":126,"99":126,"101":126,"103":1,"104":22,"106":22,"107":22,"109":22,"110":22,"111":22,"112":22,"113":22,"114":22,"115":22,"117":22,"119":22,"120":22,"122":22,"123":22,"125":22,"126":22,"127":132,"128":22,"129":22,"130":22,"131":22,"133":22},"branchMap":{"0":{"type":"branch","line":66,"loc":{"start":{"line":66,"column":0},"end":{"line":102,"column":1}},"locations":[{"start":{"line":66,"column":0},"end":{"line":102,"column":1}}]},"1":{"type":"branch","line":79,"loc":{"start":{"line":79,"column":8},"end":{"line":79,"column":50}},"locations":[{"start":{"line":79,"column":8},"end":{"line":79,"column":50}}]},"2":{"type":"branch","line":79,"loc":{"start":{"line":79,"column":20},"end":{"line":
[...]
column":0},"end":{"line":71,"column":8}},"71":{"start":{"line":72,"column":0},"end":{"line":72,"column":67}},"72":{"start":{"line":73,"column":0},"end":{"line":73,"column":10}},"74":{"start":{"line":75,"column":0},"end":{"line":75,"column":1}},"76":{"start":{"line":77,"column":0},"end":{"line":77,"column":65}},"77":{"start":{"line":78,"column":0},"end":{"line":78,"column":50}},"79":{"start":{"line":80,"column":0},"end":{"line":80,"column":10}},"80":{"start":{"line":81,"column":0},"end":{"line":81,"column":8}},"81":{"start":{"line":82,"column":0},"end":{"line":82,"column":15}},"82":{"start":{"line":83,"column":0},"end":{"line":83,"column":179}},"83":{"start":{"line":84,"column":0},"end":{"line":84,"column":75}},"84":{"start":{"line":85,"column":0},"end":{"line":85,"column":9}},"86":{"start":{"line":87,"column":0},"end":{"line":87,"column":52}},"87":{"start":{"line":88,"column":0},"end":{"line":88,"column":93}},"88":{"start":{"line":89,"column":0},"end":{"line":89,"column":52}},"89":{"start":{"line":90,"column":0},"end":{"line":90,"column":14}},"90":{"start":{"line":91,"column":0},"end":{"line":91,"column":86}},"91":{"start":{"line":92,"column":0},"end":{"line":92,"column":12}},"92":{"start":{"line":93,"column":0},"end":{"line":93,"column":67}},"93":{"start":{"line":94,"column":0},"end":{"line":94,"column":30}},"94":{"start":{"line":95,"column":0},"end":{"line":95,"column":10}},"95":{"start":{"line":96,"column":0},"end":{"line":96,"column":79}},"96":{"start":{"line":97,"column":0},"end":{"line":97,"column":13}},"97":{"start":{"line":98,"column":0},"end":{"line":98,"column":86}},"99":{"start":{"line":100,"column":0},"end":{"line":100,"column":16}},"100":{"start":{"line":101,"column":0},"end":{"line":101,"column":92}},"101":{"start":{"line":102,"column":0},"end":{"line":102,"column":91}},"102":{"start":{"line":103,"column":0},"end":{"line":103,"column":36}},"103":{"start":{"line":104,"column":0},"end":{"line":104,"column":16}},"104":{"start":{"line":105,"column":0},"end":{"line":105,"column":14}},"105":{"start":{"line":106,"column":0},"end":{"line":106,"column":13}},"106":{"start":{"line":107,"column":0},"end":{"line":107,"column":86}},"108":{"start":{"line":109,"column":0},"end":{"line":109,"column":16}},"109":{"start":{"line":110,"column":0},"end":{"line":110,"column":88}},"110":{"start":{"line":111,"column":0},"end":{"line":111,"column":87}},"111":{"start":{"line":112,"column":0},"end":{"line":112,"column":38}},"112":{"start":{"line":113,"column":0},"end":{"line":113,"column":16}},"113":{"start":{"line":114,"column":0},"end":{"line":114,"column":14}},"114":{"start":{"line":115,"column":0},"end":{"line":115,"column":12}},"115":{"start":{"line":116,"column":0},"end":{"line":116,"column":10}},"117":{"start":{"line":118,"column":0},"end":{"line":118,"column":1}},"119":{"start":{"line":120,"column":0},"end":{"line":120,"column":32}},"120":{"start":{"line":121,"column":0},"end":{"line":121,"column":50}},"122":{"start":{"line":123,"column":0},"end":{"line":123,"column":10}},"123":{"start":{"line":124,"column":0},"end":{"line":124,"column":12}},"124":{"start":{"line":125,"column":0},"end":{"line":125,"column":23}},"125":{"start":{"line":126,"column":0},"end":{"line":126,"column":77}},"126":{"start":{"line":127,"column":0},"end":{"line":127,"column":44}},"128":{"start":{"line":129,"column":0},"end":{"line":129,"column":62}},"129":{"start":{"line":130,"column":0},"end":{"line":130,"column":12}},"130":{"start":{"line":131,"column":0},"end":{"line":131,"column":19}},"131":{"start":{"line":132,"column":0},"end":{"line":132,"column":61}},"132":{"start":{"line":133,"column":0},"end":{"line":133,"column":79}},"133":{"start":{"line":134,"column":0},"end":{"line":134,"column":13}},"135":{"start":{"line":136,"column":0},"end":{"line":136,"column":63}},"136":{"start":{"line":137,"column":0},"end":{"line":137,"column":15}},"137":{"start":{"line":138,"column":0},"end":{"line":138,"column":39}},"138":{"start":{"line":139,"column":0},"end":{"line":139,"column":73}},"139":{"start":{"line":140,"column":0},"end":{"line":140,"column":13}},"141":{"start":{"line":142,"column":0},"end":{"line":142,"column":17}},"142":{"start":{"line":143,"column":0},"end":{"line":143,"column":57}},"144":{"start":{"line":145,"column":0},"end":{"line":145,"column":16}},"145":{"start":{"line":146,"column":0},"end":{"line":146,"column":16}},"146":{"start":{"line":147,"column":0},"end":{"line":147,"column":14}},"148":{"start":{"line":149,"column":0},"end":{"line":149,"column":63}},"149":{"start":{"line":150,"column":0},"end":{"line":150,"column":40}},"150":{"start":{"line":151,"column":0},"end":{"line":151,"column":69}},"151":{"start":{"line":152,"column":0},"end":{"line":152,"column":13}},"152":{"start":{"line":153,"column":0},"end":{"line":153,"column":14}},"153":{"start":{"line":154,"column":0},"end":{"line":154,"column":12}},"154":{"start":{"line":155,"column":0},"end":{"line":155,"column":14}},"156":{"start":{"line":157,"column":0},"end":{"line":157,"column":1}}},"s":{"0":1,"10":1,"11":1,"12":1,"13":1,"14":1,"15":1,"16":1,"17":1,"18":1,"19":1,"20":1,"21":1,"22":1,"23":1,"24":1,"25":1,"26":1,"27":1,"28":1,"29":1,"30":1,"31":1,"32":1,"33":1,"34":1,"35":1,"37":69,"38":69,"39":23,"40":23,"41":23,"42":23,"43":23,"44":23,"45":23,"47":23,"48":69,"49":23,"50":23,"51":23,"52":23,"53":23,"54":23,"55":23,"56":23,"57":23,"58":23,"60":23,"62":23,"63":23,"64":23,"65":23,"66":23,"67":23,"68":23,"69":23,"70":23,"71":23,"72":23,"74":23,"76":69,"77":69,"79":69,"80":69,"81":69,"82":69,"83":69,"84":69,"86":69,"87":69,"88":69,"89":69,"90":69,"91":69,"92":69,"93":69,"94":69,"95":69,"96":69,"97":69,"99":69,"100":69,"101":69,"102":69,"103":69,"104":69,"105":69,"106":69,"108":69,"109":69,"110":69,"111":69,"112":69,"113":69,"114":69,"115":69,"117":69,"119":1,"120":23,"122":23,"123":23,"124":23,"125":23,"126":23,"128":23,"129":23,"130":23,"131":23,"132":23,"133":23,"135":23,"136":23,"137":23,"138":23,"139":23,"141":23,"142":23,"144":23,"145":23,"146":23,"148":23,"149":23,"150":69,"151":23,"152":23,"153":23,"154":23,"156":23},"branchMap":{"0":{"type":"branch","line":38,"loc":{"start":{"line":38,"column":0},"end":{"line":75,"column":1}},"locations":[{"start":{"line":38,"column":0},"end":{"line":75,"column":1}}]},"1":{"type":"branch","line":39,"loc":{"start":{"line":39,"column":26},"end":{"line":48,"column":3}},"locations":[{"start":{"line":39,"column":26},"end":{"line":48,"column":3}}]},"2":{"type":"branch","line":48,"loc":{"start":{"line":48,"column":2},"end":{"line":49,"column":33}},"locations":[{"start":{"line":48,"column":2},"end":{"line":49,"column":33}}]},"3":{"type":"branch","line":49,"loc":{"start":{"line":49,"column":33},"end":{"line":75,"column":1}},"locations":[{"start":{"line":49,"column":33},"end":{"line":75,"column":1}}]},"4":{"type":"branch","line":77,"loc":{"start":{"line":77,"column":0},"end":{"line":118,"column":1}},"locations":[{"start":{"line":77,"column":0},"end":{"line":118,"column":1}}]},"5":{"type":"branch","line":84,"loc":{"start":{"line":84,"column":8},"end":{"line":84,"column":50}},"locations":[{"start":{"line":84,"column":8},"end":{"line":84,"column":50}}]},"6":{"type":"branch","line":84,"loc":{"start":{"line":84,"column":20},"end":{"line":84,"column":75}},"locations":[{"start":{"line":84,"column":20},"end":{"line":84,"column":75}}]},"7":{"type":"branch","line":120,"loc":{"start":{"line":120,"column":7},"end":{"line":157,"column":1}},"locations":[{"start":{"line":120,"column":7},"end":{"line":157,"column":1}}]},"8":{"type":"branch","line":133,"loc":{"start":{"line":133,"column":12},"end":{"line":133,"column":54}},"locations":[{"start":{"line":133,"column":12},"end":{"line":133,"column":54}}]},"9":{"type":"branch","line":133,"loc":{"start":{"line":133,"column":24},"end":{"line":133,"column":79}},"locations":[{"start":{"line":133,"column":24},"end":{"line":133,"column":79}}]},"10":{"type":"branch","line":150,"loc":{"start":{"line":150,"column":25},"end":{"line":151,"column":69}},"locations":[{"start":{"line":150,"column":25},"end":{"line":151,"column":69}}]}},"b":{"0":[69],"1":[23],"2":[46],"3":[23],"4":[69],"5":[33],"6":[36],"7":[23],"8":[11],"9":[12],"10":[69]},"fnMap":{"0":{"name":"PatternIcon","decl":{"start":{"line":38,"column":0},"end":{"line":75,"column":1}},"loc":{"start":{"line":38,"column":0},"end":{"line":75,"column":1}},"line":38},"1":{"name":"ScenarioCard","decl":{"start":{"line":77,"column":0},"end":{"line":118,"column":1}},"loc":{"start":{"line":77,"column":0},"end":{"line":118,"column":1}},"line":77},"2":{"name":"Testimonials","decl":{"start":{"line":120,"column":7},"end":{"line":157,"column":1}},"loc":{"start":{"line":120,"column":7},"end":{"line":157,"column":1}},"line":120}},"f":{"0":69,"1":69,"2":23}}
,"/tmp/mvp-v3-b634830a-da6f-446a-af22-0bb1762dc75c-MBf9b7/src/hooks/useActiveSection.ts": {"path":"/tmp/mvp-v3-b634830a-da6f-446a-af22-0bb1762dc75c-MBf9b7/src/hooks/useActiveSection.ts","all":false,"statementMap":{"0":{"start":{"line":1,"column":0},"end":{"line":1,"column":44}},"2":{"start":{"line":3,"column":0},"end":{"line":3,"column":89}},"5":{"start":{"line":6,"column":0},"end":{"line":6,"column":54}},"6":{"start":{"line":7,"column":0},"end":{"line":7,"column":77}},"8":{"start":{"line":9,"column":0},"end":{"line":9,"column":19}},"9":{"start":{"line":10,"column":0},"end":{"line":10,"column":46}},"10":{"start":{"line":11,"column":0},"end":{"line":11,"column":20}},"11":{"start":{"line":12,"column":0},"end":{"line":12,"column":38}},"12":{"start":{"line":13,"column":0},"end":{"line":13,"column":37}},"13":{"start":{"line":14,"column":0},"end":{"line":14,"column":52}},"14":{"start":{"line":15,"column":0},"end":{"line":15,"column":40}},"15":{"start":{"line":16,"column":0},"end":{"line":16,"column":35}},"16":{"start":{"line":17,"column":0},"end":{"line":17,"column":13}},"17":{"start":{"line":18,"column":0},"end":{"line":18,"column":11}},"18":{"start":{"line":19,"column":0},"end":{"line":19,"column":9}},"19":{"start":{"line":20,"column":0},"end":{"line":20,"column":8}},"20":{"start":{"line":21,"column":0},"end":{"line":21,"column":41}},"21":{"start":{"line":22,"column":0},"end":{"line":22,"column":6}},"23":{"start":{"line":24,"column":0},"end":{"line":24,"column":32}},"24":{"start":{"line":25,"column":0},"end":{"line":25,"column":50}},"25":{"start":{"line":26,"column":0},"end":{"line":26,"column":20}},"26":{"start":{"line":27,"column":0},"end":{"line":27,"column":34}},"27":{"start":{"line":28,"column":0},"end":{"line":28,"column":7}},"28":{"start":{"line":29,"column":0},"end":{"line":29,"column":5}},"30":{"start":{"line":31,"column":0},"end":{"line":31,"column":39}},"31":{"start":{"line":32,"column":0},"end":{"line":32,"column":9}},"33":{"start":{"line":34,"column":0},"end":{"line":34,"column":23}},"34":{"start":{"line":35,"column":0},"end":{"line":35,"column":1}}},"s":{"0":1,"2":1,"5":1,"6":20,"8":20,"9":18,"10":18,"11":25,"12":25,"13":25,"14":25,"15":0,"16":0,"17":25,"18":25,"19":25,"20":18,"21":18,"23":18,"24":90,"25":90,"26":25,"27":25,"28":90,"30":18,"31":20,"33":20,"34":20},"branchMap":{"0":{"type":"branch","line":6,"loc":{"start":{"line":6,"column":7},"end":{"line":35,"column":1}},"locations":[{"start":{"line":6,"column":7},"end":{"line":35,"column":1}}]},"1":{"type":"branch","line":9,"loc":{"start":{"line":9,"column":12},"end":{"line":32,"column":5}},"locations":[{"start":{"line":9,"column":12},"end":{"line":32,"column":5}}]},"2":{"type":"branch","line":24,"loc":{"start":{"line":24,"column":31},"end":{"line":29,"column":5}},"locations":[{"start":{"line":24,"column":31},"end":{"line":29,"column":5}}]},"3":{"type":"branch","line":26,"loc":{"start":{"line":26,"column":19},"end":{"line":28,"column":7}},"locations":[{"start":{"line":26,"column":19},"end":{"line":28,"column":7}}]},"4":{"type":"branch","line":11,"loc":{"start":{"line":11,"column":6},"end":{"line":20,"column":8}},"locations":[{"start":{"line":11,"column":6},"end":{"line":20,"column":8}}]},"5":{"type":"branch","line":15,"loc":{"start":{"line":15,"column":39},"end":{"line":17,"column":13}},"locations":[{"start":{"line":15,"column":39},"end":{"line":17,"column":13}}]},"6":{"type":"branch","line":31,"loc":{"start":{"line":31,"column":11},"end":{"line":31,"column":39}},"locations":[{"start":{"line":31,"column":11},"end":{"line":31,"column":39}}]}},"b":{"0":[20],"1":[18],"2":[90],"3":[25],"4":[25],"5":[0],"6":[18]},"fnMap":{"0":{"name":"useActiveSection","decl":{"start":{"line":6,"column":7},"end":{"line":35,"column":1}},"loc":{"start":{"line":6,"column":7},"end":{"line":35,"column":1}},"line":6},"1":{"name":"IntersectionObserver.rootMargin","decl":{"start":{"line":11,"column":6},"end":{"line":20,"column":8}},"loc":{"start":{"line":11,"column":6},"end":{"line":20,"column":8}},"line":11}},"f":{"0":20,"1":25}}
,"/tmp/mvp-v3-b634830a-da6f-446a-af22-0bb1762dc75c-MBf9b7/src/hooks/useScrollAnimation.ts": {"path":"/tmp/mvp-v3-b634830a-da6f-446a-af22-0bb1762dc75c-MBf9b7/src/hooks/useScrollAnimation.ts","all":false,"statementMap":{"0":{"start":{"line":1,"column":0},"end":{"line":1,"column":65}},"8":{"start":{"line":9,"column":0},"end":{"line":9,"column":42}},"9":{"start":{"line":10,"column":0},"end":{"line":10,"column":71}},"10":{"start":{"line":11,"column":0},"end":{"line":11,"column":1}},"12":{"start":{"line":13,"column":0},"end":{"line":13,"column":75}},"13":{"start":{"line":14,"column":0},"end":{"line":14,"column":41}},"14":{"start":{"line":15,"column":0},"end":{"line":15,"column":3}},"15":{"start":{"line":16,"column":0},"end":{"line":16,"column":93}},"16":{"start":{"line":17,"column":0},"end":{"line":17,"column":52}},"17":{"start":{"line":18,"column":0},"end":{"line":18,"column":77}},"18":{"start":{"line":19,"column":0},"end":{"line":19,"column":30}},"19":{"start":{"line":20,"column":0},"end":{"line":20,"column":64}},"22":{"start":{"line":23,"column":0},"end":{"line":23,"column":19}},"23":{"start":{"line":24,"column":0},"end":{"line":24,"column":77}},"24":{"start":{"line":25,"column":0},"end":{"line":25,"column":54}},"25":{"start":{"line":26,"column":0},"end":{"line":26,"column":35}},"26":{"start":{"line":27,"column":0},"end":{"line":27,"column":6}},"27":{"start":{"line":28,"column":0},"end":{"line":28,"column":56}},"28":{"start":{"line":29,"column":0},"end":{"line":29,"column":72}},"29":{"start":{"line":30,"column":0},"end":{"line":30,"column":9}},"31":{"start":{"line":32,"column":0},"end":{"line":32,"column":41}},"32":{"start":{"line":33,"column":0},"end":{"line":33,"column":47}},"33":{"start":{"line":34,"column":0},"end":{"line":34,"column":30}},"34":{"start":{"line":35,"column":0},"end":{"line":35,"column":34}},"35":{"start":{"line":36,"column":0},"end":{"line":36,"column":27}},"36":{"start":{"line":37,"column":0},"end":{"line":37,"column":26}},"37":{"start":{"line":38,"column":0},"end":{"line":38,"column":44}},"38":{"start":{"line":39,"column":0},"end":{"line":39,"column":9}},"39":{"start":{"line":40,"column":0},"end":{"line":40,"column":32}},"40":{"start":{"line":41,"column":0},"end":{"line":41,"column":28}},"41":{"start":{"line":42,"column":0},"end":{"line":42,"column":7}},"42":{"start":{"line":43,"column":0},"end":{"line":43,"column":6}},"43":{"start":{"line":44,"column":0},"end":{"line":44,"column":17}},"44":{"start":{"line":45,"column":0},"end":{"line":45,"column":4}},"46":{"start":{"line":47,"column":0},"end":{"line":47,"column":19}},"47":{"start":{"line":48,"column":0},"end":{"line":48,"column":32}},"48":{"start":{"line":49,"column":0},"end":{"line":49,"column":25}},"51":{"start":{"line":52,"column":0},"end":{"line":52,"column":25}},"52":{"start":{"line":53,"column":0},"end":{"line":53,"column":25}},"53":{"start":{"line":54,"column":0},"end":{"line":54,"column":13}},"54":{"start":{"line":55,"column":0},"end":{"line":55,"column":5}},"56":{"start":{"line":57,"column":0},"end":{"line":57,"column":72}},"57":{"start":{"line":58,"column":0},"end":{"line":58,"column":16}},"58":{"start":{"line":59,"column":0},"end":{"line":59,"column":17}},"59":{"start":{"line":60,"column":0},"end":{"line":60,"column":7}},"61":{"start":{"line":62,"column":0},"end":{"line":62,"column":41}},"63":{"start":{"line":64,"column":0},"end":{"line":64,"column":18}},"64":{"start":{"line":65,"column":0},"end":{"line":65,"column":40}},"65":{"start":{"line":66,"column":0},"end":{"line":66,"column":6}},"66":{"start":{"line":67,"column":0},"end":{"line":67,"column":66}},"68":{"start":{"line":69,"column":0},"end":{"line":69,"column":44}},"69":{"start":{"line":70,"column":0},"end":{"line":70,"column":1}}},"s":{"0":1,"8":263,"9":263,"10":263,"12":1,"13":513,"14":513,"15":513,"16":513,"17":513,"18":513,"19":513,"22":513,"23":261,"24":261,"25":0,"26":0,"27":261,"28":261,"29":513,"31":513,"32":513,"33":256,"34":256,"35":256,"36":256,"37":256,"38":256,"39":256,"40":0,"41":0,"42":256,"43":513,"44":513,"46":513,"47":261,"48":261,"51":257,"52":0,"53":0,"54":0,"56":256,"57":256,"58":256,"59":256,"61":256,"63":256,"64":256,"65":256,"66":513,"68":513,"69":513},"branchMap":{"0":{"type":"branch","line":9,"loc":{"start":{"line":9,"column":0},"end":{"line":11,"column":1}},"locations":[{"start":{"line":9,"column":0},"end":{"line":11,"column":1}}]},"1":{"type":"branch","line":13,"loc":{"start":{"line":13,"column":7},"end":{"line":70,"column":1}},"locations":[{"start":{"line":13,"column":7},"end":{"line":70,"column":1}}]},"2":{"type":"branch","line":23,"loc":{"start":{"line":23,"column":12},"end":{"line":30,"column":5}},"locations":[{"start":{"line":23,"column":12},"end":{"line":30,"column":5}}]},"3":{"type":"branch","line":29,"loc":{"start":{"line":29,"column":11},"end":{"line":29,"column":72}},"locations":[{"start":{"line":29,"column":11},"end":{"line":29,"column":72}}]},"4":{"type":"branch","line":33,"loc":{"start":{"line":33,"column":4},"end":{"line":43,"column":6}},"locations":[{"start":{"line":33,"column":4},"end":{"line":43,"column":6}}]},"5":{"type":"branch","line":40,"loc":{"start":{"line":40,"column":6},"end":{"line":42,"column":7}},"locations":[{"start":{"line":40,"column":6},"end":{"line":42,"column":7}}]},"6":{"type":"branch","line":47,"loc":{"start":{"line":47,"column":12},"end":{"line":67,"column":5}},"locations":[{"start":{"line":47,"column":12},"end":{"line":67,"column":5}}]},"7":{"type":"branch","line":49,"loc":{"start":{"line":49,"column":18},"end":{"line":49,"column":25}},"locations":[{"start":{"line":49,"column":18},"end":{"line":49,"column":25}}]},"8":{"type":"branch","line":49,"loc":{"start":{"line":49,"column":18},"end":{"line":66,"column":6}},"locations":[{"start":{"line":49,"column":18},"end":{"line":66,"column":6}}]},"9":{"type":"branch","line":49,"loc":{"start":{"line":49,"column":18},"end":{"line":52,"column":24}},"locations":[{"start":{"line":49,"column":18},"end":{"line":52,"column":24}}]},"10":{"type":"branch","line":52,"loc":{"start":{"line":52,"column":24},"end":{"line":55,"column":5}},"locations":[{"start":{"line":52,"column":24},"end":{"line":55,"column":5}}]},"11":{"type":"branch","line":55,"loc":{"start":{"line":55,"column":4},"end":{"line":66,"column":6}},"locations":[{"start":{"line":55,"column":4},"end":{"line":66,"column":6}}]},"12":{"type":"branch","line":64,"loc":{"start":{"line":64,"column":11},"end":{"line":66,"column":6}},"locations":[{"start":{"line":64,"column":11},"end":{"line":66,"column":6}}]}},"b":{"0":[263],"1":[513],"2":[261],"3":[261],"4":[256],"5":[0],"6":[261],"7":[5],"8":[257],"9":[256],"10":[0],"11":[256],"12":[256]},"fnMap":{"0":{"name":"prefersReducedMotion","decl":{"start":{"line":9,"column":0},"end":{"line":11,"column":1}},"loc":{"start":{"line":9,"column":0},"end":{"line":11,"column":1}},"line":9},"1":{"name":"useScrollAnimation","decl":{"start":{"line":13,"column":7},"end":{"line":70,"column":1}},"loc":{"start":{"line":13,"column":7},"end":{"line":70,"column":1}},"line":13},"2":{"name":"handleChange","decl":{"start":{"line":25,"column":25},"end":{"line":27,"column":6}},"loc":{"start":{"line":25,"column":25},"end":{"line":27,"column":6}},"line":25}},"f":{"0":263,"1":513,"2":0}}
}
