{"/tmp/mvp-v3-b634830a-da6f-446a-af22-0bb1762dc75c-kpSrWw/src/App.tsx": {"path":"/tmp/mvp-v3-b634830a-da6f-446a-af22-0bb1762dc75c-kpSrWw/src/App.tsx","all":false,"statementMap":{"0":{"start":{"line":1,"column":0},"end":{"line":1,"column":60}},"1":{"start":{"line":2,"column":0},"end":{"line":2,"column":45}},"2":{"start":{"line":3,"column":0},"end":{"line":3,"column":59}},"4":{"start":{"line":5,"column":0},"end":{"line":5,"column":23}},"5":{"start":{"line":6,"column":0},"end":{"line":6,"column":64}},"6":{"start":{"line":7,"column":0},"end":{"line":7,"column":2}},"8":{"start":{"line":9,"column":0},"end":{"line":9,"column":30}},"9":{"start":{"line":10,"column":0},"end":{"line":10,"column":78}},"10":{"start":{"line":11,"column":0},"end":{"line":11,"column":2}},"12":{"start":{"line":13,"column":0},"end":{"line":13,"column":27}},"13":{"start":{"line":14,"column":0},"end":{"line":14,"column":72}},"14":{"start":{"line":15,"column":0},"end":{"line":15,"column":2}},"15":{"start":{"line":16,"column":0},"end":{"line":16,"column":29}},"16":{"start":{"line":17,"column":0},"end":{"line":17,"column":76}},"17":{"start":{"line":18,"column":0},"end":{"line":18,"column":2}},"18":{"start":{"line":19,"column":0},"end":{"line":19,"column":28}},"19":{"start":{"line":20,"column":0},"end":{"line":20,"column":74}},"20":{"start":{"line":21,"column":0},"end":{"line":21,"column":2}},"21":{"start":{"line":22,"column":0},"end":{"line":22,"column":26}},"22":{"start":{"line":23,"column":0},"end":{"line":23,"column":70}},"23":{"start":{"line":24,"column":0},"end":{"line":24,"column":2}},"24":{"start":{"line":25,"column":0},"end":{"line":25,"column":31}},"25":{"start":{"line":26,"column":0},"end":{"line":26,"column":52}},"26":{"start":{"line":27,"column":0},"end":{"line":27,"column":28}},"27":{"start":{"line":28,"column":0},"end":{"line":28,"column":5}},"28":{"start":{"line":29,"column":0},"end":{"line":29,"column":2}},"29":{"start":{"line":30,"column":0},"end":{"line":30,"column":22}},"30":{"start":{"line":31,"column":0},"end":{"line":31,"column":62}},"31":{"start":{"line":32,"column":0},"end":{"line":32,"column":2}},"32":{"start":{"line":33,"column":0},"end":{"line":33,"column":22}},"33":{"start":{"line":34,"column":0},"end":{"line":34,"column":62}},"34":{"start":{"line":35,"column":0},"end":{"line":35,"column":2}},"35":{"start":{"line":36,"column":0},"end":{"line":36,"column":25}},"36":{"start":{"line":37,"column":0},"end":{"line":37,"column":68}},"37":{"start":{"line":38,"column":0},"end":{"line":38,"column":2}},"39":{"start":{"line":40,"column":0},"end":{"line":40,"column":28}},"40":{"start":{"line":41,"column":0},"end":{"line":41,"column":10}},"41":{"start":{"line":42,"column":0},"end":{"line":42,"column":69}},"42":{"start":{"line":43,"column":0},"end":{"line":43,"column":62}},"43":{"start":{"line":44,"column":0},"end":{"line":44,"column":79}},"44":{"start":{"line":45,"column":0},"end":{"line":45,"column":80}},"45":{"start":{"line":46,"column":0},"end":{"line":46,"column":63}},"46":{"start":{"line":47,"column":0},"end":{"line":47,"column":52}},"47":{"start":{"line":48,"column":0},"end":{"line":48,"column":70}},"48":{"start":{"line":49,"column":0},"end":{"line":49,"column":13}},"49":{"start":{"line":50,"column":0},"end":{"line":50,"column":14}},"50":{"start":{"line":51,"column":0},"end":{"line":51,"column":12}},"51":{"start":{"line":52,"column":0},"end":{"line":52,"column":10}},"53":{"start":{"line":54,"column":0},"end":{"line":54,"column":1}},"55":{"start":{"line":56,"column":0},"end":{"line":56,"column":33}},"56":{"start":{"line":57,"column":0},"end":{"line":57,"column":10}},"57":{"start":{"line":58,"column":0},"end":{"line":58,"column":52}},"58":{"start":{"line":59,"column":0},"end":{"line":59,"column":136}},"59":{"start":{"line":60,"column":0},"end":{"line":60,"column":216}},"60":{"start":{"line":61,"column":0},"end":{"line":61,"column":12}},"61":{"start":{"line":62,"column":0},"end":{"line":62,"column":103}},"62":{"start":{"line":63,"column":0},"end":{"line":63,"column":10}},"64":{"start":{"line":65,"column":0},"end":{"line":65,"column":1}},"66":{"start":{"line":67,"column":0},"end":{"line":67,"column":23}},"67":{"start":{"line":68,"column":0},"end":{"line":68,"column":62}},"70":{"start":{"line":71,"column":0},"end":{"line":71,"column":19}},"71":{"start":{"line":72,"column":0},"end":{"line":72,"column":25}},"72":{"start":{"line":73,"column":0},"end":{"line":73,"column":86}},"73":{"start":{"line":74,"column":0},"end":{"line":74,"column":46}},"74":{"start":{"line":75,"column":0},"end":{"line":75,"column":63}},"75":{"start":{"line":76,"column":0},"end":{"line":76,"column":12}},"76":{"start":{"line":77,"column":0},"end":{"line":77,"column":40}},"77":{"start":{"line":78,"column":0},"end":{"line":78,"column":44}},"78":{"start":{"line":79,"column":0},"end":{"line":79,"column":5}},"80":{"start":{"line":81,"column":0},"end":{"line":81,"column":18}},"81":{"start":{"line":82,"column":0},"end":{"line":82,"column":40}},"82":{"start":{"line":83,"column":0},"end":{"line":83,"column":44}},"83":{"start":{"line":84,"column":0},"end":{"line":84,"column":6}},"84":{"start":{"line":85,"column":0},"end":{"line":85,"column":23}},"86":{"start":{"line":87,"column":0},"end":{"line":87,"column":10}},"87":{"start":{"line":88,"column":0},"end":{"line":88,"column":48}},"88":{"start":{"line":89,"column":0},"end":{"line":89,"column":8}},"89":{"start":{"line":90,"column":0},"end":{"line":90,"column":28}},"90":{"start":{"line":91,"column":0},"end":{"line":91,"column":166}},"91":{"start":{"line":92,"column":0},"end":{"line":92,"column":7}},"93":{"start":{"line":94,"column":0},"end":{"line":94,"column":10}},"94":{"start":{"line":95,"column":0},"end":{"line":95,"column":13}},"95":{"start":{"line":96,"column":0},"end":{"line":96,"column":39}},"96":{"start":{"line":97,"column":0},"end":{"line":97,"column":78}},"97":{"start":{"line":98,"column":0},"end":{"line":98,"column":8}},"98":{"start":{"line":99,"column":0},"end":{"line":99,"column":30}},"99":{"start":{"line":100,"column":0},"end":{"line":100,"column":59}},"100":{"start":{"line":101,"column":0},"end":{"line":101,"column":51}},"101":{"start":{"line":102,"column":0},"end":{"line":102,"column":20}},"102":{"start":{"line":103,"column":0},"end":{"line":103,"column":21}},"103":{"start":{"line":104,"column":0},"end":{"line":104,"column":24}},"104":{"start":{"line":105,"column":0},"end":{"line":105,"column":59}},"105":{"start":{"line":106,"column":0},"end":{"line":106,"column":51}},"106":{"start":{"line":107,"column":0},"end":{"line":107,"column":24}},"107":{"start":{"line":108,"column":0},"end":{"line":108,"column":21}},"108":{"start":{"line":109,"column":0},"end":{"line":109,"column":24}},"109":{"start":{"line":110,"column":0},"end":{"line":110,"column":59}},"110":{"start":{"line":111,"column":0},"end":{"line":111,"column":51}},"111":{"start":{"line":112,"column":0},"end":{"line":112,"column":26}},"112":{"start":{"line":113,"column":0},"end":{"line":113,"column":21}},"113":{"start":{"line":114,"column":0},"end":{"line":114,"column":24}},"114":{"start":{"line":115,"column":0},"end":{"line":115,"column":59}},"115":{"start":{"line":116,"column":0},"end":{"line":116,"column":51}},"116":{"start":{"line":117,"column":0},"end":{"line":117,"column":25}},"117":{"start":{"line":118,"column":0},"end":{"line":118,"column":21}},"118":{"start":{"line":119,"column":0},"end":{"line":119,"column":24}},"119":{"start":{"line":120,"column":0},"end":{"line":120,"column":59}},"120":{"start":{"line":121,"column":0},"end":{"line":121,"column":51}},"121":{"start":{"line":122,"column":0},"end":{"line":122,"column":23}},"122":{"start":{"line":123,"column":0},"end":{"line":123,"column":21}},"123":{"start":{"line":124,"column":0},"end":{"line":124,"column":24}},"124":{"start":{"line":125,"column":0},"end":{"line":125,"column":59}},"125":{"start":{"line":126,"column":0},"end":{"line":126,"column":51}},"126":{"start":{"line":127,"column":0},"end":{"line":127,"column":28}},"127":{"start":{"line":128,"column":0},"end":{"line":128,"column":21}},"128":{"start":{"line":129,"column":0},"end":{"line":129,"column":24}},"129":{"start":{"line":130,"column":0},"end":{"line":130,"column":59}},"130":{"start":{"line":131,"column":0},"end":{"line":131,"column":51}},"131":{"start":{"line":132,"column":0},"end":{"line":132,"column":19}},"132":{"start":{"line":133,"column":0},"end":{"line":133,"column":21}},"133":{"start":{"line":134,"column":0},"end":{"line":134,"column":24}},"134":{"start":{"line":135,"column":0},"end":{"line":135,"column":59}},"135":{"start":{"line":136,"column":0},"end":{"line":136,"column":51}},"136":{"start":{"line":137,"column":0},"end":{"line":137,"column":19}},"137":{"start":{"line":138,"column":0},"end":{"line":138,"column":21}},"138":{"start":{"line":139,"column":0},"end":{"line":139,"column":24}},"139":{"start":{"line":140,"column":0},"end":{"line":140,"column":13}},"140":{"start":{"line":141,"column":0},"end":{"line":141,"column":21}},"141":{"start":{"line":142,"column":0},"end":{"line":142,"column":73}},"142":{"start":{"line":143,"column":0},"end":{"line":143,"column":20}},"143":{"start":{"line":144,"column":0},"end":{"line":144,"column":19}},"144":{"start":{"line":145,"column":0},"end":{"line":145,"column":22}},"145":{"start":{"line":146,"column":0},"end":{"line":146,"column":21}},"146":{"start":{"line":147,"column":0},"end":{"line":147,"column":34}},"147":{"start":{"line":148,"column":0},"end":{"line":148,"column":25}},"148":{"start":{"line":149,"column":0},"end":{"line":149,"column":19}},"149":{"start":{"line":150,"column":0},"end":{"line":150,"column":22}},"150":{"start":{"line":151,"column":0},"end":{"line":151,"column":10}},"152":{"start":{"line":153,"column":0},"end":{"line":153,"column":1}}},"s":{"0":1,"1":1,"2":1,"4":1,"5":1,"6":1,"8":1,"9":1,"10":1,"12":1,"13":1,"14":1,"15":1,"16":1,"17":1,"18":1,"19":1,"20":1,"21":1,"22":1,"23":1,"24":1,"25":1,"26":1,"27":1,"28":1,"29":1,"30":1,"31":1,"32":1,"33":1,"34":1,"35":1,"36":1,"37":1,"39":8,"40":8,"41":8,"42":8,"43":8,"44":8,"45":8,"46":8,"47":24,"48":8,"49":8,"50":8,"51":8,"53":8,"55":0,"56":0,"57":0,"58":0,"59":0,"60":0,"61":0,"62":0,"64":0,"66":1,"67":6,"70":6,"71":6,"72":0,"73":0,"74":0,"75":6,"76":6,"77":6,"78":6,"80":6,"81":6,"82":6,"83":6,"84":6,"86":6,"87":6,"88":6,"89":6,"90":6,"91":6,"93":6,"94":6,"95":6,"96":6,"97":6,"98":6,"99":6,"100":6,"101":6,"102":6,"103":6,"104":6,"105":6,"106":6,"107":6,"108":6,"109":6,"110":6,"111":6,"112":6,"113":6,"114":6,"115":6,"116":6,"117":6,"118":6,"119":6,"120":6,"121":6,"122":6,"123":6,"124":6,"125":6,"126":6,"127":6,"128":6,"129":6,"130":6,"131":6,"132":6,"133":6,"134":6,"135":6,"136":6,"137":6,"138":6,"139":6,"140":6,"141":6,"142":6,"143":6,"144":6,"145":6,"146":6,"147":6,"148":6,"149":6,"150":6,"152":6},"branchMap":{"0":{"type":"branch","line":5,"loc":{"start":{"line":5,"column":18},"end":{"line":6,"column":64}},"locations":[{"start":{"line":5,"column":18},"end":{"line":6,"column":64}}]},"1":{"type":"branch","line":6,"loc":{"start":{"line":6,"column":36},"end":{"line":6,"column":64}},"locations":[{"start":{"line":6,"column":36},"end":{"line":6,"column":64}}]},"2":{"type":"branch","line":9,"loc":{"start":{"line":9,"column":25},"end":{"line":10,"column":78}},"locations":[{"start":{"line":9,"column":25},"end":{"line":10,"column":78}}]},"3":{"type":"branch","line":10,"loc":{"start":{"line":10,"column":43},"end":{"line":10,"column":78}},"locations":[{"start":{"line":10,"column":43},"end":{"line":10,"column":78}}]},"4":{"type":"branch","line":13,"loc":{"start":{"line":13,"column":22},"end":{"line":14,"column":72}},"locations":[{"start":{"line":13,"column":22},"end":{"line":14,"column":72}}]},"5":{"type":"branch","line":14,"loc":{"start":{"line":14,"column":40},"end":{"line":14,"column":72}},"locations":[{"start":{"line":14,"column":40},"end":{"line":14,"column":72}}]},"6":{"type":"branch","line":16,"loc":{"start":{"line":16,"column":24},"end":{"line":17,"column":76}},"locations":[{"start":{"line":16,"column":24},"end":{"line":17,"column":76}}]},"7":{"type":"branch","line":17,"loc":{"start":{"line":17,"column":42},"end":{"line":17,"column":76}},"locations":[{"start":{"line":17,"column":42},"end":{"line":17,"column":76}}]},"8":{"type":"branch","line":19,"loc":{"start":{"line":19,"column":23},"end":{"line":20,"column":74}},"locations":[{"start":{"line":19,"column":23},"end":{"line":20,"column":74}}]},"9":{"type":"branch","line":20,"loc":{"start":{"line":20,"column":41},"end":{"line":20,"column":74}},"locations":[{"start":{"line":20,"column":41},"end":{"line":20,"column":74}}]},"10":{"type":"branch","line":22,"loc":{"start":{"line":22,"column":21},"end":{"line":23,"column":70}},"locations":[{"start":{"line":22,"column":21},"end":{"line":23,"column":70}}]},"11":{"type":"branch","line":23,"loc":{"start":{"line":23,"column":39},"end":{"line":23,"column":70}},"locations":[{"start":{"line":23,"column":39},"end":{"line":23,"column":70}}]},"12":{"type":"branch","line":25,"loc":{"start":{"line":25,"column":26},"end":{"line":28,"column":5}},"locations":[{"start":{"line":25,"column":26},"end":{"line":28,"column":5}}]},"13":{"type":"branch","line":26,"loc":{"start":{"line":26,"column":44},"end":{"line":28,"column":4}},"locations":[{"start":{"line":26,"column":44},"end":{"line":28,"column":4}}]},"14":{"type":"branch","line":30,"loc":{"start":{"line":30,"column":17},"end":{"line":31,"column":62}},"locations":[{"start":{"line":30,"column":17},"end":{"line":31,"column":62}}]},"15":{"type":"branch","line":31,"loc":{"start":{"line":31,"column":35},"end":{"line":31,"column":62}},"locations":[{"start":{"line":31,"column":35},"end":{"line":31,"column":62}}]},"16":{"type":"branch","line":33,"loc":{"start":{"line":33,"column":17},"end":{"line":34,"column":62}},"locations":[{"start":{"line":33,"column":17},"end":{"line":34,"column":62}}]},"17":{"type":"branch","line":34,"loc":{"start":{"line":34,"column":35},"end":{"line":34,"column":62}},"locations":[{"start":{"line":34,"column":35},"end":{"line":34,"column":62}}]},"18":{"type":"branch","line":36,"loc":{"start":{"line":36,"column":20},"end":{"line":37,"column":68}},"locations":[{"start":{"line":36,"column":20},"end":{"line":37,"column":68}}]},"19":{"type":"branch","line":37,"loc":{"start":{"line":37,"column":38},"end":{"line":37,"column":68}},"locations":[{"start":{"line":37,"column":38},"end":{"line":37,"column":68}}]},"20":{"type":"branch","line":40,"loc":{"start":{"line":40,"column":0},"end":{"line":54,"column":1}},"locations":[{"start":{"line":40,"column":0},"end":{"line":54,"column":1}}]},"21":{"type":"branch","line":47,"loc":{"start":{"line":47,"column":41},"end":{"line":48,"column":70}},"locations":[{"start":{"line":47,"column":41},"end":{"line":48,"column":70}}]},"22":{"type":"branch","line":67,"loc":{"start":{"line":67,"column":7},"end":{"line":153,"column":1}},"locations":[{"start":{"line":67,"column":7},"end":{"line":153,"column":1}}]},"23":{"type":"branch","line":71,"loc":{"start":{"line":71,"column":12},"end":{"line":85,"column":5}},"locations":[{"start":{"line":71,"column":12},"end":{"line":85,"column":5}}]},"24":{"type":"branch","line":72,"loc":{"start":{"line":72,"column":24},"end":{"line":76,"column":11}},"locations":[{"start":{"line":72,"column":24},"end":{"line":76,"column":11}}]},"25":{"type":"branch","line":81,"loc":{"start":{"line":81,"column":11},"end":{"line":84,"column":6}},"locations":[{"start":{"line":81,"column":11},"end":{"line":84,"column":6}}]}},"b":{"0":[1],"1":[1],"2":[1],"3":[1],"4":[1],"5":[1],"6":[1],"7":[1],"8":[1],"9":[1],"10":[1],"11":[1],"12":[1],"13":[1],"14":[1],"15":[1],"16":[1],"17":[1],"18":[1],"19":[1],"20":[8],"21":[24],"22":[6],"23":[6],"24":[0],"25":[6]},"fnMap":{"0":{"name":"SectionSkeleton","decl":{"start":{"line":40,"column":0},"end":{"line":54,"column":1}},"loc":{"start":{"line":40,"column":0},"end":{"line":54,"column":1}},"line":40},"1":{"name":"SectionErrorFallback","decl":{"start":{"line":56,"column":0},"end":{"line":65,"column":1}},"loc":{"start":{"line":56,"column":0},"end":{"line":65,"column":1}},"line":56},"2":{"name":"App","decl":{"start":{"line":67,"column":7},"end":{"line":153,"column":1}},"loc":{"start":{"line":67,"column":7},"end":{"line":153,"column":1}},"line":67},"3":{"name":"onToggleMobileMenu","decl":{"start":{"line":97,"column":28},"end":{"line":97,"column":78}},"loc":{"start":{"line":97,"column":28},"end":{"line":97,"column":78}},"line":97}},"f":{"0":8,"1":0,"2":6,"3":0}}
,"/tmp/mvp-v3-b634830a-da6f-446a-af22-0bb1762dc75c-kpSrWw/src/main.tsx": {"path":"/tmp/mvp-v3-b634830a-da6f-446a-af22-0bb1762dc75c-kpSrWw/src/main.tsx","all":true,"statementMap":{"0":{"start":{"line":1,"column":0},"end":{"line":1,"column":35}},"1":{"start":{"line":2,"column":0},"end":{"line":2,"column":46}},"2":{"start":{"line":3,"column":0},"end":{"line":3,"column":28}},"3":{"start":{"line":4,"column":0},"end":{"line":4,"column":22}},"5":{"start":{"line":6,"column":0},"end":{"line":6,"column":52}},"6":{"start":{"line":7,"column":0},"end":{"line":7,"column":19}},"7":{"start":{"line":8,"column":0},"end":{"line":8,"column":44}},"8":{"start":{"line":9,"column":0},"end":{"line":9,"column":1}},"10":{"start":{"line":11,"column":0},"end":{"line":11,"column":31}},"11":{"start":{"line":12,"column":0},"end":{"line":12,"column":14}},"12":{"start":{"line":13,"column":0},"end":{"line":13,"column":11}},"13":{"start":{"line":14,"column":0},"end":{"line":14,"column":15}},"14":{"start":{"line":15,"column":0},"end":{"line":15,"column":2}}},"s":{"0":0,"1":0,"2":0,"3":0,"5":0,"6":0,"7":0,"8":0,"10":0,"11":0,"12":0,"13":0,"14":0},"branchMap":{"0":{"type":"branch","line":1,"loc":{"start":{"line":1,"column":308},"end":{"line":15,"column":-221}},"locations":[{"start":{"line":1,"column":308},"end":{"line":15,"column":-221}}]}},"b":{"0":[0]},"fnMap":{"0":{"name":"(empty-report)","decl":{"start":{"line":1,"column":308},"end":{"line":15,"column":-221}},"loc":{"start":{"line":1,"column":308},"end":{"line":15,"column":-221}},"line":1}},"f":{"0":0}}
,"/tmp/mvp-v3-b634830a-da6f-446a-af22-0bb1762dc75c-kpSrWw/src/components/CTA.tsx": {"path":"/tmp/mvp-v3-b634830a-da6f-446a-af22-0bb1762dc75c-kpSrWw/src/components/CTA.tsx","all":false,"statementMap":{"0":{"start":{"line":1,"column":0},"end":{"line":1,"column":55}},"2":{"start":{"line":3,"column":0},"end":{"line":3,"column":49}},"4":{"start":{"line":5,"column":0},"end":{"line":5,"column":23}},"5":{"start":{"line":6,"column":0},"end":{"line":6,"column":41}},"6":{"start":{"line":7,"column":0},"end":{"line":7,"column":52}},"7":{"start":{"line":8,"column":0},"end":{"line":8,"column":51}},"9":{"start":{"line":10,"column":0},"end":{"line":10,"column":78}},"11":{"start":{"line":12,"column":0},"end":{"line":12,"column":64}},"12":{"start":{"line":13,"column":0},"end":{"line":13,"column":33}},"13":{"start":{"line":14,"column":0},"end":{"line":14,"column":28}},"14":{"start":{"line":15,"column":0},"end":{"line":15,"column":37}},"15":{"start":{"line":16,"column":0},"end":{"line":16,"column":50}},"16":{"start":{"line":17,"column":0},"end":{"line":17,"column":5}},"17":{"start":{"line":18,"column":0},"end":{"line":18,"column":14}},"18":{"start":{"line":19,"column":0},"end":{"line":19,"column":9}},"20":{"start":{"line":21,"column":0},"end":{"line":21,"column":40}},"21":{"start":{"line":22,"column":0},"end":{"line":22,"column":49}},"22":{"start":{"line":23,"column":0},"end":{"line":23,"column":35}},"23":{"start":{"line":24,"column":0},"end":{"line":24,"column":22}},"25":{"start":{"line":26,"column":0},"end":{"line":26,"column":23}},"26":{"start":{"line":27,"column":0},"end":{"line":27,"column":44}},"27":{"start":{"line":28,"column":0},"end":{"line":28,"column":7}},"28":{"start":{"line":29,"column":0},"end":{"line":29,"column":6}},"29":{"start":{"line":30,"column":0},"end":{"line":30,"column":31}},"30":{"start":{"line":31,"column":0},"end":{"line":31,"column":4}},"32":{"start":{"line":33,"column":0},"end":{"line":33,"column":35}},"33":{"start":{"line":34,"column":0},"end":{"line":34,"column":46}},"34":{"start":{"line":35,"column":0},"end":{"line":35,"column":25}},"35":{"start":{"line":36,"column":0},"end":{"line":36,"column":35}},"37":{"start":{"line":38,"column":0},"end":{"line":38,"column":21}},"38":{"start":{"line":39,"column":0},"end":{"line":39,"column":57}},"39":{"start":{"line":40,"column":0},"end":{"line":40,"column":15}},"40":{"start":{"line":41,"column":0},"end":{"line":41,"column":7}},"42":{"start":{"line":43,"column":0},"end":{"line":43,"column":26}},"43":{"start":{"line":44,"column":0},"end":{"line":44,"column":60}},"44":{"start":{"line":45,"column":0},"end":{"line":45,"column":15}},"45":{"start":{"line":46,"column":0},"end":{"line":46,"column":7}},"47":{"start":{"line":48,"column":0},"end":{"line":48,"column":24}},"48":{"start":{"line":49,"column":0},"end":{"line":49,"column":25}},"49":{"start":{"line":50,"column":0},"end":{"line":50,"column":6}},"50":{"start":{"line":51,"column":0},"end":{"line":51,"column":25}},"51":{"start":{"line":52,"column":0},"end":{"line":52,"column":4}},"53":{"start":{"line":54,"column":0},"end":{"line":54,"column":10}},"54":{"start":{"line":55,"column":0},"end":{"line":55,"column":88}},"55":{"start":{"line":56,"column":0},"end":{"line":56,"column":62}},"56":{"start":{"line":57,"column":0},"end":{"line":57,"column":77}},"57":{"start":{"line":58,"column":0},"end":{"line":58,"column":129}},"59":{"start":{"line":60,"column":0},"end":{"line":60,"column":202}},"60":{"start":{"line":61,"column":0},"end":{"line":61,"column":203}},"61":{"start":{"line":62,"column":0},"end":{"line":62,"column":95}},"62":{"start":{"line":63,"column":0},"end":{"line":63,"column":26}},"63":{"start":{"line":64,"column":0},"end":{"line":64,"column":16}},"64":{"start":{"line":65,"column":0},"end":{"line":65,"column":156}},"65":{"start":{"line":66,"column":0},"end":{"line":66,"column":133}},"66":{"start":{"line":67,"column":0},"end":{"line":67,"column":108}},"67":{"start":{"line":68,"column":0},"end":{"line":68,"column":24}},"68":{"start":{"line":69,"column":0},"end":{"line":69,"column":22}},"69":{"start":{"line":70,"column":0},"end":{"line":70,"column":19}},"70":{"start":{"line":71,"column":0},"end":{"line":71,"column":34}},"71":{"start":{"line":72,"column":0},"end":{"line":72,"column":89}},"72":{"start":{"line":73,"column":0},"end":{"line":73,"column":17}},"74":{"start":{"line":75,"column":0},"end":{"line":75,"column":21}},"75":{"start":{"line":76,"column":0},"end":{"line":76,"column":78}},"76":{"start":{"line":77,"column":0},"end":{"line":77,"column":102}},"78":{"start":{"line":79,"column":0},"end":{"line":79,"column":20}},"79":{"start":{"line":80,"column":0},"end":{"line":80,"column":20}},"80":{"start":{"line":81,"column":0},"end":{"line":81,"column":31}},"81":{"start":{"line":82,"column":0},"end":{"line":82,"column":135}},"83":{"start":{"line":84,"column":0},"end":{"line":84,"column":93}},"84":{"start":{"line":85,"column":0},"end":{"line":85,"column":95}},"85":{"start":{"line":86,"column":0},"end":{"line":86,"column":22}},"86":{"start":{"line":87,"column":0},"end":{"line":87,"column":17}},"88":{"start":{"line":89,"column":0},"end":{"line":89,"column":16}},"89":{"start":{"line":90,"column":0},"end":{"line":90,"column":19}},"90":{"start":{"line":91,"column":0},"end":{"line":91,"column":34}},"91":{"start":{"line":92,"column":0},"end":{"line":92,"column":89}},"92":{"start":{"line":93,"column":0},"end":{"line":93,"column":17}},"94":{"start":{"line":95,"column":0},"end":{"line":95,"column":21}},"95":{"start":{"line":96,"column":0},"end":{"line":96,"column":78}},"98":{"start":{"line":99,"column":0},"end":{"line":99,"column":20}},"100":{"start":{"line":101,"column":0},"end":{"line":101,"column":21}},"101":{"start":{"line":102,"column":0},"end":{"line":102,"column":84}},"102":{"start":{"line":103,"column":0},"end":{"line":103,"column":41}},"103":{"start":{"line":104,"column":0},"end":{"line":104,"column":53}},"104":{"start":{"line":105,"column":0},"end":{"line":105,"column":28}},"106":{"start":{"line":107,"column":0},"end":{"line":107,"column":42}},"107":{"start":{"line":108,"column":0},"end":{"line":108,"column":69}},"109":{"start":{"line":110,"column":0},"end":{"line":110,"column":28}},"110":{"start":{"line":111,"column":0},"end":{"line":111,"column":26}},"111":{"start":{"line":112,"column":0},"end":{"line":112,"column":38}},"112":{"start":{"line":113,"column":0},"end":{"line":113,"column":34}},"113":{"start":{"line":114,"column":0},"end":{"line":114,"column":35}},"114":{"start":{"line":115,"column":0},"end":{"line":115,"column":50}},"115":{"start":{"line":116,"column":0},"end":{"line":116,"column":37}},"116":{"start":{"line":117,"column":0},"end":{"line":117,"column":43}},"117":{"start":{"line":118,"column":0},"end":{"line":118,"column":62}},"118":{"start":{"line":119,"column":0},"end":{"line":119,"column":25}},"119":{"start":{"line":120,"column":0},"end":{"line":120,"column":24}},"120":{"start":{"line":121,"column":0},"end":{"line":121,"column":57}},"121":{"start":{"line":122,"column":0},"end":{"line":122,"column":30}},"122":{"start":{"line":123,"column":0},"end":{"line":123,"column":42}},"123":{"start":{"line":124,"column":0},"end":{"line":124,"column":68}},"124":{"start":{"line":125,"column":0},"end":{"line":125,"column":79}},"125":{"start":{"line":126,"column":0},"end":{"line":126,"column":233}},"126":{"start":{"line":127,"column":0},"end":{"line":127,"column":34}},"127":{"start":{"line":128,"column":0},"end":{"line":128,"column":67}},"128":{"start":{"line":129,"column":0},"end":{"line":129,"column":45}},"129":{"start":{"line":130,"column":0},"end":{"line":130,"column":25}},"130":{"start":{"line":131,"column":0},"end":{"line":131,"column":22}},"131":{"start":{"line":132,"column":0},"end":{"line":132,"column":36}},"132":{"start":{"line":133,"column":0},"end":{"line":133,"column":105}},"133":{"start":{"line":134,"column":0},"end":{"line":134,"column":36}},"134":{"start":{"line":135,"column":0},"end":{"line":135,"column":26}},"136":{"start":{"line":137,"column":0},"end":{"line":137,"column":24}},"137":{"start":{"line":138,"column":0},"end":{"line":138,"column":25}},"138":{"start":{"line":139,"column":0},"end":{"line":139,"column":33}},"139":{"start":{"line":140,"column":0},"end":{"line":140,"column":266}},"140":{"start":{"line":141,"column":0},"end":{"line":141,"column":19}},"142":{"start":{"line":143,"column":0},"end":{"line":143,"column":27}},"143":{"start":{"line":144,"column":0},"end":{"line":144,"column":23}},"145":{"start":{"line":146,"column":0},"end":{"line":146,"column":61}},"147":{"start":{"line":148,"column":0},"end":{"line":148,"column":20}},"148":{"start":{"line":149,"column":0},"end":{"line":149,"column":17}},"150":{"start":{"line":151,"column":0},"end":{"line":151,"column":16}},"151":{"start":{"line":152,"column":0},"end":{"line":152,"column":14}},"152":{"start":{"line":153,"column":0},"end":{"line":153,"column":12}},"153":{"start":{"line":154,"column":0},"end":{"line":154,"column":14}},"155":{"start":{"line":156,"column":0},"end":{"line":156,"column":1}}},"s":{"0":1,"2":1,"4":1,"5":45,"6":45,"7":45,"9":45,"11":45,"12":3,"13":3,"14":3,"15":2,"16":2,"17":1,"18":45,"20":45,"21":45,"22":9,"23":9,"25":9,"26":1,"27":1,"28":9,"29":45,"30":45,"32":45,"33":45,"34":8,"35":8,"37":8,"38":2,"39":2,"40":2,"42":8,"43":2,"44":2,"45":2,"47":4,"48":4,"49":8,"50":45,"51":45,"53":45,"54":45,"55":45,"56":45,"57":45,"59":45,"60":45,"61":45,"62":45,"63":4,"64":4,"65":4,"66":4,"67":4,"68":4,"69":4,"70":4,"71":4,"72":4,"74":4,"75":4,"76":4,"78":4,"79":4,"80":4,"81":4,"83":4,"84":4,"85":4,"86":4,"88":41,"89":41,"90":41,"91":41,"92":41,"94":41,"95":41,"98":41,"100":41,"101":41,"102":41,"103":41,"104":41,"106":41,"107":41,"109":41,"110":41,"111":41,"112":41,"113":41,"114":41,"115":41,"116":2,"117":2,"118":2,"119":2,"120":41,"121":41,"122":41,"123":41,"124":41,"125":41,"126":41,"127":6,"128":35,"129":41,"130":41,"131":41,"132":6,"133":6,"134":6,"136":41,"137":41,"138":41,"139":41,"140":41,"142":41,"143":41,"145":41,"147":41,"148":41,"150":45,"151":45,"152":45,"153":45,"155":45},"branchMap":{"0":{"type":"branch","line":5,"loc":{"start":{"line":5,"column":7},"end":{"line":156,"column":1}},"locations":[{"start":{"line":5,"column":7},"end":{"line":156,"column":1}}]},"1":{"type":"branch","line":63,"loc":{"start":{"line":63,"column":13},"end":{"line":87,"column":17}},"locations":[{"start":{"line":63,"column":13},"end":{"line":87,"column":17}}]},"2":{"type":"branch","line":87,"loc":{"start":{"line":87,"column":14},"end":{"line":149,"column":17}},"locations":[{"start":{"line":87,"column":14},"end":{"line":149,"column":17}}]},"3":{"type":"branch","line":124,"loc":{"start":{"line":124,"column":36},"end":{"line":124,"column":58}},"locations":[{"start":{"line":124,"column":36},"end":{"line":124,"column":58}}]},"4":{"type":"branch","line":124,"loc":{"start":{"line":124,"column":49},"end":{"line":124,"column":68}},"locations":[{"start":{"line":124,"column":49},"end":{"line":124,"column":68}}]},"5":{"type":"branch","line":125,"loc":{"start":{"line":125,"column":40},"end":{"line":125,"column":69}},"locations":[{"start":{"line":125,"column":40},"end":{"line":125,"column":69}}]},"6":{"type":"branch","line":125,"loc":{"start":{"line":125,"column":53},"end":{"line":125,"column":79}},"locations":[{"start":{"line":125,"column":53},"end":{"line":125,"column":79}}]},"7":{"type":"branch","line":127,"loc":{"start":{"line":127,"column":24},"end":{"line":128,"column":67}},"locations":[{"start":{"line":127,"column":24},"end":{"line":128,"column":67}}]},"8":{"type":"branch","line":128,"loc":{"start":{"line":128,"column":28},"end":{"line":129,"column":45}},"locations":[{"start":{"line":128,"column":28},"end":{"line":129,"column":45}}]},"9":{"type":"branch","line":132,"loc":{"start":{"line":132,"column":21},"end":{"line":135,"column":26}},"locations":[{"start":{"line":132,"column":21},"end":{"line":135,"column":26}}]},"10":{"type":"branch","line":10,"loc":{"start":{"line":10,"column":31},"end":{"line":10,"column":69}},"locations":[{"start":{"line":10,"column":31},"end":{"line":10,"column":69}}]},"11":{"type":"branch","line":12,"loc":{"start":{"line":12,"column":36},"end":{"line":19,"column":5}},"locations":[{"start":{"line":12,"column":36},"end":{"line":19,"column":5}}]},"12":{"type":"branch","line":14,"loc":{"start":{"line":14,"column":18},"end":{"line":14,"column":28}},"locations":[{"start":{"line":14,"column":18},"end":{"line":14,"column":28}}]},"13":{"type":"branch","line":15,"loc":{"start":{"line":15,"column":36},"end":{"line":17,"column":5}},"locations":[{"start":{"line":15,"column":36},"end":{"line":17,"column":5}}]},"14":{"type":"branch","line":17,"loc":{"start":{"line":17,"column":4},"end":{"line":18,"column":14}},"locations":[{"start":{"line":17,"column":4},"end":{"line":18,"column":14}}]},"15":{"type":"branch","line":22,"loc":{"start":{"line":22,"column":4},"end":{"line":29,"column":6}},"locations":[{"start":{"line":22,"column":4},"end":{"line":29,"column":6}}]},"16":{"type":"branch","line":26,"loc":{"start":{"line":26,"column":22},"end":{"line":28,"column":7}},"locations":[{"start":{"line":26,"column":22},"end":{"line":28,"column":7}}]},"17":{"type":"branch","line":34,"loc":{"start":{"line":34,"column":4},"end":{"line":50,"column":6}},"locations":[{"start":{"line":34,"column":4},"end":{"line":50,"column":6}}]},"18":{"type":"branch","line":38,"loc":{"start":{"line":38,"column":20},"end":{"line":41,"column":7}},"locations":[{"start":{"line":38,"column":20},"end":{"line":41,"column":7}}]},"19":{"type":"branch","line":41,"loc":{"start":{"line":41,"column":6},"end":{"line":43,"column":25}},"locations":[{"start":{"line":41,"column":6},"end":{"line":43,"column":25}}]},"20":{"type":"branch","line":43,"loc":{"start":{"line":43,"column":25},"end":{"line":46,"column":7}},"locations":[{"start":{"line":43,"column":25},"end":{"line":46,"column":7}}]},"21":{"type":"branch","line":46,"loc":{"start":{"line":46,"column":6},"end":{"line":49,"column":25}},"locations":[{"start":{"line":46,"column":6},"end":{"line":49,"column":25}}]},"22":{"type":"branch","line":116,"loc":{"start":{"line":116,"column":30},"end":{"line":120,"column":24}},"locations":[{"start":{"line":116,"column":30},"end":{"line":120,"column":24}}]}},"b":{"0":[45],"1":[4],"2":[41],"3":[6],"4":[35],"5":[6],"6":[35],"7":[6],"8":[35],"9":[6],"10":[35],"11":[3],"12":[0],"13":[2],"14":[1],"15":[9],"16":[1],"17":[8],"18":[2],"19":[6],"20":[2],"21":[4],"22":[2]},"fnMap":{"0":{"name":"CTA","decl":{"start":{"line":5,"column":7},"end":{"line":156,"column":1}},"loc":{"start":{"line":5,"column":7},"end":{"line":156,"column":1}},"line":5},"1":{"name":"onBlur","decl":{"start":{"line":116,"column":30},"end":{"line":120,"column":24}},"loc":{"start":{"line":116,"column":30},"end":{"line":120,"column":24}},"line":116}},"f":{"0":45,"1":2}}
,"/tmp/mvp-v3-b634830a-da6f-446a-af22-0bb1762dc75c-kpSrWw/src/components/EntropyVisualization.tsx": {"path":"/tmp/mvp-v3-b634830a-da6f-446a-af22-0bb1762dc75c-kpSrWw/src/components/EntropyVisualization.tsx","all":false,"statementMap":{"0":{"start":{"line":1,"column":0},"end":{"line":1,"column":55}},"2":{"start":{"line":3,"column":0},"end":{"line":3,"column":20}},"3":{"start":{"line":4,"column":0},"end":{"line":4,"column":21}},"4":{"start":{"line":5,"column":0},"end":{"line":5,"column":14}},"5":{"start":{"line":6,"column":0},"end":{"line":6,"column":18}},"15":{"start":{"line":16,"column":0},"end":{"line":16,"column":51}},"17":{"start":{"line":18,"column":0},"end":{"line":18,"column":22}},"18":{"start":{"line":19,"column":0},"end":{"line":19,"column":28}},"19":{"start":{"line":20,"column":0},"end":{"line":20,"column":38}},"20":{"start":{"line":21,"column":0},"end":{"line":21,"column":39}},"21":{"start":{"line":22,"column":0},"end":{"line":22,"column":38}},"22":{"start":{"line":23,"column":0},"end":{"line":23,"column":35}},"23":{"start":{"line":24,"column":0},"end":{"line":24,"column":29}},"24":{"start":{"line":25,"column":0},"end":{"line":25,"column":36}},"25":{"start":{"line":26,"column":0},"end":{"line":26,"column":39}},"26":{"start":{"line":27,"column":0},"end":{"line":27,"column":39}},"27":{"start":{"line":28,"column":0},"end":{"line":28,"column":39}},"28":{"start":{"line":29,"column":0},"end":{"line":29,"column":35}},"29":{"start":{"line":30,"column":0},"end":{"line":30,"column":10}},"30":{"start":{"line":31,"column":0},"end":{"line":31,"column":36}},"31":{"start":{"line":32,"column":0},"end":{"line":32,"column":38}},"32":{"start":{"line":33,"column":0},"end":{"line":33,"column":39}},"33":{"start":{"line":34,"column":0},"end":{"line":34,"column":29}},"34":{"start":{"line":35,"column":0},"end":{"line":35,"column":35}},"35":{"start":{"line":36,"column":0},"end":{"line":36,"column":3}},"36":{"start":{"line":37,"column":0},"end":{"line":37,"column":1}},"38":{"start":{"line":39,"column":0},"end":{"line":39,"column":58}},"39":{"start":{"line":40,"column":0},"end":{"line":40,"column":27}},"40":{"start":{"line":41,"column":0},"end":{"line":41,"column":45}},"41":{"start":{"line":42,"column":0},"end":{"line":42,"column":47}},"42":{"start":{"line":43,"column":0},"end":{"line":43,"column":72}},"43":{"start":{"line":44,"column":0},"end":{"line":44,"column":18}},"44":{"start":{"line":45,"column":0},"end":{"line":45,"column":15}},"45":{"start":{"line":46,"column":0},"end":{"line":46,"column":15}},"46":{"start":{"line":47,"column":0},"end":{"line":47,"column":52}},"47":{"start":{"line":48,"column":0},"end":{"line":48,"column":35}},"48":{"start":{"line":49,"column":0},"end":{"line":49,"column":71}},"49":{"start":{"line":50,"column":0},"end":{"line":50,"column":9}},"50":{"start":{"line":51,"column":0},"end":{"line":51,"column":5}},"51":{"start":{"line":52,"column":0},"end":{"line":52,"column":3}},"52":{"start":{"line":53,"column":0},"end":{"line":53,"column":15}},"53":{"start":{"line":54,"column":0},"end":{"line":54,"column":1}},"55":{"start":{"line":56,"column":0},"end":{"line":56,"column":29}},"56":{"start":{"line":57,"column":0},"end":{"line":57,"column":15}},"57":{"start":{"line":58,"column":0},"end":{"line":58,"column":55}},"58":{"start":{"line":59,"column":0},"end":{"line":59,"column":9}},"59":{"start":{"line":60,"column":0},"end":{"line":60,"column":57}},"60":{"start":{"line":61,"column":0},"end":{"line":61,"column":30}},"61":{"start":{"line":62,"column":0},"end":{"line":62,"column":42}},"62":{"start":{"line":63,"column":0},"end":{"line":63,"column":44}},"64":{"start":{"line":65,"column":0},"end":{"line":65,"column":41}},"65":{"start":{"line":66,"column":0},"end":{"line":66,"column":31}},"66":{"start":{"line":67,"column":0},"end":{"line":67,"column":31}},"67":{"start":{"line":68,"column":0},"end":{"line":68,"column":4}},"68":{"start":{"line":69,"column":0},"end":{"line":69,"column":37}},"69":{"start":{"line":70,"column":0},"end":{"line":70,"column":65}},"70":{"start":{"line":71,"column":0},"end":{"line":71,"column":48}},"71":{"start":{"line":72,"column":0},"end":{"line":72,"column":5}},"72":{"start":{"line":73,"column":0},"end":{"line":73,"column":3}},"73":{"start":{"line":74,"column":0},"end":{"line":74,"column":1}},"75":{"start":{"line":76,"column":0},"end":{"line":76,"column":40}},"76":{"start":{"line":77,"column":0},"end":{"line":77,"column":52}},"77":{"start":{"line":78,"column":0},"end":{"line":78,"column":41}},"78":{"start":{"line":79,"column":0},"end":{"line":79,"column":38}},"79":{"start":{"line":80,"column":0},"end":{"line":80,"column":36}},"80":{"start":{"line":81,"column":0},"end":{"line":81,"column":58}},"81":{"start":{"line":82,"column":0},"end":{"line":82,"column":34}},"83":{"start":{"line":84,"column":0},"end":{"line":84,"column":35}},"84":{"start":{"line":85,"column":0},"end":{"line":85,"column":60}},"85":{"start":{"line":86,"column":0},"end":{"line":86,"column":6}},"86":{"start":{"line":87,"column":0},"end":{"line":87,"column":4}},"88":{"start":{"line":89,"column":0},"end":{"line":89,"column":19}},"89":{"start":{"line":90,"column":0},"end":{"line":90,"column":30}},"90":{"start":{"line":91,"column":0},"end":{"line":91,"column":18}},"91":{"start":{"line":92,"column":0},"end":{"line":92,"column":33}},"92":{"start":{"line":93,"column":0},"end":{"line":93,"column":6}},"93":{"start":{"line":94,"column":0},"end":{"line":94,"column":9}},"95":{"start":{"line":96,"column":0},"end":{"line":96,"column":19}},"96":{"start":{"line":97,"column":0},"end":{"line":97,"column":37}},"97":{"start":{"line":98,"column":0},"end":{"line":98,"column":24}},"99":{"start":{"line":100,"column":0},"end":{"line":100,"column":40}},"100":{"start":{"line":101,"column":0},"end":{"line":101,"column":21}},"102":{"start":{"line":103,"column":0},"end":{"line":103,"column":37}},"103":{"start":{"line":104,"column":0},"end":{"line":104,"column":45}},"104":{"start":{"line":105,"column":0},"end":{"line":105,"column":35}},"105":{"start":{"line":106,"column":0},"end":{"line":106,"column":36}},"106":{"start":{"line":107,"column":0},"end":{"line":107,"column":42}},"107":{"start":{"line":108,"column":0},"end":{"line":108,"column":43}},"108":{"start":{"line":109,"column":0},"end":{"line":109,"column":24}},"111":{"start":{"line":112,"column":0},"end":{"line":112,"column":88}},"114":{"start":{"line":115,"column":0},"end":{"line":115,"column":40}},"115":{"start":{"line":116,"column":0},"end":{"line":116,"column":56}},"116":{"start":{"line":117,"column":0},"end":{"line":117,"column":5}},"119":{"start":{"line":120,"column":0},"end":{"line":120,"column":24}},"120":{"start":{"line":121,"column":0},"end":{"line":121,"column":48}},"121":{"start":{"line":122,"column":0},"end":{"line":122,"column":44}},"122":{"start":{"line":123,"column":0},"end":{"line":123,"column":56}},"123":{"start":{"line":124,"column":0},"end":{"line":124,"column":56}},"124":{"start":{"line":125,"column":0},"end":{"line":125,"column":25}},"125":{"start":{"line":126,"column":0},"end":{"line":126,"column":54}},"126":{"start":{"line":127,"column":0},"end":{"line":127,"column":31}},"127":{"start":{"line":128,"column":0},"end":{"line":128,"column":24}},"128":{"start":{"line":129,"column":0},"end":{"line":129,"column":60}},"129":{"start":{"line":130,"column":0},"end":{"line":130,"column":19}},"130":{"start":{"line":131,"column":0},"end":{"line":131,"column":7}},"131":{"start":{"line":132,"column":0},"end":{"line":132,"column":26}},"132":{"start":{"line":133,"column":0},"end":{"line":133,"column":13}},"133":{"start":{"line":134,"column":0},"end":{"line":134,"column":5}},"135":{"start":{"line":136,"column":0},"end":{"line":136,"column":30}},"136":{"start":{"line":137,"column":0},"end":{"line":137,"column":46}},"137":{"start":{"line":138,"column":0},"end":{"line":138,"column":27}},"138":{"start":{"line":139,"column":0},"end":{"line":139,"column":35}},"141":{"start":{"line":142,"column":0},"end":{"line":142,"column":60}},"142":{"start":{"line":143,"column":0},"end":{"line":143,"column":44}},"143":{"start":{"line":144,"column":0},"end":{"line":144,"column":7}},"146":{"start":{"line":147,"column":0},"end":{"line":147,"column":51}},"147":{"start":{"line":148,"column":0},"end":{"line":148,"column":56}},"148":{"start":{"line":149,"column":0},"end":{"line":149,"column":42}},"149":{"start":{"line":150,"column":0},"end":{"line":150,"column":29}},"150":{"start":{"line":151,"column":0},"end":{"line":151,"column":39}},"151":{"start":{"line":152,"column":0},"end":{"line":152,"column":9}},"152":{"start":{"line":153,"column":0},"end":{"line":153,"column":7}},"153":{"start":{"line":154,"column":0},"end":{"line":154,"column":36}},"155":{"start":{"line":156,"column":0},"end":{"line":156,"column":48}},"157":{"start":{"line":158,"column":0},"end":{"line":158,"column":44}},"159":{"start":{"line":160,"column":0},"end":{"line":160,"column":65}},"160":{"start":{"line":161,"column":0},"end":{"line":161,"column":96}},"161":{"start":{"line":162,"column":0},"end":{"line":162,"column":59}},"162":{"start":{"line":163,"column":0},"end":{"line":163,"column":87}},"163":{"start":{"line":164,"column":0},"end":{"line":164,"column":9}},"166":{"start":{"line":167,"column":0},"end":{"line":167,"column":47}},"167":{"start":{"line":168,"column":0},"end":{"line":168,"column":62}},"168":{"start":{"line":169,"column":0},"end":{"line":169,"column":43}},"169":{"start":{"line":170,"column":0},"end":{"line":170,"column":76}},"170":{"start":{"line":171,"column":0},"end":{"line":171,"column":9}},"173":{"start":{"line":174,"column":0},"end":{"line":174,"column":55}},"174":{"start":{"line":175,"column":0},"end":{"line":175,"column":42}},"177":{"start":{"line":178,"column":0},"end":{"line":178,"column":81}},"178":{"start":{"line":179,"column":0},"end":{"line":179,"column":77}},"180":{"start":{"line":181,"column":0},"end":{"line":181,"column":56}},"181":{"start":{"line":182,"column":0},"end":{"line":182,"column":56}},"182":{"start":{"line":183,"column":0},"end":{"line":183,"column":25}},"184":{"start":{"line":185,"column":0},"end":{"line":185,"column":56}},"185":{"start":{"line":186,"column":0},"end":{"line":186,"column":66}},"187":{"start":{"line":188,"column":0},"end":{"line":188,"column":24}},"188":{"start":{"line":189,"column":0},"end":{"line":189,"column":60}},"189":{"start":{"line":190,"column":0},"end":{"line":190,"column":19}},"191":{"start":{"line":192,"column":0},"end":{"line":192,"column":28}},"192":{"start":{"line":193,"column":0},"end":{"line":193,"column":7}},"194":{"start":{"line":195,"column":0},"end":{"line":195,"column":60}},"195":{"start":{"line":196,"column":0},"end":{"line":196,"column":5}},"197":{"start":{"line":198,"column":0},"end":{"line":198,"column":58}},"199":{"start":{"line":200,"column":0},"end":{"line":200,"column":18}},"200":{"start":{"line":201,"column":0},"end":{"line":201,"column":33}},"201":{"start":{"line":202,"column":0},"end":{"line":202,"column":51}},"202":{"start":{"line":203,"column":0},"end":{"line":203,"column":7}},"203":{"start":{"line":204,"column":0},"end":{"line":204,"column":6}},"204":{"start":{"line":205,"column":0},"end":{"line":205,"column":21}},"206":{"start":{"line":207,"column":0},"end":{"line":207,"column":10}},"207":{"start":{"line":208,"column":0},"end":{"line":208,"column":227}},"208":{"start":{"line":209,"column":0},"end":{"line":209,"column":13}},"209":{"start":{"line":210,"column":0},"end":{"line":210,"column":23}},"210":{"start":{"line":211,"column":0},"end":{"line":211,"column":68}},"211":{"start":{"line":212,"column":0},"end":{"line":212,"column":8}},"213":{"start":{"line":214,"column":0},"end":{"line":214,"column":140}},"214":{"start":{"line":215,"column":0},"end":{"line":215,"column":32}},"215":{"start":{"line":216,"column":0},"end":{"line":216,"column":38}},"216":{"start":{"line":217,"column":0},"end":{"line":217,"column":96}},"217":{"start":{"line":218,"column":0},"end":{"line":218,"column":97}},"218":{"start":{"line":219,"column":0},"end":{"line":219,"column":97}},"219":{"start":{"line":220,"column":0},"end":{"line":220,"column":96}},"220":{"start":{"line":221,"column":0},"end":{"line":221,"column":14}},"221":{"start":{"line":222,"column":0},"end":{"line":222,"column":33}},"222":{"start":{"line":223,"column":0},"end":{"line":223,"column":12}},"223":{"start":{"line":224,"column":0},"end":{"line":224,"column":10}},"225":{"start":{"line":226,"column":0},"end":{"line":226,"column":1}}},"s":{"0":1,"2":1,"3":1,"4":1,"5":1,"15":192,"17":192,"18":192,"19":192,"20":192,"21":192,"22":192,"23":192,"24":0,"25":0,"26":0,"27":0,"28":0,"29":0,"30":0,"31":0,"32":0,"33":0,"34":0,"35":0,"36":192,"38":10,"39":10,"40":10,"41":80,"42":640,"43":640,"44":640,"45":640,"46":640,"47":640,"48":640,"49":640,"50":640,"51":80,"52":10,"53":10,"55":0,"56":0,"57":0,"58":0,"59":0,"60":0,"61":0,"62":0,"64":0,"65":0,"66":0,"67":0,"68":0,"69":0,"70":0,"71":0,"72":0,"73":0,"75":1,"76":10,"77":10,"78":10,"79":10,"80":10,"81":10,"83":10,"84":10,"85":10,"86":10,"88":10,"89":10,"90":10,"91":10,"92":10,"93":10,"95":10,"96":10,"97":10,"99":10,"100":10,"102":10,"103":10,"104":10,"105":10,"106":10,"107":10,"108":10,"111":10,"114":10,"115":10,"116":10,"119":10,"120":0,"121":0,"122":0,"123":0,"124":0,"125":0,"126":0,"127":0,"128":0,"129":0,"130":0,"131":0,"132":0,"133":0,"135":10,"136":3,"137":3,"138":3,"141":3,"142":0,"143":0,"146":3,"147":3,"148":0,"149":0,"150":0,"151":0,"152":0,"153":3,"155":3,"157":3,"159":192,"160":3,"161":3,"162":3,"163":3,"166":192,"167":192,"168":192,"169":0,"170":0,"173":192,"174":192,"177":192,"178":192,"180":192,"181":192,"182":192,"184":192,"185":192,"187":192,"188":192,"189":192,"191":192,"192":192,"194":3,"195":3,"197":10,"199":10,"200":10,"201":10,"202":10,"203":10,"204":10,"206":10,"207":10,"208":10,"209":10,"210":10,"211":10,"213":10,"214":10,"215":10,"216":10,"217":10,"218":10,"219":10,"220":10,"221":10,"222":10,"223":10,"225":10},"branchMap":{"0":{"type":"branch","line":16,"loc":{"start":{"line":16,"column":0},"end":{"line":37,"column":1}},"locations":[{"start":{"line":16,"column":0},"end":{"line":37,"column":1}}]},"1":{"type":"branch","line":24,"loc":{"start":{"line":24,"column":2},"end":{"line":36,"column":3}},"locations":[{"start":{"line":24,"column":2},"end":{"line":36,"column":3}}]},"2":{"type":"branch","line":39,"loc":{"start":{"line":39,"column":0},"end":{"line":54,"column":1}},"locations":[{"start":{"line":39,"column":0},"end":{"line":54,"column":1}}]},"3":{"type":"branch","line":41,"loc":{"start":{"line":41,"column":44},"end":{"line":52,"column":3}},"locations":[{"start":{"line":41,"column":44},"end":{"line":52,"column":3}}]},"4":{"type":"branch","line":42,"loc":{"start":{"line":42,"column":46},"end":{"line":51,"column":5}},"locations":[{"start":{"line":42,"column":46},"end":{"line":51,"column":5}}]},"5":{"type":"branch","line":47,"loc":{"start":{"line":47,"column":17},"end":{"line":47,"column":47}},"locations":[{"start":{"line":47,"column":17},"end":{"line":47,"column":47}}]},"6":{"type":"branch","line":49,"loc":{"start":{"line":49,"column":15},"end":{"line":49,"column":35}},"locations":[{"start":{"line":49,"column":15},"end":{"line":49,"column":35}}]},"7":{"type":"branch","line":76,"loc":{"start":{"line":76,"column":7},"end":{"line":226,"column":1}},"locations":[{"start":{"line":76,"column":7},"end":{"line":226,"column":1}}]},"8":{"type":"branch","line":85,"loc":{"start":{"line":85,"column":4},"end":{"line":85,"column":60}},"locations":[{"start":{"line":85,"column":4},"end":{"line":85,"column":60}}]},"9":{"type":"branch","line":89,"loc":{"start":{"line":89,"column":12},"end":{"line":94,"column":5}},"locations":[{"start":{"line":89,"column":12},"end":{"line":94,"column":5}}]},"10":{"type":"branch","line":91,"loc":{"start":{"line":91,"column":11},"end":{"line":93,"column":6}},"locations":[{"start":{"line":91,"column":11},"end":{"line":93,"column":6}}]},"11":{"type":"branch","line":96,"loc":{"start":{"line":96,"column":12},"end":{"line":205,"column":5}},"locations":[{"start":{"line":96,"column":12},"end":{"line":205,"column":5}}]},"12":{"type":"branch","line":98,"loc":{"start":{"line":98,"column":17},"end":{"line":98,"column":24}},"locations":[{"start":{"line":98,"column":17},"end":{"line":98,"column":24}}]},"13":{"type":"branch","line":101,"loc":{"start":{"line":101,"column":14},"end":{"line":101,"column":21}},"locations":[{"start":{"line":101,"column":14},"end":{"line":101,"column":21}}]},"14":{"type":"branch","line":104,"loc":{"start":{"line":104,"column":23},"end":{"line":104,"column":45}},"locations":[{"start":{"line":104,"column":23},"end":{"line":104,"column":45}}]},"15":{"type":"branch","line":120,"loc":{"start":{"line":120,"column":23},"end":{"line":134,"column":5}},"locations":[{"start":{"line":120,"column":23},"end":{"line":134,"column":5}}]},"16":{"type":"branch","line":136,"loc":{"start":{"line":136,"column":4},"end":{"line":196,"column":5}},"locations":[{"start":{"line":136,"column":4},"end":{"line":196,"column":5}}]},"17":{"type":"branch","line":137,"loc":{"start":{"line":137,"column":39},"end":{"line":137,"column":46}},"locations":[{"start":{"line":137,"column":39},"end":{"line":137,"column":46}}]},"18":{"type":"branch","line":142,"loc":{"start":{"line":142,"column":25},"end":{"line":142,"column":59}},"locations":[{"start":{"line":142,"column":25},"end":{"line":142,"column":59}}]},"19":{"type":"branch","line":142,"loc":{"start":{"line":142,"column":59},"end":{"line":144,"column":7}},"locations":[{"start":{"line":142,"column":59},"end":{"line":144,"column":7}}]},"20":{"type":"branch","line":148,"loc":{"start":{"line":148,"column":55},"end":{"line":153,"column":7}},"locations":[{"start":{"line":148,"column":55},"end":{"line":153,"column":7}}]},"21":{"type":"branch","line":158,"loc":{"start":{"line":158,"column":43},"end":{"line":193,"column":7}},"locations":[{"start":{"line":158,"column":43},"end":{"line":193,"column":7}}]},"22":{"type":"branch","line":160,"loc":{"start":{"line":160,"column":64},"end":{"line":164,"column":9}},"locations":[{"start":{"line":160,"column":64},"end":{"line":164,"column":9}}]},"23":{"type":"branch","line":169,"loc":{"start":{"line":169,"column":42},"end":{"line":171,"column":9}},"locations":[{"start":{"line":169,"column":42},"end":{"line":171,"column":9}}]},"24":{"type":"branch","line":186,"loc":{"start":{"line":186,"column":45},"end":{"line":186,"column":61}},"locations":[{"start":{"line":186,"column":45},"end":{"line":186,"column":61}}]},"25":{"type":"branch","line":200,"loc":{"start":{"line":200,"column":11},"end":{"line":204,"column":6}},"locations":[{"start":{"line":200,"column":11},"end":{"line":204,"column":6}}]}},"b":{"0":[192],"1":[0],"2":[10],"3":[80],"4":[640],"5":[0],"6":[0],"7":[10],"8":[10],"9":[10],"10":[10],"11":[10],"12":[0],"13":[0],"14":[0],"15":[0],"16":[3],"17":[0],"18":[0],"19":[0],"20":[0],"21":[192],"22":[3],"23":[0],"24":[0],"25":[10]},"fnMap":{"0":{"name":"getEntropyColor","decl":{"start":{"line":16,"column":0},"end":{"line":37,"column":1}},"loc":{"start":{"line":16,"column":0},"end":{"line":37,"column":1}},"line":16},"1":{"name":"initializeCells","decl":{"start":{"line":39,"column":0},"end":{"line":54,"column":1}},"loc":{"start":{"line":39,"column":0},"end":{"line":54,"column":1}},"line":39},"2":{"name":"triggerSpikeCascade","decl":{"start":{"line":56,"column":0},"end":{"line":74,"column":1}},"loc":{"start":{"line":56,"column":0},"end":{"line":74,"column":1}},"line":56},"3":{"name":"EntropyVisualization","decl":{"start":{"line":76,"column":7},"end":{"line":226,"column":1}},"loc":{"start":{"line":76,"column":7},"end":{"line":226,"column":1}},"line":76},"4":{"name":"animate","decl":{"start":{"line":136,"column":4},"end":{"line":196,"column":5}},"loc":{"start":{"line":136,"column":4},"end":{"line":196,"column":5}},"line":136}},"f":{"0":192,"1":10,"2":0,"3":10,"4":3}}
,"/tmp/mvp-v3-b634830a-da6f-446a-af22-0bb1762dc75c-kpSrWw/src/components/ErrorBoundary.tsx": {"path":"/tmp/mvp-v3-b634830a-da6f-446a-af22-0bb1762dc75c-kpSrWw/src/components/ErrorBoundary.tsx","all":false,"statementMap":{"0":{"start":{"line":1,"column":0},"end":{"line":1,"column":50}},"11":{"start":{"line":12,"column":0},"end":{"line":12,"column":86}},"12":{"start":{"line":13,"column":0},"end":{"line":13,"column":42}},"13":{"start":{"line":14,"column":0},"end":{"line":14,"column":17}},"14":{"start":{"line":15,"column":0},"end":{"line":15,"column":37}},"15":{"start":{"line":16,"column":0},"end":{"line":16,"column":3}},"17":{"start":{"line":18,"column":0},"end":{"line":18,"column":57}},"18":{"start":{"line":19,"column":0},"end":{"line":19,"column":30}},"19":{"start":{"line":20,"column":0},"end":{"line":20,"column":3}},"21":{"start":{"line":22,"column":0},"end":{"line":22,"column":69}},"23":{"start":{"line":24,"column":0},"end":{"line":24,"column":3}},"25":{"start":{"line":26,"column":0},"end":{"line":26,"column":23}},"26":{"start":{"line":27,"column":0},"end":{"line":27,"column":30}},"27":{"start":{"line":28,"column":0},"end":{"line":28,"column":37}},"28":{"start":{"line":29,"column":0},"end":{"line":29,"column":56}},"29":{"start":{"line":30,"column":0},"end":{"line":30,"column":107}},"30":{"start":{"line":31,"column":0},"end":{"line":31,"column":14}},"32":{"start":{"line":33,"column":0},"end":{"line":33,"column":5}},"33":{"start":{"line":34,"column":0},"end":{"line":34,"column":31}},"34":{"start":{"line":35,"column":0},"end":{"line":35,"column":3}},"35":{"start":{"line":36,"column":0},"end":{"line":36,"column":1}}},"s":{"0":1,"11":1,"12":1,"13":66,"14":66,"15":66,"17":1,"18":4,"19":4,"21":1,"23":2,"25":1,"26":69,"27":4,"28":2,"29":2,"30":2,"32":4,"33":65,"34":69,"35":1},"branchMap":{"0":{"type":"branch","line":13,"loc":{"start":{"line":13,"column":2},"end":{"line":16,"column":3}},"locations":[{"start":{"line":13,"column":2},"end":{"line":16,"column":3}}]},"1":{"type":"branch","line":18,"loc":{"start":{"line":18,"column":9},"end":{"line":20,"column":3}},"locations":[{"start":{"line":18,"column":9},"end":{"line":20,"column":3}}]},"2":{"type":"branch","line":22,"loc":{"start":{"line":22,"column":2},"end":{"line":24,"column":3}},"locations":[{"start":{"line":22,"column":2},"end":{"line":24,"column":3}}]},"3":{"type":"branch","line":26,"loc":{"start":{"line":26,"column":2},"end":{"line":35,"column":3}},"locations":[{"start":{"line":26,"column":2},"end":{"line":35,"column":3}}]},"4":{"type":"branch","line":27,"loc":{"start":{"line":27,"column":29},"end":{"line":33,"column":5}},"locations":[{"start":{"line":27,"column":29},"end":{"line":33,"column":5}}]},"5":{"type":"branch","line":28,"loc":{"start":{"line":28,"column":24},"end":{"line":31,"column":14}},"locations":[{"start":{"line":28,"column":24},"end":{"line":31,"column":14}}]},"6":{"type":"branch","line":33,"loc":{"start":{"line":33,"column":4},"end":{"line":34,"column":31}},"locations":[{"start":{"line":33,"column":4},"end":{"line":34,"column":31}}]}},"b":{"0":[66],"1":[4],"2":[2],"3":[69],"4":[4],"5":[2],"6":[65]},"fnMap":{"0":{"name":"ErrorBoundary","decl":{"start":{"line":13,"column":2},"end":{"line":16,"column":3}},"loc":{"start":{"line":13,"column":2},"end":{"line":16,"column":3}},"line":13},"1":{"name":"getDerivedStateFromError","decl":{"start":{"line":18,"column":9},"end":{"line":20,"column":3}},"loc":{"start":{"line":18,"column":9},"end":{"line":20,"column":3}},"line":18},"2":{"name":"componentDidCatch","decl":{"start":{"line":22,"column":2},"end":{"line":24,"column":3}},"loc":{"start":{"line":22,"column":2},"end":{"line":24,"column":3}},"line":22},"3":{"name":"render","decl":{"start":{"line":26,"column":2},"end":{"line":35,"column":3}},"loc":{"start":{"line":26,"column":2},"end":{"line":35,"column":3}},"line":26}},"f":{"0":66,"1":4,"2":2,"3":69}}
,"/tmp/mvp-v3-b634830a-da6f-446a-af22-0bb1762dc75c-kpSrWw/src/components/FAQ.tsx": {"path":"/tmp/mvp-v3-b634830a-da6f-446a-af22-0bb1762dc75c-kpSrWw/src/components/FAQ.tsx","all":false,"statementMap":{"0":{"start":{"line":1,"column":0},"end":{"line":1,"column":54}},"1":{"start":{"line":2,"column":0},"end":{"line":2,"column":65}},"8":{"start":{"line":9,"column":0},"end":{"line":9,"column":29}},"9":{"start":{"line":10,"column":0},"end":{"line":10,"column":3}},"10":{"start":{"line":11,"column":0},"end":{"line":11,"column":68}},"11":{"start":{"line":12,"column":0},"end":{"line":12,"column":11}},"12":{"start":{"line":13,"column":0},"end":{"line":13,"column":292}},"13":{"start":{"line":14,"column":0},"end":{"line":14,"column":4}},"14":{"start":{"line":15,"column":0},"end":{"line":15,"column":3}},"15":{"start":{"line":16,"column":0},"end":{"line":16,"column":42}},"16":{"start":{"line":17,"column":0},"end":{"line":17,"column":11}},"17":{"start":{"line":18,"column":0},"end":{"line":18,"column":227}},"18":{"start":{"line":19,"column":0},"end":{"line":19,"column":4}},"19":{"start":{"line":20,"column":0},"end":{"line":20,"column":3}},"20":{"start":{"line":21,"column":0},"end":{"line":21,"column":63}},"21":{"start":{"line":22,"column":0},"end":{"line":22,"column":11}},"22":{"start":{"line":23,"column":0},"end":{"line":23,"column":223}},"23":{"start":{"line":24,"column":0},"end":{"line":24,"column":4}},"24":{"start":{"line":25,"column":0},"end":{"line":25,"column":3}},"25":{"start":{"line":26,"column":0},"end":{"line":26,"column":62}},"26":{"start":{"line":27,"column":0},"end":{"line":27,"column":11}},"27":{"start":{"line":28,"column":0},"end":{"line":28,"column":267}},"28":{"start":{"line":29,"column":0},"end":{"line":29,"column":4}},"29":{"start":{"line":30,"column":0},"end":{"line":30,"column":3}},"30":{"start":{"line":31,"column":0},"end":{"line":31,"column":53}},"31":{"start":{"line":32,"column":0},"end":{"line":32,"column":11}},"32":{"start":{"line":33,"column":0},"end":{"line":33,"column":166}},"33":{"start":{"line":34,"column":0},"end":{"line":34,"column":4}},"34":{"start":{"line":35,"column":0},"end":{"line":35,"column":3}},"35":{"start":{"line":36,"column":0},"end":{"line":36,"column":35}},"36":{"start":{"line":37,"column":0},"end":{"line":37,"column":11}},"37":{"start":{"line":38,"column":0},"end":{"line":38,"column":196}},"38":{"start":{"line":39,"column":0},"end":{"line":39,"column":4}},"39":{"start":{"line":40,"column":0},"end":{"line":40,"column":2}},"41":{"start":{"line":42,"column":0},"end":{"line":42,"column":23}},"42":{"start":{"line":43,"column":0},"end":{"line":43,"column":66}},"43":{"start":{"line":44,"column":0},"end":{"line":44,"column":78}},"44":{"start":{"line":45,"column":0},"end":{"line":45,"column":62}},"46":{"start":{"line":47,"column":0},"end":{"line":47,"column":53}},"47":{"start":{"line":48,"column":0},"end":{"line":48,"column":60}},"48":{"start":{"line":49,"column":0},"end":{"line":49,"column":9}},"50":{"start":{"line":51,"column":0},"end":{"line":51,"column":36}},"51":{"start":{"line":52,"column":0},"end":{"line":52,"column":48}},"52":{"start":{"line":53,"column":0},"end":{"line":53,"column":27}},"53":{"start":{"line":54,"column":0},"end":{"line":54,"column":34}},"54":{"start":{"line":55,"column":0},"end":{"line":55,"column":27}},"55":{"start":{"line":56,"column":0},"end":{"line":56,"column":52}},"56":{"start":{"line":57,"column":0},"end":{"line":57,"column":39}},"57":{"start":{"line":58,"column":0},"end":{"line":58,"column":27}},"58":{"start":{"line":59,"column":0},"end":{"line":59,"column":70}},"59":{"start":{"line":60,"column":0},"end":{"line":60,"column":36}},"60":{"start":{"line":61,"column":0},"end":{"line":61,"column":27}},"61":{"start":{"line":62,"column":0},"end":{"line":62,"column":24}},"62":{"start":{"line":63,"column":0},"end":{"line":63,"column":35}},"63":{"start":{"line":64,"column":0},"end":{"line":64,"column":27}},"64":{"start":{"line":65,"column":0},"end":{"line":65,"column":42}},"65":{"start":{"line":66,"column":0},"end":{"line":66,"column":7}},"67":{"start":{"line":68,"column":0},"end":{"line":68,"column":29}},"68":{"start":{"line":69,"column":0},"end":{"line":69,"column":49}},"69":{"start":{"line":70,"column":0},"end":{"line":70,"column":7}},"70":{"start":{"line":71,"column":0},"end":{"line":71,"column":6}},"71":{"start":{"line":72,"column":0},"end":{"line":72,"column":6}},"72":{"start":{"line":73,"column":0},"end":{"line":73,"column":4}},"74":{"start":{"line":75,"column":0},"end":{"line":75,"column":10}},"75":{"start":{"line":76,"column":0},"end":{"line":76,"column":102}},"77":{"start":{"line":78,"column":0},"end":{"line":78,"column":158}},"78":{"start":{"line":79,"column":0},"end":{"line":79,"column":62}},"79":{"start":{"line":80,"column":0},"end":{"line":80,"column":12}},"80":{"start":{"line":81,"column":0},"end":{"line":81,"column":26}},"81":{"start":{"line":82,"column":0},"end":{"line":82,"column":79}},"82":{"start":{"line":83,"column":0},"end":{"line":83,"column":84}},"83":{"start":{"line":84,"column":0},"end":{"line":84,"column":13}},"85":{"start":{"line":86,"column":0},"end":{"line":86,"column":91}},"87":{"start":{"line":88,"column":0},"end":{"line":88,"column":15}},"88":{"start":{"line":89,"column":0},"end":{"line":89,"column":55}},"90":{"start":{"line":91,"column":0},"end":{"line":91,"column":14}},"91":{"start":{"line":92,"column":0},"end":{"line":92,"column":14}},"93":{"start":{"line":94,"column":0},"end":{"line":94,"column":47}},"94":{"start":{"line":95,"column":0},"end":{"line":95,"column":42}},"95":{"start":{"line":96,"column":0},"end":{"line":96,"column":29}},"96":{"start":{"line":97,"column":0},"end":{"line":97,"column":33}},"97":{"start":{"line":98,"column":0},"end":{"line":98,"column":25}},"98":{"start":{"line":99,"column":0},"end":{"line":99,"column":42}},"99":{"start":{"line":100,"column":0},"end":{"line":100,"column":48}},"100":{"start":{"line":101,"column":0},"end":{"line":101,"column":56}},"101":{"start":{"line":102,"column":0},"end":{"line":102,"column":69}},"102":{"start":{"line":103,"column":0},"end":{"line":103,"column":33}},"103":{"start":{"line":104,"column":0},"end":{"line":104,"column":14}},"104":{"start":{"line":105,"column":0},"end":{"line":105,"column":13}},"105":{"start":{"line":106,"column":0},"end":{"line":106,"column":14}},"106":{"start":{"line":107,"column":0},"end":{"line":107,"column":12}},"107":{"start":{"line":108,"column":0},"end":{"line":108,"column":14}},"109":{"start":{"line":110,"column":0},"end":{"line":110,"column":1}},"120":{"start":{"line":121,"column":0},"end":{"line":121,"column":104}},"121":{"start":{"line":122,"column":0},"end":{"line":122,"column":10}},"122":{"start":{"line":123,"column":0},"end":{"line":123,"column":8}},"123":{"start":{"line":124,"column":0},"end":{"line":124,"column":66}},"124":{"start":{"line":125,"column":0},"end":{"line":125,"column":14}},"125":{"start":{"line":126,"column":0},"end":{"line":126,"column":50}},"126":{"start":{"line":127,"column":0},"end":{"line":127,"column":66}},"127":{"start":{"line":128,"column":0},"end":{"line":128,"column":9}},"128":{"start":{"line":129,"column":0},"end":{"line":129,"column":21}},"130":{"start":{"line":131,"column":0},"end":{"line":131,"column":10}},"131":{"start":{"line":132,"column":0},"end":{"line":132,"column":15}},"132":{"start":{"line":133,"column":0},"end":{"line":133,"column":25}},"133":{"start":{"line":134,"column":0},"end":{"line":134,"column":23}},"134":{"start":{"line":135,"column":0},"end":{"line":135,"column":194}},"135":{"start":{"line":136,"column":0},"end":{"line":136,"column":28}},"136":{"start":{"line":137,"column":0},"end":{"line":137,"column":31}},"137":{"start":{"line":138,"column":0},"end":{"line":138,"column":32}},"138":{"start":{"line":139,"column":0},"end":{"line":139,"column":39}},"139":{"start":{"line":140,"column":0},"end":{"line":140,"column":29}},"141":{"start":{"line":142,"column":0},"end":{"line":142,"column":80}},"142":{"start":{"line":143,"column":0},"end":{"line":143,"column":27}},"143":{"start":{"line":144,"column":0},"end":{"line":144,"column":17}},"144":{"start":{"line":145,"column":0},"end":{"line":145,"column":170}},"145":{"start":{"line":146,"column":0},"end":{"line":146,"column":16}},"146":{"start":{"line":147,"column":0},"end":{"line":147,"column":126}},"147":{"start":{"line":148,"column":0},"end":{"line":148,"column":25}},"148":{"start":{"line":149,"column":0},"end":{"line":149,"column":35}},"149":{"start":{"line":150,"column":0},"end":{"line":150,"column":33}},"150":{"start":{"line":151,"column":0},"end":{"line":151,"column":32}},"152":{"start":{"line":153,"column":0},"end":{"line":153,"column":104}},"153":{"start":{"line":154,"column":0},"end":{"line":154,"column":18}},"154":{"start":{"line":155,"column":0},"end":{"line":155,"column":16}},"155":{"start":{"line":156,"column":0},"end":{"line":156,"column":17}},"156":{"start":{"line":157,"column":0},"end":{"line":157,"column":11}},"157":{"start":{"line":158,"column":0},"end":{"line":158,"column":10}},"158":{"start":{"line":159,"column":0},"end":{"line":159,"column":26}},"159":{"start":{"line":160,"column":0},"end":{"line":160,"column":21}},"160":{"start":{"line":161,"column":0},"end":{"line":161,"column":40}},"161":{"start":{"line":162,"column":0},"end":{"line":162,"column":131}},"163":{"start":{"line":164,"column":0},"end":{"line":164,"column":91}},"164":{"start":{"line":165,"column":0},"end":{"line":165,"column":12}},"165":{"start":{"line":166,"column":0},"end":{"line":166,"column":10}},"167":{"start":{"line":168,"column":0},"end":{"line":168,"column":1}}},"s":{"0":1,"1":1,"8":1,"9":1,"10":1,"11":1,"12":1,"13":1,"14":1,"15":1,"16":1,"17":1,"18":1,"19":1,"20":1,"21":1,"22":1,"23":1,"24":1,"25":1,"26":1,"27":1,"28":1,"29":1,"30":1,"31":1,"32":1,"33":1,"34":1,"35":1,"36":1,"37":1,"38":1,"39":1,"41":1,"42":42,"43":42,"44":42,"46":42,"47":9,"48":42,"50":42,"51":42,"52":4,"53":4,"54":1,"55":1,"56":4,"57":1,"58":1,"59":3,"60":1,"61":1,"62":1,"63":1,"64":1,"65":1,"67":4,"68":4,"69":4,"70":4,"71":42,"72":42,"74":42,"75":42,"77":42,"78":42,"79":42,"80":42,"81":42,"82":42,"83":42,"85":42,"87":42,"88":42,"90":42,"91":42,"93":42,"94":42,"95":252,"96":252,"97":252,"98":252,"99":252,"100":252,"101":252,"102":252,"103":252,"104":42,"105":42,"106":42,"107":42,"109":42,"120":252,"121":252,"122":252,"123":252,"124":252,"125":7,"126":245,"127":252,"128":252,"130":252,"131":252,"132":252,"133":252,"134":252,"135":252,"136":252,"137":252,"138":252,"139":252,"141":252,"142":252,"143":252,"144":252,"145":252,"146":252,"147":252,"148":252,"149":252,"150":252,"152":252,"153":252,"154":252,"155":252,"156":252,"157":252,"158":252,"159":252,"160":252,"161":252,"163":252,"164":252,"165":252,"167":252},"branchMap":{"0":{"type":"branch","line":42,"loc":{"start":{"line":42,"column":7},"end":{"line":110,"column":1}},"locations":[{"start":{"line":42,"column":7},"end":{"line":110,"column":1}}]},"1":{"type":"branch","line":83,"loc":{"start":{"line":83,"column":12},"end":{"line":83,"column":59}},"locations":[{"start":{"line":83,"column":12},"end":{"line":83,"column":59}}]},"2":{"type":"branch","line":83,"loc":{"start":{"line":83,"column":29},"end":{"line":83,"column":84}},"locations":[{"start":{"line":83,"column":29},"end":{"line":83,"column":84}}]},"3":{"type":"branch","line":47,"loc":{"start":{"line":47,"column":33},"end":{"line":49,"column":5}},"locations":[{"start":{"line":47,"column":33},"end":{"line":49,"column":5}}]},"4":{"type":"branch","line":48,"loc":{"start":{"line":48,"column":17},"end":{"line":48,"column":58}},"locations":[{"start":{"line":48,"column":17},"end":{"line":48,"column":58}}]},"5":{"type":"branch","line":48,"loc":{"start":{"line":48,"column":37},"end":{"line":48,"column":52}},"locations":[{"start":{"line":48,"column":37},"end":{"line":48,"column":52}}]},"6":{"type":"branch","line":48,"loc":{"start":{"line":48,"column":45},"end":{"line":48,"column":58}},"locations":[{"start":{"line":48,"column":45},"end":{"line":48,"column":58}}]},"7":{"type":"branch","line":52,"loc":{"start":{"line":52,"column":4},"end":{"line":71,"column":6}},"locations":[{"start":{"line":52,"column":4},"end":{"line":71,"column":6}}]},"8":{"type":"branch","line":54,"loc":{"start":{"line":54,"column":33},"end":{"line":57,"column":17}},"locations":[{"start":{"line":54,"column":33},"end":{"line":57,"column":17}}]},"9":{"type":"branch","line":57,"loc":{"start":{"line":57,"column":6},"end":{"line":66,"column":7}},"locations":[{"start":{"line":57,"column":6},"end":{"line":66,"column":7}}]},"10":{"type":"branch","line":57,"loc":{"start":{"line":57,"column":38},"end":{"line":60,"column":17}},"locations":[{"start":{"line":57,"column":38},"end":{"line":60,"column":17}}]},"11":{"type":"branch","line":60,"loc":{"start":{"line":60,"column":6},"end":{"line":66,"column":7}},"locations":[{"start":{"line":60,"column":6},"end":{"line":66,"column":7}}]},"12":{"type":"branch","line":60,"loc":{"start":{"line":60,"column":35},"end":{"line":66,"column":7}},"locations":[{"start":{"line":60,"column":35},"end":{"line":66,"column":7}}]},"13":{"type":"branch","line":95,"loc":{"start":{"line":95,"column":24},"end":{"line":104,"column":14}},"locations":[{"start":{"line":95,"column":24},"end":{"line":104,"column":14}}]},"14":{"type":"branch","line":100,"loc":{"start":{"line":100,"column":24},"end":{"line":100,"column":48}},"locations":[{"start":{"line":100,"column":24},"end":{"line":100,"column":48}}]},"15":{"type":"branch","line":101,"loc":{"start":{"line":101,"column":25},"end":{"line":101,"column":56}},"locations":[{"start":{"line":101,"column":25},"end":{"line":101,"column":56}}]},"16":{"type":"branch","line":102,"loc":{"start":{"line":102,"column":25},"end":{"line":102,"column":69}},"locations":[{"start":{"line":102,"column":25},"end":{"line":102,"column":69}}]},"17":{"type":"branch","line":121,"loc":{"start":{"line":121,"column":0},"end":{"line":168,"column":1}},"locations":[{"start":{"line":121,"column":0},"end":{"line":168,"column":1}}]},"18":{"type":"branch","line":125,"loc":{"start":{"line":125,"column":8},"end":{"line":126,"column":50}},"locations":[{"start":{"line":125,"column":8},"end":{"line":126,"column":50}}]},"19":{"type":"branch","line":126,"loc":{"start":{"line":126,"column":12},"end":{"line":127,"column":66}},"locations":[{"start":{"line":126,"column":12},"end":{"line":127,"column":66}}]},"20":{"type":"branch","line":145,"loc":{"start":{"line":145,"column":123},"end":{"line":145,"column":150}},"locations":[{"start":{"line":145,"column":123},"end":{"line":145,"column":150}}]},"21":{"type":"branch","line":145,"loc":{"start":{"line":145,"column":132},"end":{"line":145,"column":166}},"locations":[{"start":{"line":145,"column":132},"end":{"line":145,"column":166}}]},"22":{"type":"branch","line":147,"loc":{"start":{"line":147,"column":68},"end":{"line":147,"column":105}},"locations":[{"start":{"line":147,"column":68},"end":{"line":147,"column":105}}]},"23":{"type":"branch","line":147,"loc":{"start":{"line":147,"column":77},"end":{"line":147,"column":123}},"locations":[{"start":{"line":147,"column":77},"end":{"line":147,"column":123}}]},"24":{"type":"branch","line":162,"loc":{"start":{"line":162,"column":75},"end":{"line":162,"column":109}},"locations":[{"start":{"line":162,"column":75},"end":{"line":162,"column":109}}]},"25":{"type":"branch","line":162,"loc":{"start":{"line":162,"column":84},"end":{"line":162,"column":128}},"locations":[{"start":{"line":162,"column":84},"end":{"line":162,"column":128}}]}},"b":{"0":[42],"1":[25],"2":[17],"3":[9],"4":[9],"5":[2],"6":[7],"7":[4],"8":[1],"9":[3],"10":[1],"11":[2],"12":[1],"13":[252],"14":[9],"15":[4],"16":[504],"17":[252],"18":[7],"19":[245],"20":[7],"21":[245],"22":[7],"23":[245],"24":[7],"25":[245]},"fnMap":{"0":{"name":"FAQ","decl":{"start":{"line":42,"column":7},"end":{"line":110,"column":1}},"loc":{"start":{"line":42,"column":7},"end":{"line":110,"column":1}},"line":42},"1":{"name":"onToggle","decl":{"start":{"line":100,"column":24},"end":{"line":100,"column":48}},"loc":{"start":{"line":100,"column":24},"end":{"line":100,"column":48}},"line":100},"2":{"name":"onKeyDown","decl":{"start":{"line":101,"column":25},"end":{"line":101,"column":56}},"loc":{"start":{"line":101,"column":25},"end":{"line":101,"column":56}},"line":101},"3":{"name":"buttonRef","decl":{"start":{"line":102,"column":25},"end":{"line":102,"column":69}},"loc":{"start":{"line":102,"column":25},"end":{"line":102,"column":69}},"line":102},"4":{"name":"FAQAccordionItem","decl":{"start":{"line":121,"column":0},"end":{"line":168,"column":1}},"loc":{"start":{"line":121,"column":0},"end":{"line":168,"column":1}},"line":121}},"f":{"0":42,"1":9,"2":4,"3":504,"4":252}}
,"/tmp/mvp-v3-b634830a-da6f-446a-af22-0bb1762dc75c-kpSrWw/src/components/Features.tsx": {"path":"/tmp/mvp-v3-b634830a-da6f-446a-af22-0bb1762dc75c-kpSrWw/src/components/Features.tsx","all":false,"statementMap":{"0":{"start":{"line":1,"column":0},"end":{"line":1,"column":65}},"2":{"start":{"line":3,"column":0},"end":{"line":3,"column":18}},"3":{"start":{"line":4,"column":0},"end":{"line":4,"column":3}},"4":{"start":{"line":5,"column":0},"end":{"line":5,"column":31}},"5":{"start":{"line":6,"column":0},"end":{"line":6,"column":16}},"6":{"start":{"line":7,"column":0},"end":{"line":7,"column":139}},"7":{"start":{"line":8,"column":0},"end":{"line":8,"column":11}},"8":{"start":{"line":9,"column":0},"end":{"line":9,"column":104}},"9":{"start":{"line":10,"column":0},"end":{"line":10,"column":280}},"10":{"start":{"line":11,"column":0},"end":{"line":11,"column":12}},"12":{"start":{"line":13,"column":0},"end":{"line":13,"column":4}},"13":{"start":{"line":14,"column":0},"end":{"line":14,"column":3}},"14":{"start":{"line":15,"column":0},"end":{"line":15,"column":33}},"15":{"start":{"line":16,"column":0},"end":{"line":16,"column":16}},"16":{"start":{"line":17,"column":0},"end":{"line":17,"column":126}},"17":{"start":{"line":18,"column":0},"end":{"line":18,"column":11}},"18":{"start":{"line":19,"column":0},"end":{"line":19,"column":104}},"19":{"start":{"line":20,"column":0},"end":{"line":20,"column":110}},"20":{"start":{"line":21,"column":0},"end":{"line":21,"column":12}},"22":{"start":{"line":23,"column":0},"end":{"line":23,"column":4}},"23":{"start":{"line":24,"column":0},"end":{"line":24,"column":3}},"24":{"start":{"line":25,"column":0},"end":{"line":25,"column":31}},"25":{"start":{"line":26,"column":0},"end":{"line":26,"column":16}},"26":{"start":{"line":27,"column":0},"end":{"line":27,"column":130}},"27":{"start":{"line":28,"column":0},"end":{"line":28,"column":11}},"28":{"start":{"line":29,"column":0},"end":{"line":29,"column":104}},"29":{"start":{"line":30,"column":0},"end":{"line":30,"column":273}},"30":{"start":{"line":31,"column":0},"end":{"line":31,"column":12}},"32":{"start":{"line":33,"column":0},"end":{"line":33,"column":4}},"33":{"start":{"line":34,"column":0},"end":{"line":34,"column":3}},"34":{"start":{"line":35,"column":0},"end":{"line":35,"column":33}},"35":{"start":{"line":36,"column":0},"end":{"line":36,"column":16}},"36":{"start":{"line":37,"column":0},"end":{"line":37,"column":128}},"37":{"start":{"line":38,"column":0},"end":{"line":38,"column":11}},"38":{"start":{"line":39,"column":0},"end":{"line":39,"column":104}},"39":{"start":{"line":40,"column":0},"end":{"line":40,"column":127}},"40":{"start":{"line":41,"column":0},"end":{"line":41,"column":12}},"42":{"start":{"line":43,"column":0},"end":{"line":43,"column":4}},"43":{"start":{"line":44,"column":0},"end":{"line":44,"column":3}},"44":{"start":{"line":45,"column":0},"end":{"line":45,"column":34}},"45":{"start":{"line":46,"column":0},"end":{"line":46,"column":16}},"46":{"start":{"line":47,"column":0},"end":{"line":47,"column":116}},"47":{"start":{"line":48,"column":0},"end":{"line":48,"column":11}},"48":{"start":{"line":49,"column":0},"end":{"line":49,"column":104}},"49":{"start":{"line":50,"column":0},"end":{"line":50,"column":189}},"50":{"start":{"line":51,"column":0},"end":{"line":51,"column":12}},"52":{"start":{"line":53,"column":0},"end":{"line":53,"column":4}},"53":{"start":{"line":54,"column":0},"end":{"line":54,"column":3}},"54":{"start":{"line":55,"column":0},"end":{"line":55,"column":32}},"55":{"start":{"line":56,"column":0},"end":{"line":56,"column":16}},"56":{"start":{"line":57,"column":0},"end":{"line":57,"column":123}},"57":{"start":{"line":58,"column":0},"end":{"line":58,"column":11}},"58":{"start":{"line":59,"column":0},"end":{"line":59,"column":104}},"59":{"start":{"line":60,"column":0},"end":{"line":60,"column":346}},"60":{"start":{"line":61,"column":0},"end":{"line":61,"column":12}},"62":{"start":{"line":63,"column":0},"end":{"line":63,"column":4}},"63":{"start":{"line":64,"column":0},"end":{"line":64,"column":11}},"65":{"start":{"line":66,"column":0},"end":{"line":66,"column":22}},"66":{"start":{"line":67,"column":0},"end":{"line":67,"column":10}},"67":{"start":{"line":68,"column":0},"end":{"line":68,"column":8}},"68":{"start":{"line":69,"column":0},"end":{"line":69,"column":4}},"71":{"start":{"line":72,"column":0},"end":{"line":72,"column":4}},"72":{"start":{"line":73,"column":0},"end":{"line":73,"column":50}},"74":{"start":{"line":75,"column":0},"end":{"line":75,"column":10}},"75":{"start":{"line":76,"column":0},"end":{"line":76,"column":12}},"76":{"start":{"line":77,"column":0},"end":{"line":77,"column":15}},"77":{"start":{"line":78,"column":0},"end":{"line":78,"column":174}},"78":{"start":{"line":79,"column":0},"end":{"line":79,"column":75}},"79":{"start":{"line":80,"column":0},"end":{"line":80,"column":9}},"80":{"start":{"line":81,"column":0},"end":{"line":81,"column":52}},"82":{"start":{"line":83,"column":0},"end":{"line":83,"column":166}},"83":{"start":{"line":84,"column":0},"end":{"line":84,"column":22}},"84":{"start":{"line":85,"column":0},"end":{"line":85,"column":12}},"85":{"start":{"line":86,"column":0},"end":{"line":86,"column":66}},"86":{"start":{"line":87,"column":0},"end":{"line":87,"column":23}},"87":{"start":{"line":88,"column":0},"end":{"line":88,"column":11}},"88":{"start":{"line":89,"column":0},"end":{"line":89,"column":62}},"89":{"start":{"line":90,"column":0},"end":{"line":90,"column":29}},"90":{"start":{"line":91,"column":0},"end":{"line":91,"column":10}},"91":{"start":{"line":92,"column":0},"end":{"line":92,"column":61}},"92":{"start":{"line":93,"column":0},"end":{"line":93,"column":10}},"93":{"start":{"line":94,"column":0},"end":{"line":94,"column":26}},"94":{"start":{"line":95,"column":0},"end":{"line":95,"column":238}},"95":{"start":{"line":96,"column":0},"end":{"line":96,"column":9}},"97":{"start":{"line":98,"column":0},"end":{"line":98,"column":170}},"98":{"start":{"line":99,"column":0},"end":{"line":99,"column":98}},"99":{"start":{"line":100,"column":0},"end":{"line":100,"column":16}},"100":{"start":{"line":101,"column":0},"end":{"line":101,"column":12}},"101":{"start":{"line":102,"column":0},"end":{"line":102,"column":12}},"102":{"start":{"line":103,"column":0},"end":{"line":103,"column":14}},"104":{"start":{"line":105,"column":0},"end":{"line":105,"column":1}},"106":{"start":{"line":107,"column":0},"end":{"line":107,"column":28}},"107":{"start":{"line":108,"column":0},"end":{"line":108,"column":50}},"109":{"start":{"line":110,"column":0},"end":{"line":110,"column":10}},"110":{"start":{"line":111,"column":0},"end":{"line":111,"column":112}},"112":{"start":{"line":113,"column":0},"end":{"line":113,"column":186}},"113":{"start":{"line":114,"column":0},"end":{"line":114,"c
[...]
9,"48":87,"49":29,"50":29,"51":29,"52":29,"53":29,"54":29,"55":29,"56":29,"57":29,"58":29,"60":29,"62":29,"63":29,"64":29,"65":29,"66":29,"67":29,"68":29,"69":29,"70":29,"71":29,"72":29,"74":29,"76":87,"77":87,"79":87,"80":87,"81":87,"82":87,"83":87,"84":87,"86":87,"87":87,"88":87,"89":87,"90":87,"91":87,"92":87,"93":87,"94":87,"95":87,"96":87,"97":87,"99":87,"100":87,"101":87,"102":87,"103":87,"104":87,"105":87,"106":87,"108":87,"109":87,"110":87,"111":87,"112":87,"113":87,"114":87,"115":87,"117":87,"119":1,"120":29,"122":29,"123":29,"124":29,"125":29,"126":29,"128":29,"129":29,"130":29,"131":29,"132":29,"133":29,"135":29,"136":29,"137":29,"138":29,"139":29,"141":29,"142":29,"144":29,"145":29,"146":29,"148":29,"149":29,"150":87,"151":29,"152":29,"153":29,"154":29,"156":29},"branchMap":{"0":{"type":"branch","line":38,"loc":{"start":{"line":38,"column":0},"end":{"line":75,"column":1}},"locations":[{"start":{"line":38,"column":0},"end":{"line":75,"column":1}}]},"1":{"type":"branch","line":39,"loc":{"start":{"line":39,"column":26},"end":{"line":48,"column":3}},"locations":[{"start":{"line":39,"column":26},"end":{"line":48,"column":3}}]},"2":{"type":"branch","line":48,"loc":{"start":{"line":48,"column":2},"end":{"line":49,"column":33}},"locations":[{"start":{"line":48,"column":2},"end":{"line":49,"column":33}}]},"3":{"type":"branch","line":49,"loc":{"start":{"line":49,"column":33},"end":{"line":75,"column":1}},"locations":[{"start":{"line":49,"column":33},"end":{"line":75,"column":1}}]},"4":{"type":"branch","line":77,"loc":{"start":{"line":77,"column":0},"end":{"line":118,"column":1}},"locations":[{"start":{"line":77,"column":0},"end":{"line":118,"column":1}}]},"5":{"type":"branch","line":84,"loc":{"start":{"line":84,"column":8},"end":{"line":84,"column":50}},"locations":[{"start":{"line":84,"column":8},"end":{"line":84,"column":50}}]},"6":{"type":"branch","line":84,"loc":{"start":{"line":84,"column":20},"end":{"line":84,"column":75}},"locations":[{"start":{"line":84,"column":20},"end":{"line":84,"column":75}}]},"7":{"type":"branch","line":120,"loc":{"start":{"line":120,"column":7},"end":{"line":157,"column":1}},"locations":[{"start":{"line":120,"column":7},"end":{"line":157,"column":1}}]},"8":{"type":"branch","line":133,"loc":{"start":{"line":133,"column":12},"end":{"line":133,"column":54}},"locations":[{"start":{"line":133,"column":12},"end":{"line":133,"column":54}}]},"9":{"type":"branch","line":133,"loc":{"start":{"line":133,"column":24},"end":{"line":133,"column":79}},"locations":[{"start":{"line":133,"column":24},"end":{"line":133,"column":79}}]},"10":{"type":"branch","line":150,"loc":{"start":{"line":150,"column":25},"end":{"line":151,"column":69}},"locations":[{"start":{"line":150,"column":25},"end":{"line":151,"column":69}}]}},"b":{"0":[87],"1":[29],"2":[58],"3":[29],"4":[87],"5":[42],"6":[45],"7":[29],"8":[14],"9":[15],"10":[87]},"fnMap":{"0":{"name":"PatternIcon","decl":{"start":{"line":38,"column":0},"end":{"line":75,"column":1}},"loc":{"start":{"line":38,"column":0},"end":{"line":75,"column":1}},"line":38},"1":{"name":"ScenarioCard","decl":{"start":{"line":77,"column":0},"end":{"line":118,"column":1}},"loc":{"start":{"line":77,"column":0},"end":{"line":118,"column":1}},"line":77},"2":{"name":"Testimonials","decl":{"start":{"line":120,"column":7},"end":{"line":157,"column":1}},"loc":{"start":{"line":120,"column":7},"end":{"line":157,"column":1}},"line":120}},"f":{"0":87,"1":87,"2":29}}
,"/tmp/mvp-v3-b634830a-da6f-446a-af22-0bb1762dc75c-kpSrWw/src/hooks/useActiveSection.ts": {"path":"/tmp/mvp-v3-b634830a-da6f-446a-af22-0bb1762dc75c-kpSrWw/src/hooks/useActiveSection.ts","all":false,"statementMap":{"0":{"start":{"line":1,"column":0},"end":{"line":1,"column":44}},"2":{"start":{"line":3,"column":0},"end":{"line":3,"column":89}},"5":{"start":{"line":6,"column":0},"end":{"line":6,"column":54}},"6":{"start":{"line":7,"column":0},"end":{"line":7,"column":77}},"8":{"start":{"line":9,"column":0},"end":{"line":9,"column":19}},"9":{"start":{"line":10,"column":0},"end":{"line":10,"column":46}},"10":{"start":{"line":11,"column":0},"end":{"line":11,"column":20}},"11":{"start":{"line":12,"column":0},"end":{"line":12,"column":38}},"12":{"start":{"line":13,"column":0},"end":{"line":13,"column":37}},"13":{"start":{"line":14,"column":0},"end":{"line":14,"column":52}},"14":{"start":{"line":15,"column":0},"end":{"line":15,"column":40}},"15":{"start":{"line":16,"column":0},"end":{"line":16,"column":35}},"16":{"start":{"line":17,"column":0},"end":{"line":17,"column":13}},"17":{"start":{"line":18,"column":0},"end":{"line":18,"column":11}},"18":{"start":{"line":19,"column":0},"end":{"line":19,"column":9}},"19":{"start":{"line":20,"column":0},"end":{"line":20,"column":8}},"20":{"start":{"line":21,"column":0},"end":{"line":21,"column":41}},"21":{"start":{"line":22,"column":0},"end":{"line":22,"column":6}},"23":{"start":{"line":24,"column":0},"end":{"line":24,"column":32}},"24":{"start":{"line":25,"column":0},"end":{"line":25,"column":50}},"25":{"start":{"line":26,"column":0},"end":{"line":26,"column":20}},"26":{"start":{"line":27,"column":0},"end":{"line":27,"column":34}},"27":{"start":{"line":28,"column":0},"end":{"line":28,"column":7}},"28":{"start":{"line":29,"column":0},"end":{"line":29,"column":5}},"30":{"start":{"line":31,"column":0},"end":{"line":31,"column":39}},"31":{"start":{"line":32,"column":0},"end":{"line":32,"column":9}},"33":{"start":{"line":34,"column":0},"end":{"line":34,"column":23}},"34":{"start":{"line":35,"column":0},"end":{"line":35,"column":1}}},"s":{"0":1,"2":1,"5":1,"6":21,"8":21,"9":19,"10":19,"11":25,"12":25,"13":25,"14":25,"15":0,"16":0,"17":25,"18":25,"19":25,"20":19,"21":19,"23":19,"24":95,"25":95,"26":25,"27":25,"28":95,"30":19,"31":21,"33":21,"34":21},"branchMap":{"0":{"type":"branch","line":6,"loc":{"start":{"line":6,"column":7},"end":{"line":35,"column":1}},"locations":[{"start":{"line":6,"column":7},"end":{"line":35,"column":1}}]},"1":{"type":"branch","line":9,"loc":{"start":{"line":9,"column":12},"end":{"line":32,"column":5}},"locations":[{"start":{"line":9,"column":12},"end":{"line":32,"column":5}}]},"2":{"type":"branch","line":24,"loc":{"start":{"line":24,"column":31},"end":{"line":29,"column":5}},"locations":[{"start":{"line":24,"column":31},"end":{"line":29,"column":5}}]},"3":{"type":"branch","line":26,"loc":{"start":{"line":26,"column":19},"end":{"line":28,"column":7}},"locations":[{"start":{"line":26,"column":19},"end":{"line":28,"column":7}}]},"4":{"type":"branch","line":11,"loc":{"start":{"line":11,"column":6},"end":{"line":20,"column":8}},"locations":[{"start":{"line":11,"column":6},"end":{"line":20,"column":8}}]},"5":{"type":"branch","line":15,"loc":{"start":{"line":15,"column":39},"end":{"line":17,"column":13}},"locations":[{"start":{"line":15,"column":39},"end":{"line":17,"column":13}}]},"6":{"type":"branch","line":31,"loc":{"start":{"line":31,"column":11},"end":{"line":31,"column":39}},"locations":[{"start":{"line":31,"column":11},"end":{"line":31,"column":39}}]}},"b":{"0":[21],"1":[19],"2":[95],"3":[25],"4":[25],"5":[0],"6":[19]},"fnMap":{"0":{"name":"useActiveSection","decl":{"start":{"line":6,"column":7},"end":{"line":35,"column":1}},"loc":{"start":{"line":6,"column":7},"end":{"line":35,"column":1}},"line":6},"1":{"name":"IntersectionObserver.rootMargin","decl":{"start":{"line":11,"column":6},"end":{"line":20,"column":8}},"loc":{"start":{"line":11,"column":6},"end":{"line":20,"column":8}},"line":11}},"f":{"0":21,"1":25}}
,"/tmp/mvp-v3-b634830a-da6f-446a-af22-0bb1762dc75c-kpSrWw/src/hooks/useScrollAnimation.ts": {"path":"/tmp/mvp-v3-b634830a-da6f-446a-af22-0bb1762dc75c-kpSrWw/src/hooks/useScrollAnimation.ts","all":false,"statementMap":{"0":{"start":{"line":1,"column":0},"end":{"line":1,"column":65}},"8":{"start":{"line":9,"column":0},"end":{"line":9,"column":42}},"9":{"start":{"line":10,"column":0},"end":{"line":10,"column":71}},"10":{"start":{"line":11,"column":0},"end":{"line":11,"column":1}},"12":{"start":{"line":13,"column":0},"end":{"line":13,"column":75}},"13":{"start":{"line":14,"column":0},"end":{"line":14,"column":41}},"14":{"start":{"line":15,"column":0},"end":{"line":15,"column":3}},"15":{"start":{"line":16,"column":0},"end":{"line":16,"column":93}},"16":{"start":{"line":17,"column":0},"end":{"line":17,"column":52}},"17":{"start":{"line":18,"column":0},"end":{"line":18,"column":77}},"18":{"start":{"line":19,"column":0},"end":{"line":19,"column":30}},"19":{"start":{"line":20,"column":0},"end":{"line":20,"column":64}},"22":{"start":{"line":23,"column":0},"end":{"line":23,"column":19}},"23":{"start":{"line":24,"column":0},"end":{"line":24,"column":77}},"24":{"start":{"line":25,"column":0},"end":{"line":25,"column":54}},"25":{"start":{"line":26,"column":0},"end":{"line":26,"column":35}},"26":{"start":{"line":27,"column":0},"end":{"line":27,"column":6}},"27":{"start":{"line":28,"column":0},"end":{"line":28,"column":56}},"28":{"start":{"line":29,"column":0},"end":{"line":29,"column":72}},"29":{"start":{"line":30,"column":0},"end":{"line":30,"column":9}},"31":{"start":{"line":32,"column":0},"end":{"line":32,"column":41}},"32":{"start":{"line":33,"column":0},"end":{"line":33,"column":47}},"33":{"start":{"line":34,"column":0},"end":{"line":34,"column":30}},"34":{"start":{"line":35,"column":0},"end":{"line":35,"column":34}},"35":{"start":{"line":36,"column":0},"end":{"line":36,"column":27}},"36":{"start":{"line":37,"column":0},"end":{"line":37,"column":26}},"37":{"start":{"line":38,"column":0},"end":{"line":38,"column":44}},"38":{"start":{"line":39,"column":0},"end":{"line":39,"column":9}},"39":{"start":{"line":40,"column":0},"end":{"line":40,"column":32}},"40":{"start":{"line":41,"column":0},"end":{"line":41,"column":28}},"41":{"start":{"line":42,"column":0},"end":{"line":42,"column":7}},"42":{"start":{"line":43,"column":0},"end":{"line":43,"column":6}},"43":{"start":{"line":44,"column":0},"end":{"line":44,"column":17}},"44":{"start":{"line":45,"column":0},"end":{"line":45,"column":4}},"46":{"start":{"line":47,"column":0},"end":{"line":47,"column":19}},"47":{"start":{"line":48,"column":0},"end":{"line":48,"column":32}},"48":{"start":{"line":49,"column":0},"end":{"line":49,"column":25}},"51":{"start":{"line":52,"column":0},"end":{"line":52,"column":25}},"52":{"start":{"line":53,"column":0},"end":{"line":53,"column":25}},"53":{"start":{"line":54,"column":0},"end":{"line":54,"column":13}},"54":{"start":{"line":55,"column":0},"end":{"line":55,"column":5}},"56":{"start":{"line":57,"column":0},"end":{"line":57,"column":72}},"57":{"start":{"line":58,"column":0},"end":{"line":58,"column":16}},"58":{"start":{"line":59,"column":0},"end":{"line":59,"column":17}},"59":{"start":{"line":60,"column":0},"end":{"line":60,"column":7}},"61":{"start":{"line":62,"column":0},"end":{"line":62,"column":41}},"63":{"start":{"line":64,"column":0},"end":{"line":64,"column":18}},"64":{"start":{"line":65,"column":0},"end":{"line":65,"column":40}},"65":{"start":{"line":66,"column":0},"end":{"line":66,"column":6}},"66":{"start":{"line":67,"column":0},"end":{"line":67,"column":66}},"68":{"start":{"line":69,"column":0},"end":{"line":69,"column":44}},"69":{"start":{"line":70,"column":0},"end":{"line":70,"column":1}}},"s":{"0":1,"8":276,"9":276,"10":276,"12":1,"13":541,"14":541,"15":541,"16":541,"17":541,"18":541,"19":541,"22":541,"23":276,"24":276,"25":0,"26":0,"27":276,"28":276,"29":541,"31":541,"32":541,"33":271,"34":271,"35":271,"36":271,"37":271,"38":271,"39":271,"40":0,"41":0,"42":271,"43":541,"44":541,"46":541,"47":276,"48":276,"51":272,"52":0,"53":0,"54":0,"56":271,"57":271,"58":271,"59":271,"61":271,"63":271,"64":271,"65":271,"66":541,"68":541,"69":541},"branchMap":{"0":{"type":"branch","line":9,"loc":{"start":{"line":9,"column":0},"end":{"line":11,"column":1}},"locations":[{"start":{"line":9,"column":0},"end":{"line":11,"column":1}}]},"1":{"type":"branch","line":13,"loc":{"start":{"line":13,"column":7},"end":{"line":70,"column":1}},"locations":[{"start":{"line":13,"column":7},"end":{"line":70,"column":1}}]},"2":{"type":"branch","line":23,"loc":{"start":{"line":23,"column":12},"end":{"line":30,"column":5}},"locations":[{"start":{"line":23,"column":12},"end":{"line":30,"column":5}}]},"3":{"type":"branch","line":29,"loc":{"start":{"line":29,"column":11},"end":{"line":29,"column":72}},"locations":[{"start":{"line":29,"column":11},"end":{"line":29,"column":72}}]},"4":{"type":"branch","line":33,"loc":{"start":{"line":33,"column":4},"end":{"line":43,"column":6}},"locations":[{"start":{"line":33,"column":4},"end":{"line":43,"column":6}}]},"5":{"type":"branch","line":40,"loc":{"start":{"line":40,"column":6},"end":{"line":42,"column":7}},"locations":[{"start":{"line":40,"column":6},"end":{"line":42,"column":7}}]},"6":{"type":"branch","line":47,"loc":{"start":{"line":47,"column":12},"end":{"line":67,"column":5}},"locations":[{"start":{"line":47,"column":12},"end":{"line":67,"column":5}}]},"7":{"type":"branch","line":49,"loc":{"start":{"line":49,"column":18},"end":{"line":49,"column":25}},"locations":[{"start":{"line":49,"column":18},"end":{"line":49,"column":25}}]},"8":{"type":"branch","line":49,"loc":{"start":{"line":49,"column":18},"end":{"line":66,"column":6}},"locations":[{"start":{"line":49,"column":18},"end":{"line":66,"column":6}}]},"9":{"type":"branch","line":49,"loc":{"start":{"line":49,"column":18},"end":{"line":52,"column":24}},"locations":[{"start":{"line":49,"column":18},"end":{"line":52,"column":24}}]},"10":{"type":"branch","line":52,"loc":{"start":{"line":52,"column":24},"end":{"line":55,"column":5}},"locations":[{"start":{"line":52,"column":24},"end":{"line":55,"column":5}}]},"11":{"type":"branch","line":55,"loc":{"start":{"line":55,"column":4},"end":{"line":66,"column":6}},"locations":[{"start":{"line":55,"column":4},"end":{"line":66,"column":6}}]},"12":{"type":"branch","line":64,"loc":{"start":{"line":64,"column":11},"end":{"line":66,"column":6}},"locations":[{"start":{"line":64,"column":11},"end":{"line":66,"column":6}}]}},"b":{"0":[276],"1":[541],"2":[276],"3":[276],"4":[271],"5":[0],"6":[276],"7":[5],"8":[272],"9":[271],"10":[0],"11":[271],"12":[271]},"fnMap":{"0":{"name":"prefersReducedMotion","decl":{"start":{"line":9,"column":0},"end":{"line":11,"column":1}},"loc":{"start":{"line":9,"column":0},"end":{"line":11,"column":1}},"line":9},"1":{"name":"useScrollAnimation","decl":{"start":{"line":13,"column":7},"end":{"line":70,"column":1}},"loc":{"start":{"line":13,"column":7},"end":{"line":70,"column":1}},"line":13},"2":{"name":"handleChange","decl":{"start":{"line":25,"column":25},"end":{"line":27,"column":6}},"loc":{"start":{"line":25,"column":25},"end":{"line":27,"column":6}},"line":25}},"f":{"0":276,"1":541,"2":0}}
,"/tmp/mvp-v3-b634830a-da6f-446a-af22-0bb1762dc75c-kpSrWw/src/hooks/useScrollPosition.ts": {"path":"/tmp/mvp-v3-b634830a-da6f-446a-af22-0bb1762dc75c-kpSrWw/src/hooks/useScrollPosition.ts","all":false,"statementMap":{"0":{"start":{"line":1,"column":0},"end":{"line":1,"column":65}},"13":{"start":{"line":14,"column":0},"end":{"line":14,"column":34}},"14":{"start":{"line":15,"column":0},"end":{"line":15,"column":40}},"15":{"start":{"line":16,"column":0},"end":{"line":16,"column":19}},"16":{"start":{"line":17,"column":0},"end":{"line":17,"column":45}},"17":{"start":{"line":18,"column":0},"end":{"line":18,"column":60}},"18":{"start":{"line":19,"column":0},"end":{"line":19,"column":15}},"19":{"start":{"line":20,"column":0},"end":{"line":20,"column":16}},"20":{"start":{"line":21,"column":0},"end":{"line":21,"column":22}},"21":{"start":{"line":22,"column":0},"end":{"line":22,"column":5}},"22":{"start":{"line":23,"column":0},"end":{"line":23,"column":35}},"23":{"start":{"line":24,"column":0},"end":{"line":24,"column":32}},"25":{"start":{"line":26,"column":0},"end":{"line":26,"column":44}},"26":{"start":{"line":27,"column":0},"end":{"line":27,"column":37}},"27":{"start":{"line":28,"column":0},"end":{"line":28,"column":21}},"28":{"start":{"line":29,"column":0},"end":{"line":29,"column":65}},"29":{"start":{"line":30,"column":0},"end":{"line":30,"column":25}},"30":{"start":{"line":31,"column":0},"end":{"line":31,"column":71}},"32":{"start":{"line":33,"column":0},"end":{"line":33,"column":17}},"33":{"start":{"line":34,"column":0},"end":{"line":34,"column":25}},"34":{"start":{"line":35,"column":0},"end":{"line":35,"column":30}},"35":{"start":{"line":36,"column":0},"end":{"line":36,"column":48}},"36":{"start":{"line":37,"column":0},"end":{"line":37,"column":7}},"37":{"start":{"line":38,"column":0},"end":{"line":38,"column":28}},"38":{"start":{"line":39,"column":0},"end":{"line":39,"column":26}},"40":{"start":{"line":41,"column":0},"end":{"line":41,"column":19}},"41":{"start":{"line":42,"column":0},"end":{"line":42,"column":35}},"42":{"start":{"line":43,"column":0},"end":{"line":43,"column":29}},"43":{"start":{"line":44,"column":0},"end":{"line":44,"column":31}},"44":{"start":{"line":45,"column":0},"end":{"line":45,"column":63}},"45":{"start":{"line":46,"column":0},"end":{"line":46,"column":7}},"46":{"start":{"line":47,"column":0},"end":{"line":47,"column":5}},"48":{"start":{"line":49,"column":0},"end":{"line":49,"column":71}},"49":{"start":{"line":50,"column":0},"end":{"line":50,"column":18}},"50":{"start":{"line":51,"column":0},"end":{"line":51,"column":57}},"51":{"start":{"line":52,"column":0},"end":{"line":52,"column":27}},"52":{"start":{"line":53,"column":0},"end":{"line":53,"column":45}},"53":{"start":{"line":54,"column":0},"end":{"line":54,"column":7}},"54":{"start":{"line":55,"column":0},"end":{"line":55,"column":6}},"55":{"start":{"line":56,"column":0},"end":{"line":56,"column":23}},"57":{"start":{"line":58,"column":0},"end":{"line":58,"column":18}},"58":{"start":{"line":59,"column":0},"end":{"line":59,"column":1}}},"s":{"0":1,"13":1,"14":30,"15":30,"16":30,"17":30,"18":30,"19":30,"20":30,"21":30,"22":30,"23":30,"25":30,"26":6,"27":6,"28":6,"29":6,"30":6,"32":6,"33":6,"34":6,"35":6,"36":6,"37":6,"38":30,"40":30,"41":24,"42":6,"43":6,"44":6,"45":6,"46":6,"48":24,"49":24,"50":24,"51":24,"52":6,"53":6,"54":24,"55":30,"57":30,"58":30},"branchMap":{"0":{"type":"branch","line":14,"loc":{"start":{"line":14,"column":7},"end":{"line":59,"column":1}},"locations":[{"start":{"line":14,"column":7},"end":{"line":59,"column":1}}]},"1":{"type":"branch","line":26,"loc":{"start":{"line":26,"column":37},"end":{"line":39,"column":5}},"locations":[{"start":{"line":26,"column":37},"end":{"line":39,"column":5}}]},"2":{"type":"branch","line":31,"loc":{"start":{"line":31,"column":18},"end":{"line":31,"column":69}},"locations":[{"start":{"line":31,"column":18},"end":{"line":31,"column":69}}]},"3":{"type":"branch","line":31,"loc":{"start":{"line":31,"column":65},"end":{"line":31,"column":71}},"locations":[{"start":{"line":31,"column":65},"end":{"line":31,"column":71}}]},"4":{"type":"branch","line":41,"loc":{"start":{"line":41,"column":12},"end":{"line":56,"column":5}},"locations":[{"start":{"line":41,"column":12},"end":{"line":56,"column":5}}]},"5":{"type":"branch","line":42,"loc":{"start":{"line":42,"column":4},"end":{"line":47,"column":5}},"locations":[{"start":{"line":42,"column":4},"end":{"line":47,"column":5}}]},"6":{"type":"branch","line":50,"loc":{"start":{"line":50,"column":11},"end":{"line":55,"column":6}},"locations":[{"start":{"line":50,"column":11},"end":{"line":55,"column":6}}]},"7":{"type":"branch","line":52,"loc":{"start":{"line":52,"column":26},"end":{"line":54,"column":7}},"locations":[{"start":{"line":52,"column":26},"end":{"line":54,"column":7}}]}},"b":{"0":[30],"1":[6],"2":[4],"3":[2],"4":[24],"5":[6],"6":[24],"7":[6]},"fnMap":{"0":{"name":"useScrollPosition","decl":{"start":{"line":14,"column":7},"end":{"line":59,"column":1}},"loc":{"start":{"line":14,"column":7},"end":{"line":59,"column":1}},"line":14},"1":{"name":"handleScroll","decl":{"start":{"line":42,"column":4},"end":{"line":47,"column":5}},"loc":{"start":{"line":42,"column":4},"end":{"line":47,"column":5}},"line":42}},"f":{"0":30,"1":6}}
}
